C:\GABEMODPLUS\SRC\GAME\SERVER\RELEASE_HL2MP\SERVER HL2MP.PCH
C:\GABEMODPLUS\SRC\GAME\SERVER\RELEASE_HL2MP\STDAFX.OBJ
C:\GABEMODPLUS\SRC\GAME\SERVER\RELEASE_HL2MP\VC110.PDB
C:\GABEMODPLUS\SRC\GAME\SERVER\RELEASE_HL2MP\AI_BASENPC.OBJ
C:\GABEMODPLUS\SRC\GAME\SERVER\RELEASE_HL2MP\AI_SENSES.OBJ
C:\GABEMODPLUS\SRC\GAME\SERVER\RELEASE_HL2MP\AI_UTILS.OBJ
C:\GABEMODPLUS\SRC\GAME\SERVER\RELEASE_HL2MP\BASEGRENADE_CONCUSSION.OBJ
C:\GABEMODPLUS\SRC\GAME\SERVER\RELEASE_HL2MP\BASEGRENADE_CONTACT.OBJ
C:\GABEMODPLUS\SRC\GAME\SERVER\RELEASE_HL2MP\BASEGRENADE_TIMED.OBJ
C:\GABEMODPLUS\SRC\GAME\SERVER\RELEASE_HL2MP\BASEVIEWMODEL_SHARED.OBJ
C:\GABEMODPLUS\SRC\GAME\SERVER\RELEASE_HL2MP\CBASE.OBJ
C:\GABEMODPLUS\SRC\GAME\SERVER\RELEASE_HL2MP\DEATH_POSE.OBJ
C:\GABEMODPLUS\SRC\GAME\SERVER\RELEASE_HL2MP\EFFECT_DISPATCH_DATA.OBJ
C:\GABEMODPLUS\SRC\GAME\SERVER\RELEASE_HL2MP\EFFECTSSERVER.OBJ
C:\GABEMODPLUS\SRC\GAME\SERVER\RELEASE_HL2MP\ENTITYFLAME.OBJ
C:\GABEMODPLUS\SRC\GAME\SERVER\RELEASE_HL2MP\EXPLODE.OBJ
C:\GABEMODPLUS\SRC\GAME\SERVER\RELEASE_HL2MP\GAMESTRINGPOOL.OBJ
C:\GABEMODPLUS\SRC\GAME\SERVER\RELEASE_HL2MP\GIB.OBJ
C:\GABEMODPLUS\SRC\GAME\SERVER\RELEASE_HL2MP\INFO_CAMERA_LINK.OBJ
C:\GABEMODPLUS\SRC\GAME\SERVER\RELEASE_HL2MP\LOGIC_MEASURE_MOVEMENT.OBJ
C:\GABEMODPLUS\SRC\GAME\SERVER\RELEASE_HL2MP\LOGICENTITIES.OBJ
C:\GABEMODPLUS\SRC\GAME\SERVER\RELEASE_HL2MP\NAV_MESH.OBJ
C:\GABEMODPLUS\SRC\GAME\SERVER\RELEASE_HL2MP\PHYSCONSTRAINT.OBJ
C:\GABEMODPLUS\SRC\GAME\SERVER\RELEASE_HL2MP\PHYSICS_SHARED.OBJ
C:\GABEMODPLUS\SRC\GAME\SERVER\RELEASE_HL2MP\PLAYER.OBJ
C:\GABEMODPLUS\SRC\GAME\SERVER\RELEASE_HL2MP\BASETEMPENTITY.OBJ
C:\GABEMODPLUS\SRC\GAME\SERVER\RELEASE_HL2MP\MOVIE_EXPLOSION.OBJ
C:\GABEMODPLUS\SRC\GAME\SERVER\RELEASE_HL2MP\SPRITETRAIL.OBJ
C:\GABEMODPLUS\SRC\GAME\SERVER\RELEASE_HL2MP\TE_BEAMPOINTS.OBJ
C:\GABEMODPLUS\SRC\GAME\SERVER\RELEASE_HL2MP\TE_BREAKMODEL.OBJ
C:\GABEMODPLUS\SRC\GAME\SERVER\RELEASE_HL2MP\TE_FOOTPRINTDECAL.OBJ
C:\GABEMODPLUS\SRC\GAME\SERVER\RELEASE_HL2MP\TE_PARTICLESYSTEM.OBJ
C:\GABEMODPLUS\SRC\GAME\SERVER\RELEASE_HL2MP\TE_SMOKE.OBJ
C:\GABEMODPLUS\SRC\GAME\SERVER\RELEASE_HL2MP\AI_BEHAVIOR_HOLSTER.OBJ
C:\GABEMODPLUS\SRC\GAME\SERVER\RELEASE_HL2MP\ENV_HEADCRABCANISTER.OBJ
C:\GABEMODPLUS\SRC\GAME\SERVER\RELEASE_HL2MP\ITEM_BATTERY.OBJ
C:\GABEMODPLUS\SRC\GAME\SERVER\RELEASE_HL2MP\NPC_ATTACKCHOPPER.OBJ
C:\GABEMODPLUS\SRC\GAME\SERVER\RELEASE_HL2MP\NPC_CROW.OBJ
C:\GABEMODPLUS\SRC\GAME\SERVER\RELEASE_HL2MP\NPC_HEADCRAB.OBJ
C:\GABEMODPLUS\SRC\GAME\SERVER\RELEASE_HL2MP\NPC_SCANNER.OBJ
C:\GABEMODPLUS\SRC\GAME\SERVER\RELEASE_HL2MP\HL2MP_CLIENT.OBJ
C:\GABEMODPLUS\SRC\GAME\SERVER\RELEASE_HL2MP\WEAPON_AR2.OBJ
C:\GABEMODPLUS\SRC\GAME\SERVER\RELEASE_HL2MP\WEAPON_SHOTGUN.OBJ
C:\GABEMODPLUS\SRC\GAME\SERVER\RELEASE_HL2MP\AI_BASENPC_FLYER.OBJ
C:\GABEMODPLUS\SRC\GAME\SERVER\RELEASE_HL2MP\AI_BEHAVIOR_STANDOFF.OBJ
C:\GABEMODPLUS\SRC\GAME\SERVER\RELEASE_HL2MP\AI_LINK.OBJ
C:\GABEMODPLUS\SRC\GAME\SERVER\RELEASE_HL2MP\AI_LOOKTARGET.OBJ
C:\GABEMODPLUS\SRC\GAME\SERVER\RELEASE_HL2MP\AI_MOVESHOOT.OBJ
C:\GABEMODPLUS\SRC\GAME\SERVER\RELEASE_HL2MP\AI_RELATIONSHIP.OBJ
C:\GABEMODPLUS\SRC\GAME\SERVER\RELEASE_HL2MP\AI_SENTENCE.OBJ
C:\GABEMODPLUS\SRC\GAME\SERVER\RELEASE_HL2MP\AI_WAYPOINT.OBJ
C:\GABEMODPLUS\SRC\GAME\SERVER\RELEASE_HL2MP\BASE_PLAYERANIMSTATE.OBJ
C:\GABEMODPLUS\SRC\GAME\SERVER\RELEASE_HL2MP\BASEENTITY.OBJ
C:\GABEMODPLUS\SRC\GAME\SERVER\RELEASE_HL2MP\ENV_TONEMAP_CONTROLLER.OBJ
C:\GABEMODPLUS\SRC\GAME\SERVER\RELEASE_HL2MP\ENVMICROPHONE.OBJ
C:\GABEMODPLUS\SRC\GAME\SERVER\RELEASE_HL2MP\FUNC_AREAPORTAL.OBJ
C:\GABEMODPLUS\SRC\GAME\SERVER\RELEASE_HL2MP\FUNC_DUST.OBJ
C:\GABEMODPLUS\SRC\GAME\SERVER\RELEASE_HL2MP\FUNC_SMOKEVOLUME.OBJ
C:\GABEMODPLUS\SRC\GAME\SERVER\RELEASE_HL2MP\GAMEVARS_SHARED.OBJ
C:\GABEMODPLUS\SRC\GAME\SERVER\RELEASE_HL2MP\GAMEWEAPONMANAGER.OBJ
C:\GABEMODPLUS\SRC\GAME\SERVER\RELEASE_HL2MP\H_AI.OBJ
C:\GABEMODPLUS\SRC\GAME\SERVER\RELEASE_HL2MP\HINTMESSAGE.OBJ
C:\GABEMODPLUS\SRC\GAME\SERVER\RELEASE_HL2MP\IGAMESYSTEM.OBJ
C:\GABEMODPLUS\SRC\GAME\SERVER\RELEASE_HL2MP\ITEM_WORLD.OBJ
C:\GABEMODPLUS\SRC\GAME\SERVER\RELEASE_HL2MP\NAV_LADDER.OBJ
C:\GABEMODPLUS\SRC\GAME\SERVER\RELEASE_HL2MP\PARTICLE_PARSE.OBJ
C:\GABEMODPLUS\SRC\GAME\SERVER\RELEASE_HL2MP\PLAYERLOCALDATA.OBJ
C:\GABEMODPLUS\SRC\GAME\SERVER\RELEASE_HL2MP\POINTANGLESENSOR.OBJ
C:\GABEMODPLUS\SRC\GAME\SERVER\RELEASE_HL2MP\RAGDOLL_SHARED.OBJ
C:\GABEMODPLUS\SRC\GAME\SERVER\RELEASE_HL2MP\SENDPROXY.OBJ
C:\GABEMODPLUS\SRC\GAME\SERVER\RELEASE_HL2MP\SIMTIMER.OBJ
C:\GABEMODPLUS\SRC\GAME\SERVER\RELEASE_HL2MP\SINGLEPLAY_GAMERULES.OBJ
C:\GABEMODPLUS\SRC\GAME\SERVER\RELEASE_HL2MP\SOUNDPARAMETERSINTERNAL.OBJ
C:\GABEMODPLUS\SRC\GAME\SERVER\RELEASE_HL2MP\SOUNDSCAPE_SYSTEM.OBJ
C:\GABEMODPLUS\SRC\GAME\SERVER\RELEASE_HL2MP\TEAMPLAY_GAMERULES.OBJ
C:\GABEMODPLUS\SRC\GAME\SERVER\RELEASE_HL2MP\UTIL.OBJ
C:\GABEMODPLUS\SRC\GAME\SERVER\RELEASE_HL2MP\SMOKE_TRAIL.OBJ
C:\GABEMODPLUS\SRC\GAME\SERVER\RELEASE_HL2MP\TE_BUBBLETRAIL.OBJ
C:\GABEMODPLUS\SRC\GAME\SERVER\RELEASE_HL2MP\TE_FIZZ.OBJ
C:\GABEMODPLUS\SRC\GAME\SERVER\RELEASE_HL2MP\TE_MUZZLEFLASH.OBJ
C:\GABEMODPLUS\SRC\GAME\SERVER\RELEASE_HL2MP\TE_SPRITESPRAY.OBJ
C:\GABEMODPLUS\SRC\GAME\SERVER\RELEASE_HL2MP\AI_GOAL_POLICE.OBJ
C:\GABEMODPLUS\SRC\GAME\SERVER\RELEASE_HL2MP\BASEHLCOMBATWEAPON.OBJ
C:\GABEMODPLUS\SRC\GAME\SERVER\RELEASE_HL2MP\ENV_STARFIELD.OBJ
C:\GABEMODPLUS\SRC\GAME\SERVER\RELEASE_HL2MP\GRENADE_BUGBAIT.OBJ
C:\GABEMODPLUS\SRC\GAME\SERVER\RELEASE_HL2MP\LOOK_DOOR.OBJ
C:\GABEMODPLUS\SRC\GAME\SERVER\RELEASE_HL2MP\NPC_BARNEY.OBJ
C:\GABEMODPLUS\SRC\GAME\SERVER\RELEASE_HL2MP\NPC_GMAN.OBJ
C:\GABEMODPLUS\SRC\GAME\SERVER\RELEASE_HL2MP\NPC_STRIDER.OBJ
C:\GABEMODPLUS\SRC\GAME\SERVER\RELEASE_HL2MP\GRENADE_BEAM.OBJ
C:\GABEMODPLUS\SRC\GAME\SERVER\RELEASE_HL2MP\GRENADE_PATHFOLLOWER.OBJ
C:\GABEMODPLUS\SRC\GAME\SERVER\RELEASE_HL2MP\HL2MP_PLAYER_SHARED.OBJ
C:\GABEMODPLUS\SRC\GAME\SERVER\RELEASE_HL2MP\WEAPON_FRAG.OBJ
C:\GABEMODPLUS\SRC\GAME\SERVER\RELEASE_HL2MP\PLAYERINFOMANAGER.OBJ
C:\GABEMODPLUS\SRC\GAME\SERVER\RELEASE_HL2MP\WEAPON_HAX.OBJ
C:\GABEMODPLUS\SRC\GAME\SERVER\RELEASE_HL2MP\TOOLFRAMEWORK_SERVER.OBJ
C:\GABEMODPLUS\SRC\GAME\SERVER\RELEASE_HL2MP\AI_BASENPC_PHYSICSFLYER.OBJ
C:\GABEMODPLUS\SRC\GAME\SERVER\RELEASE_HL2MP\AI_BEHAVIOR_LEAD.OBJ
C:\GABEMODPLUS\SRC\GAME\SERVER\RELEASE_HL2MP\AI_SCHEDULE.OBJ
C:\GABEMODPLUS\SRC\GAME\SERVER\RELEASE_HL2MP\AI_TRACKPATHER.OBJ
C:\GABEMODPLUS\SRC\GAME\SERVER\RELEASE_HL2MP\BASEFLEX.OBJ
C:\GABEMODPLUS\SRC\GAME\SERVER\RELEASE_HL2MP\ENV_DETAIL_CONTROLLER.OBJ
C:\GABEMODPLUS\SRC\GAME\SERVER\RELEASE_HL2MP\ENV_PARTICLESCRIPT.OBJ
C:\GABEMODPLUS\SRC\GAME\SERVER\RELEASE_HL2MP\ENV_TEXTURETOGGLE.OBJ
C:\GABEMODPLUS\SRC\GAME\SERVER\RELEASE_HL2MP\ENVBEAM.OBJ
C:\GABEMODPLUS\SRC\GAME\SERVER\RELEASE_HL2MP\EVENTLOG.OBJ
C:\GABEMODPLUS\SRC\GAME\SERVER\RELEASE_HL2MP\FOURWHEELVEHICLEPHYSICS.OBJ
C:\GABEMODPLUS\SRC\GAME\SERVER\RELEASE_HL2MP\GLOBALSTATE.OBJ
C:\GABEMODPLUS\SRC\GAME\SERVER\RELEASE_HL2MP\HLTVDIRECTOR.OBJ
C:\GABEMODPLUS\SRC\GAME\SERVER\RELEASE_HL2MP\LIGHTGLOW.OBJ
C:\GABEMODPLUS\SRC\GAME\SERVER\RELEASE_HL2MP\LOGICRELAY.OBJ
C:\GABEMODPLUS\SRC\GAME\SERVER\RELEASE_HL2MP\MONSTERMAKER.OBJ
C:\GABEMODPLUS\SRC\GAME\SERVER\RELEASE_HL2MP\PATHCORNER.OBJ
C:\GABEMODPLUS\SRC\GAME\SERVER\RELEASE_HL2MP\PHYSICS.OBJ
C:\GABEMODPLUS\SRC\GAME\SERVER\RELEASE_HL2MP\POINT_BONUSMAPS_ACCESSOR.OBJ
C:\GABEMODPLUS\SRC\GAME\SERVER\RELEASE_HL2MP\POINTANGULARVELOCITYSENSOR.OBJ
C:\GABEMODPLUS\SRC\GAME\SERVER\RELEASE_HL2MP\PROPS_SHARED.OBJ
C:\GABEMODPLUS\SRC\GAME\SERVER\RELEASE_HL2MP\SHADOWCONTROL.OBJ
C:\GABEMODPLUS\SRC\GAME\SERVER\RELEASE_HL2MP\SLIDESHOW_DISPLAY.OBJ
C:\GABEMODPLUS\SRC\GAME\SERVER\RELEASE_HL2MP\STUDIO_SHARED.OBJ
C:\GABEMODPLUS\SRC\GAME\SERVER\RELEASE_HL2MP\SUN.OBJ
C:\GABEMODPLUS\SRC\GAME\SERVER\RELEASE_HL2MP\TEST_STRESSENTITIES.OBJ
C:\GABEMODPLUS\SRC\GAME\SERVER\RELEASE_HL2MP\VEHICLE_BASE.OBJ
C:\GABEMODPLUS\SRC\GAME\SERVER\RELEASE_HL2MP\TE_GLASSSHATTER.OBJ
C:\GABEMODPLUS\SRC\GAME\SERVER\RELEASE_HL2MP\TE_SPRITE.OBJ
C:\GABEMODPLUS\SRC\GAME\SERVER\RELEASE_HL2MP\ANTLION_DUST.OBJ
C:\GABEMODPLUS\SRC\GAME\SERVER\RELEASE_HL2MP\BASEBLUDGEONWEAPON.OBJ
C:\GABEMODPLUS\SRC\GAME\SERVER\RELEASE_HL2MP\CBASESPRITEPROJECTILE.OBJ
C:\GABEMODPLUS\SRC\GAME\SERVER\RELEASE_HL2MP\ENV_ALYXEMP.OBJ
C:\GABEMODPLUS\SRC\GAME\SERVER\RELEASE_HL2MP\GRENADE_AR2.OBJ
C:\GABEMODPLUS\SRC\GAME\SERVER\RELEASE_HL2MP\HL2_PLAYERLOCALDATA.OBJ
C:\GABEMODPLUS\SRC\GAME\SERVER\RELEASE_HL2MP\INFO_TELEPORTER_COUNTDOWN.OBJ
C:\GABEMODPLUS\SRC\GAME\SERVER\RELEASE_HL2MP\ITEM_DYNAMIC_RESUPPLY.OBJ
C:\GABEMODPLUS\SRC\GAME\SERVER\RELEASE_HL2MP\NPC_ALYX.OBJ
C:\GABEMODPLUS\SRC\GAME\SERVER\RELEASE_HL2MP\NPC_ENEMYFINDER.OBJ
C:\GABEMODPLUS\SRC\GAME\SERVER\RELEASE_HL2MP\NPC_MANHACK.OBJ
C:\GABEMODPLUS\SRC\GAME\SERVER\RELEASE_HL2MP\NPC_TURRET_FLOOR.OBJ
C:\GABEMODPLUS\SRC\GAME\SERVER\RELEASE_HL2MP\SCRIPT_INTRO.OBJ
C:\GABEMODPLUS\SRC\GAME\SERVER\RELEASE_HL2MP\WEAPON_BUGBAIT.OBJ
C:\GABEMODPLUS\SRC\GAME\SERVER\RELEASE_HL2MP\WEAPON_HL2MPBASE.OBJ
C:\GABEMODPLUS\SRC\GAME\SERVER\RELEASE_HL2MP\WEAPON_SMG1.OBJ
C:\GABEMODPLUS\SRC\GAME\SERVER\RELEASE_HL2MP\AI_ACTIVITY.OBJ
C:\GABEMODPLUS\SRC\GAME\SERVER\RELEASE_HL2MP\AI_ROUTE.OBJ
C:\GABEMODPLUS\SRC\GAME\SERVER\RELEASE_HL2MP\AI_SQUADSLOT.OBJ
C:\GABEMODPLUS\SRC\GAME\SERVER\RELEASE_HL2MP\BASE_TRANSMIT_PROXY.OBJ
C:\GABEMODPLUS\SRC\GAME\SERVER\RELEASE_HL2MP\BASEANIMATING.OBJ
C:\GABEMODPLUS\SRC\GAME\SERVER\RELEASE_HL2MP\CONTROLENTITIES.OBJ
C:\GABEMODPLUS\SRC\GAME\SERVER\RELEASE_HL2MP\EFFECTS.OBJ
C:\GABEMODPLUS\SRC\GAME\SERVER\RELEASE_HL2MP\FOGCONTROLLER.OBJ
C:\GABEMODPLUS\SRC\GAME\SERVER\RELEASE_HL2MP\FUNC_LOD.OBJ
C:\GABEMODPLUS\SRC\GAME\SERVER\RELEASE_HL2MP\FUNC_MONITOR.OBJ
C:\GABEMODPLUS\SRC\GAME\SERVER\RELEASE_HL2MP\GAMESTATS.OBJ
C:\GABEMODPLUS\SRC\GAME\SERVER\RELEASE_HL2MP\LOGICAUTO.OBJ
C:\GABEMODPLUS\SRC\GAME\SERVER\RELEASE_HL2MP\MATERIALMODIFYCONTROL.OBJ
C:\GABEMODPLUS\SRC\GAME\SERVER\RELEASE_HL2MP\MOVEMENT.OBJ
C:\GABEMODPLUS\SRC\GAME\SERVER\RELEASE_HL2MP\NAV_GENERATE.OBJ
C:\GABEMODPLUS\SRC\GAME\SERVER\RELEASE_HL2MP\PARTICLE_SYSTEM.OBJ
C:\GABEMODPLUS\SRC\GAME\SERVER\RELEASE_HL2MP\PLAYER_COMMAND.OBJ
C:\GABEMODPLUS\SRC\GAME\SERVER\RELEASE_HL2MP\POINT_POSECONTROLLER.OBJ
C:\GABEMODPLUS\SRC\GAME\SERVER\RELEASE_HL2MP\PREDICTABLEID.OBJ
C:\GABEMODPLUS\SRC\GAME\SERVER\RELEASE_HL2MP\RECIPIENTFILTER.OBJ
C:\GABEMODPLUS\SRC\GAME\SERVER\RELEASE_HL2MP\SCENEENTITY.OBJ
C:\GABEMODPLUS\SRC\GAME\SERVER\RELEASE_HL2MP\PARTICLE_SMOKEGRENADE.OBJ
C:\GABEMODPLUS\SRC\GAME\SERVER\RELEASE_HL2MP\STEAMJET.OBJ
C:\GABEMODPLUS\SRC\GAME\SERVER\RELEASE_HL2MP\TE_BEAMFOLLOW.OBJ
C:\GABEMODPLUS\SRC\GAME\SERVER\RELEASE_HL2MP\TE_BLOODSPRITE.OBJ
C:\GABEMODPLUS\SRC\GAME\SERVER\RELEASE_HL2MP\TE_DECAL.OBJ
C:\GABEMODPLUS\SRC\GAME\SERVER\RELEASE_HL2MP\TE_LARGEFUNNEL.OBJ
C:\GABEMODPLUS\SRC\GAME\SERVER\RELEASE_HL2MP\TE_WORLDDECAL.OBJ
C:\GABEMODPLUS\SRC\GAME\SERVER\RELEASE_HL2MP\AI_BEHAVIOR_FUNCTANK.OBJ
C:\GABEMODPLUS\SRC\GAME\SERVER\RELEASE_HL2MP\FUNC_RECHARGE.OBJ
C:\GABEMODPLUS\SRC\GAME\SERVER\RELEASE_HL2MP\GRENADE_FRAG.OBJ
C:\GABEMODPLUS\SRC\GAME\SERVER\RELEASE_HL2MP\HL2_TRIGGERS.OBJ
C:\GABEMODPLUS\SRC\GAME\SERVER\RELEASE_HL2MP\ITEM_SUIT.OBJ
C:\GABEMODPLUS\SRC\GAME\SERVER\RELEASE_HL2MP\NPC_APCDRIVER.OBJ
C:\GABEMODPLUS\SRC\GAME\SERVER\RELEASE_HL2MP\NPC_COMBINECAMERA.OBJ
C:\GABEMODPLUS\SRC\GAME\SERVER\RELEASE_HL2MP\NPC_FISHERMAN.OBJ
C:\GABEMODPLUS\SRC\GAME\SERVER\RELEASE_HL2MP\NPC_TALKER.OBJ
C:\GABEMODPLUS\SRC\GAME\SERVER\RELEASE_HL2MP\VEHICLE_VIEWCONTROLLER.OBJ
C:\GABEMODPLUS\SRC\GAME\SERVER\RELEASE_HL2MP\VEHICLE_APC.OBJ
C:\GABEMODPLUS\SRC\GAME\SERVER\RELEASE_HL2MP\WEAPON_HL2MPBASEHLMPCOMBATWEAPON.OBJ
C:\GABEMODPLUS\SRC\GAME\SERVER\RELEASE_HL2MP\ENTITY_TOOLS_SERVER.OBJ
C:\GABEMODPLUS\SRC\GAME\SERVER\RELEASE_HL2MP\ACHIEVEMENT_SAVERESTORE.OBJ
C:\GABEMODPLUS\SRC\GAME\SERVER\RELEASE_HL2MP\AI_BASENPC_SQUAD.OBJ
C:\GABEMODPLUS\SRC\GAME\SERVER\RELEASE_HL2MP\AI_BEHAVIOR_RAPPEL.OBJ
C:\GABEMODPLUS\SRC\GAME\SERVER\RELEASE_HL2MP\AI_GOALENTITY.OBJ
C:\GABEMODPLUS\SRC\GAME\SERVER\RELEASE_HL2MP\AI_NETWORK.OBJ
C:\GABEMODPLUS\SRC\GAME\SERVER\RELEASE_HL2MP\AI_SAVERESTORE.OBJ
C:\GABEMODPLUS\SRC\GAME\SERVER\RELEASE_HL2MP\BMODELS.OBJ
C:\GABEMODPLUS\SRC\GAME\SERVER\RELEASE_HL2MP\COLORCORRECTIONVOLUME.OBJ
C:\GABEMODPLUS\SRC\GAME\SERVER\RELEASE_HL2MP\DOORS.OBJ
C:\GABEMODPLUS\SRC\GAME\SERVER\RELEASE_HL2MP\ENTITYLIST_BASE.OBJ
C:\GABEMODPLUS\SRC\GAME\SERVER\RELEASE_HL2MP\ENV_DEBUGHISTORY.OBJ
C:\GABEMODPLUS\SRC\GAME\SERVER\RELEASE_HL2MP\ENV_SCREENOVERLAY.OBJ
C:\GABEMODPLUS\SRC\GAME\SERVER\RELEASE_HL2MP\ENVHUDHINT.OBJ
C:\GABEMODPLUS\SRC\GAME\SERVER\RELEASE_HL2MP\ENVSPARK.OBJ
C:\GABEMODPLUS\SRC\GAME\SERVER\RELEASE_HL2MP\FIRE_SMOKE.OBJ
C:\GABEMODPLUS\SRC\GAME\SERVER\RELEASE_HL2MP\FUNC_BREAKABLESURF.OBJ
C:\GABEMODPLUS\SRC\GAME\SERVER\RELEASE_HL2MP\GRENADETHROWN.OBJ
C:\GABEMODPLUS\SRC\GAME\SERVER\RELEASE_HL2MP\H_CYCLER.OBJ
C:\GABEMODPLUS\SRC\GAME\SERVER\RELEASE_HL2MP\MOVEHELPER_SERVER.OBJ
C:\GABEMODPLUS\SRC\GAME\SERVER\RELEASE_HL2MP\NDEBUGOVERLAY.OBJ
C:\GABEMODPLUS\SRC\GAME\SERVER\RELEASE_HL2MP\OBSTACLE_PUSHAWAY.OBJ
C:\GABEMODPLUS\SRC\GAME\SERVER\RELEASE_HL2MP\PHYSICS_IMPACT_DAMAGE.OBJ
C:\GABEMODPLUS\SRC\GAME\SERVER\RELEASE_HL2MP\PHYSICS_PROP_RAGDOLL.OBJ
C:\GABEMODPLUS\SRC\GAME\SERVER\RELEASE_HL2MP\SCENEENTITY_SHARED.OBJ
C:\GABEMODPLUS\SRC\GAME\SERVER\RELEASE_HL2MP\SCRIPTED.OBJ
C:\GABEMODPLUS\SRC\GAME\SERVER\RELEASE_HL2MP\TEAM_SPAWNPOINT.OBJ
C:\GABEMODPLUS\SRC\GAME\SERVER\RELEASE_HL2MP\TRIGGERS.OBJ
C:\GABEMODPLUS\SRC\GAME\SERVER\RELEASE_HL2MP\CITADEL_EFFECTS.OBJ
C:\GABEMODPLUS\SRC\GAME\SERVER\RELEASE_HL2MP\ENV_HEADCRABCANISTER_SHARED.OBJ
C:\GABEMODPLUS\SRC\GAME\SERVER\RELEASE_HL2MP\FUNC_TANK.OBJ
C:\GABEMODPLUS\SRC\GAME\SERVER\RELEASE_HL2MP\NPC_BREEN.OBJ
C:\GABEMODPLUS\SRC\GAME\SERVER\RELEASE_HL2MP\NPC_COMBINE.OBJ
C:\GABEMODPLUS\SRC\GAME\SERVER\RELEASE_HL2MP\NPC_ICHTHYOSAUR.OBJ
C:\GABEMODPLUS\SRC\GAME\SERVER\RELEASE_HL2MP\NPC_PLAYERCOMPANION.OBJ
C:\GABEMODPLUS\SRC\GAME\SERVER\RELEASE_HL2MP\VEHICLE_PRISONER_POD.OBJ
C:\GABEMODPLUS\SRC\GAME\SERVER\RELEASE_HL2MP\HL2MP_CVARS.OBJ
C:\GABEMODPLUS\SRC\GAME\SERVER\RELEASE_HL2MP\HL2MP_GAMEINTERFACE.OBJ
C:\GABEMODPLUS\SRC\GAME\SERVER\RELEASE_HL2MP\HL2MP_WEAPON_PARSE.OBJ
C:\GABEMODPLUS\SRC\GAME\SERVER\RELEASE_HL2MP\GRENADE_SATCHEL.OBJ
C:\GABEMODPLUS\SRC\GAME\SERVER\RELEASE_HL2MP\WEAPON_RPG.OBJ
C:\GABEMODPLUS\SRC\GAME\SERVER\RELEASE_HL2MP\AI_BASENPC_FLYER_NEW.OBJ
C:\GABEMODPLUS\SRC\GAME\SERVER\RELEASE_HL2MP\AI_BEHAVIOR_FOLLOW.OBJ
C:\GABEMODPLUS\SRC\GAME\SERVER\RELEASE_HL2MP\AI_MEMORY.OBJ
C:\GABEMODPLUS\SRC\GAME\SERVER\RELEASE_HL2MP\AI_PLANESOLVER.OBJ
C:\GABEMODPLUS\SRC\GAME\SERVER\RELEASE_HL2MP\AI_SPEECH.OBJ
C:\GABEMODPLUS\SRC\GAME\SERVER\RELEASE_HL2MP\BASEANIMATINGOVERLAY.OBJ
C:\GABEMODPLUS\SRC\GAME\SERVER\RELEASE_HL2MP\BASEMULTIPLAYERPLAYER.OBJ
C:\GABEMODPLUS\SRC\GAME\SERVER\RELEASE_HL2MP\COLLISIONPROPERTY.OBJ
C:\GABEMODPLUS\SRC\GAME\SERVER\RELEASE_HL2MP\DAMAGEMODIFIER.OBJ
C:\GABEMODPLUS\SRC\GAME\SERVER\RELEASE_HL2MP\DYNAMICLIGHT.OBJ
C:\GABEMODPLUS\SRC\GAME\SERVER\RELEASE_HL2MP\ENTITYLIST.OBJ
C:\GABEMODPLUS\SRC\GAME\SERVER\RELEASE_HL2MP\MODELENTITIES.OBJ
C:\GABEMODPLUS\SRC\GAME\SERVER\RELEASE_HL2MP\MP_SHAREDDEFS.OBJ
C:\GABEMODPLUS\SRC\GAME\SERVER\RELEASE_HL2MP\MULTIPLAY_GAMERULES.OBJ
C:\GABEMODPLUS\SRC\GAME\SERVER\RELEASE_HL2MP\PARTICLESYSTEMQUERY.OBJ
C:\GABEMODPLUS\SRC\GAME\SERVER\RELEASE_HL2MP\PLAYER_PICKUP.OBJ
C:\GABEMODPLUS\SRC\GAME\SERVER\RELEASE_HL2MP\POINT_PLAYERMOVECONSTRAINT.OBJ
C:\GABEMODPLUS\SRC\GAME\SERVER\RELEASE_HL2MP\PRECACHE_REGISTER.OBJ
C:\GABEMODPLUS\SRC\GAME\SERVER\RELEASE_HL2MP\RAGDOLL_MANAGER.OBJ
C:\GABEMODPLUS\SRC\GAME\SERVER\RELEASE_HL2MP\SOUNDENT.OBJ
C:\GABEMODPLUS\SRC\GAME\SERVER\RELEASE_HL2MP\SPOTLIGHTEND.OBJ
C:\GABEMODPLUS\SRC\GAME\SERVER\RELEASE_HL2MP\SUBS.OBJ
C:\GABEMODPLUS\SRC\GAME\SERVER\RELEASE_HL2MP\TEST_PROXYTOGGLE.OBJ
C:\GABEMODPLUS\SRC\GAME\SERVER\RELEASE_HL2MP\TIMEDEVENTMGR.OBJ
C:\GABEMODPLUS\SRC\GAME\SERVER\RELEASE_HL2MP\VARIANT_T.OBJ
C:\GABEMODPLUS\SRC\GAME\SERVER\RELEASE_HL2MP\VGUISCREEN.OBJ
C:\GABEMODPLUS\SRC\GAME\SERVER\RELEASE_HL2MP\WCEDIT.OBJ
C:\GABEMODPLUS\SRC\GAME\SERVER\RELEASE_HL2MP\TE_GAUSSEXPLOSION.OBJ
C:\GABEMODPLUS\SRC\GAME\SERVER\RELEASE_HL2MP\TE_PROJECTEDDECAL.OBJ
C:\GABEMODPLUS\SRC\GAME\SERVER\RELEASE_HL2MP\AI_ALLYMANAGER.OBJ
C:\GABEMODPLUS\SRC\GAME\SERVER\RELEASE_HL2MP\ITEM_AMMO.OBJ
C:\GABEMODPLUS\SRC\GAME\SERVER\RELEASE_HL2MP\NPC_ANTLIONGUARD.OBJ
C:\GABEMODPLUS\SRC\GAME\SERVER\RELEASE_HL2MP\NPC_CRANEDRIVER.OBJ
C:\GABEMODPLUS\SRC\GAME\SERVER\RELEASE_HL2MP\NPC_LAUNCHER.OBJ
C:\GABEMODPLUS\SRC\GAME\SERVER\RELEASE_HL2MP\NPC_STALKER.OBJ
C:\GABEMODPLUS\SRC\GAME\SERVER\RELEASE_HL2MP\WEAPON_ANNABELLE.OBJ
C:\GABEMODPLUS\SRC\GAME\SERVER\RELEASE_HL2MP\WEAPON_CGUARD.OBJ
C:\GABEMODPLUS\SRC\GAME\SERVER\RELEASE_HL2MP\HL2MP_GAMERULES.OBJ
C:\GABEMODPLUS\SRC\GAME\SERVER\RELEASE_HL2MP\WEAPON_PHYSCANNON.OBJ
C:\GABEMODPLUS\SRC\GAME\SERVER\RELEASE_HL2MP\AI_BASENPC_MOVEMENT.OBJ
C:\GABEMODPLUS\SRC\GAME\SERVER\RELEASE_HL2MP\AI_BEHAVIOR_FEAR.OBJ
C:\GABEMODPLUS\SRC\GAME\SERVER\RELEASE_HL2MP\AI_EVENT.OBJ
C:\GABEMODPLUS\SRC\GAME\SERVER\RELEASE_HL2MP\AI_MOVESOLVER.OBJ
C:\GABEMODPLUS\SRC\GAME\SERVER\RELEASE_HL2MP\AI_NAMESPACES.OBJ
C:\GABEMODPLUS\SRC\GAME\SERVER\RELEASE_HL2MP\AI_NAVIGATOR.OBJ
C:\GABEMODPLUS\SRC\GAME\SERVER\RELEASE_HL2MP\AI_SPEECHFILTER.OBJ
C:\GABEMODPLUS\SRC\GAME\SERVER\RELEASE_HL2MP\BITSTRING.OBJ
C:\GABEMODPLUS\SRC\GAME\SERVER\RELEASE_HL2MP\BUTTONS.OBJ
C:\GABEMODPLUS\SRC\GAME\SERVER\RELEASE_HL2MP\CPLANE.OBJ
C:\GABEMODPLUS\SRC\GAME\SERVER\RELEASE_HL2MP\DECALS.OBJ
C:\GABEMODPLUS\SRC\GAME\SERVER\RELEASE_HL2MP\ENTITYPARTICLETRAIL_SHARED.OBJ
C:\GABEMODPLUS\SRC\GAME\SERVER\RELEASE_HL2MP\ENV_EFFECTSSCRIPT.OBJ
C:\GABEMODPLUS\SRC\GAME\SERVER\RELEASE_HL2MP\ENV_ZOOM.OBJ
C:\GABEMODPLUS\SRC\GAME\SERVER\RELEASE_HL2MP\FISH.OBJ
C:\GABEMODPLUS\SRC\GAME\SERVER\RELEASE_HL2MP\FUNC_MOVELINEAR.OBJ
C:\GABEMODPLUS\SRC\GAME\SERVER\RELEASE_HL2MP\GAMERULES.OBJ
C:\GABEMODPLUS\SRC\GAME\SERVER\RELEASE_HL2MP\INFO_OVERLAY_ACCESSOR.OBJ
C:\GABEMODPLUS\SRC\GAME\SERVER\RELEASE_HL2MP\LIGHTS.OBJ
C:\GABEMODPLUS\SRC\GAME\SERVER\RELEASE_HL2MP\MAPENTITIES.OBJ
C:\GABEMODPLUS\SRC\GAME\SERVER\RELEASE_HL2MP\NAV_NODE.OBJ
C:\GABEMODPLUS\SRC\GAME\SERVER\RELEASE_HL2MP\PHYSICS_BONE_FOLLOWER.OBJ
C:\GABEMODPLUS\SRC\GAME\SERVER\RELEASE_HL2MP\PHYSICS_SAVERESTORE.OBJ
C:\GABEMODPLUS\SRC\GAME\SERVER\RELEASE_HL2MP\PLAYER_LAGCOMPENSATION.OBJ
C:\GABEMODPLUS\SRC\GAME\SERVER\RELEASE_HL2MP\POINTTELEPORT.OBJ
C:\GABEMODPLUS\SRC\GAME\SERVER\RELEASE_HL2MP\ROPE.OBJ
C:\GABEMODPLUS\SRC\GAME\SERVER\RELEASE_HL2MP\SEQUENCE_TRANSITIONER.OBJ
C:\GABEMODPLUS\SRC\GAME\SERVER\RELEASE_HL2MP\SERVERNETWORKPROPERTY.OBJ
C:\GABEMODPLUS\SRC\GAME\SERVER\RELEASE_HL2MP\SKYCAMERA.OBJ
C:\GABEMODPLUS\SRC\GAME\SERVER\RELEASE_HL2MP\SOUNDENVELOPE.OBJ
C:\GABEMODPLUS\SRC\GAME\SERVER\RELEASE_HL2MP\TANKTRAIN.OBJ
C:\GABEMODPLUS\SRC\GAME\SERVER\RELEASE_HL2MP\TESTFUNCTIONS.OBJ
C:\GABEMODPLUS\SRC\GAME\SERVER\RELEASE_HL2MP\USERCMD.OBJ
C:\GABEMODPLUS\SRC\GAME\SERVER\RELEASE_HL2MP\VOICE_GAMEMGR.OBJ
C:\GABEMODPLUS\SRC\GAME\SERVER\RELEASE_HL2MP\WATERLODCONTROL.OBJ
C:\GABEMODPLUS\SRC\GAME\SERVER\RELEASE_HL2MP\WEAPON_PROFICIENCY.OBJ
C:\GABEMODPLUS\SRC\GAME\SERVER\RELEASE_HL2MP\WEIGHT_BUTTON.OBJ
C:\GABEMODPLUS\SRC\GAME\SERVER\RELEASE_HL2MP\PLASMA.OBJ
C:\GABEMODPLUS\SRC\GAME\SERVER\RELEASE_HL2MP\TE_ARMORRICOCHET.OBJ
C:\GABEMODPLUS\SRC\GAME\SERVER\RELEASE_HL2MP\TE_BEAMENTS.OBJ
C:\GABEMODPLUS\SRC\GAME\SERVER\RELEASE_HL2MP\TE_BEAMSPLINE.OBJ
C:\GABEMODPLUS\SRC\GAME\SERVER\RELEASE_HL2MP\TE_BSPDECAL.OBJ
C:\GABEMODPLUS\SRC\GAME\SERVER\RELEASE_HL2MP\TE_EFFECT_DISPATCH.OBJ
C:\GABEMODPLUS\SRC\GAME\SERVER\RELEASE_HL2MP\TE_GLOWSPRITE.OBJ
C:\GABEMODPLUS\SRC\GAME\SERVER\RELEASE_HL2MP\TE_SPARKS.OBJ
C:\GABEMODPLUS\SRC\GAME\SERVER\RELEASE_HL2MP\AI_SPOTLIGHT.OBJ
C:\GABEMODPLUS\SRC\GAME\SERVER\RELEASE_HL2MP\ENV_SPEAKER.OBJ
C:\GABEMODPLUS\SRC\GAME\SERVER\RELEASE_HL2MP\HL2_AI_NETWORK.OBJ
C:\GABEMODPLUS\SRC\GAME\SERVER\RELEASE_HL2MP\ITEM_ITEMCRATE.OBJ
C:\GABEMODPLUS\SRC\GAME\SERVER\RELEASE_HL2MP\NPC_BASESCANNER.OBJ
C:\GABEMODPLUS\SRC\GAME\SERVER\RELEASE_HL2MP\NPC_COMBINEGUNSHIP.OBJ
C:\GABEMODPLUS\SRC\GAME\SERVER\RELEASE_HL2MP\NPC_TURRET_CEILING.OBJ
C:\GABEMODPLUS\SRC\GAME\SERVER\RELEASE_HL2MP\PROP_COMBINE_BALL.OBJ
C:\GABEMODPLUS\SRC\GAME\SERVER\RELEASE_HL2MP\HL2MP_PLAYERANIMSTATE.OBJ
C:\GABEMODPLUS\SRC\GAME\SERVER\RELEASE_HL2MP\WEAPON_HL2MPBASE_MACHINEGUN.OBJ
C:\GABEMODPLUS\SRC\GAME\SERVER\RELEASE_HL2MP\WEAPON_STUNSTICK.OBJ
C:\GABEMODPLUS\SRC\GAME\SERVER\RELEASE_HL2MP\ACHIEVEMENTS_HLX.OBJ
C:\GABEMODPLUS\SRC\GAME\SERVER\RELEASE_HL2MP\AI_BASENPC_SCHEDULE.OBJ
C:\GABEMODPLUS\SRC\GAME\SERVER\RELEASE_HL2MP\AI_DEFAULT.OBJ
C:\GABEMODPLUS\SRC\GAME\SERVER\RELEASE_HL2MP\AI_MOVEPROBE.OBJ
C:\GABEMODPLUS\SRC\GAME\SERVER\RELEASE_HL2MP\AI_RESPONSESYSTEM.OBJ
C:\GABEMODPLUS\SRC\GAME\SERVER\RELEASE_HL2MP\AI_TASK.OBJ
C:\GABEMODPLUS\SRC\GAME\SERVER\RELEASE_HL2MP\BASEACHIEVEMENT.OBJ
C:\GABEMODPLUS\SRC\GAME\SERVER\RELEASE_HL2MP\BASECOMBATWEAPON_SHARED.OBJ
C:\GABEMODPLUS\SRC\GAME\SERVER\RELEASE_HL2MP\BASEPLAYER_SHARED.OBJ
C:\GABEMODPLUS\SRC\GAME\SERVER\RELEASE_HL2MP\ENV_PROJECTEDTEXTURE.OBJ
C:\GABEMODPLUS\SRC\GAME\SERVER\RELEASE_HL2MP\ENVMESSAGE.OBJ
C:\GABEMODPLUS\SRC\GAME\SERVER\RELEASE_HL2MP\FUNC_BREAK.OBJ
C:\GABEMODPLUS\SRC\GAME\SERVER\RELEASE_HL2MP\GAME_UI.OBJ
C:\GABEMODPLUS\SRC\GAME\SERVER\RELEASE_HL2MP\GENERICACTOR.OBJ
C:\GABEMODPLUS\SRC\GAME\SERVER\RELEASE_HL2MP\MAPENTITIES_SHARED.OBJ
C:\GABEMODPLUS\SRC\GAME\SERVER\RELEASE_HL2MP\MESSAGE_ENTITY.OBJ
C:\GABEMODPLUS\SRC\GAME\SERVER\RELEASE_HL2MP\MOVEVARS_SHARED.OBJ
C:\GABEMODPLUS\SRC\GAME\SERVER\RELEASE_HL2MP\NAV_COLORS.OBJ
C:\GABEMODPLUS\SRC\GAME\SERVER\RELEASE_HL2MP\NAV_FILE.OBJ
C:\GABEMODPLUS\SRC\GAME\SERVER\RELEASE_HL2MP\PARTICLE_LIGHT.OBJ
C:\GABEMODPLUS\SRC\GAME\SERVER\RELEASE_HL2MP\PATHTRACK.OBJ
C:\GABEMODPLUS\SRC\GAME\SERVER\RELEASE_HL2MP\PHYSICS_CANNISTER.OBJ
C:\GABEMODPLUS\SRC\GAME\SERVER\RELEASE_HL2MP\PHYSOBJ.OBJ
C:\GABEMODPLUS\SRC\GAME\SERVER\RELEASE_HL2MP\PREDICTED_VIEWMODEL.OBJ
C:\GABEMODPLUS\SRC\GAME\SERVER\RELEASE_HL2MP\SAVERESTORE_GAMEDLL.OBJ
C:\GABEMODPLUS\SRC\GAME\SERVER\RELEASE_HL2MP\SCRIPTEDTARGET.OBJ
C:\GABEMODPLUS\SRC\GAME\SERVER\RELEASE_HL2MP\SPRITE.OBJ
C:\GABEMODPLUS\SRC\GAME\SERVER\RELEASE_HL2MP\TEMPLATEENTITIES.OBJ
C:\GABEMODPLUS\SRC\GAME\SERVER\RELEASE_HL2MP\UTIL_SHARED.OBJ
C:\GABEMODPLUS\SRC\GAME\SERVER\RELEASE_HL2MP\WATERBULLET.OBJ
C:\GABEMODPLUS\SRC\GAME\SERVER\RELEASE_HL2MP\WEAPON_PARSE.OBJ
C:\GABEMODPLUS\SRC\GAME\SERVER\RELEASE_HL2MP\WORLD.OBJ
C:\GABEMODPLUS\SRC\GAME\SERVER\RELEASE_HL2MP\TE_BUBBLES.OBJ
C:\GABEMODPLUS\SRC\GAME\SERVER\RELEASE_HL2MP\TE_EXPLOSION.OBJ
C:\GABEMODPLUS\SRC\GAME\SERVER\RELEASE_HL2MP\TE_PLAYERDECAL.OBJ
C:\GABEMODPLUS\SRC\GAME\SERVER\RELEASE_HL2MP\AI_BEHAVIOR_ACTBUSY.OBJ
C:\GABEMODPLUS\SRC\GAME\SERVER\RELEASE_HL2MP\ITEM_HEALTHKIT.OBJ
C:\GABEMODPLUS\SRC\GAME\SERVER\RELEASE_HL2MP\NPC_BARNACLE.OBJ
C:\GABEMODPLUS\SRC\GAME\SERVER\RELEASE_HL2MP\NPC_COMBINES.OBJ
C:\GABEMODPLUS\SRC\GAME\SERVER\RELEASE_HL2MP\NPC_MOSSMAN.OBJ
C:\GABEMODPLUS\SRC\GAME\SERVER\RELEASE_HL2MP\NPC_ZOMBIE.OBJ
C:\GABEMODPLUS\SRC\GAME\SERVER\RELEASE_HL2MP\VEHICLE_CRANE.OBJ
C:\GABEMODPLUS\SRC\GAME\SERVER\RELEASE_HL2MP\WEAPON_357.OBJ
C:\GABEMODPLUS\SRC\GAME\SERVER\RELEASE_HL2MP\WEAPON_PISTOL.OBJ
C:\GABEMODPLUS\SRC\GAME\SERVER\RELEASE_HL2MP\ACTIVITYLIST.OBJ
C:\GABEMODPLUS\SRC\GAME\SERVER\RELEASE_HL2MP\AI_BEHAVIOR_ASSAULT.OBJ
C:\GABEMODPLUS\SRC\GAME\SERVER\RELEASE_HL2MP\AI_CRITERIA.OBJ
C:\GABEMODPLUS\SRC\GAME\SERVER\RELEASE_HL2MP\AI_DYNAMICLINK.OBJ
C:\GABEMODPLUS\SRC\GAME\SERVER\RELEASE_HL2MP\AI_LOCALNAVIGATOR.OBJ
C:\GABEMODPLUS\SRC\GAME\SERVER\RELEASE_HL2MP\AI_NETWORKMANAGER.OBJ
C:\GABEMODPLUS\SRC\GAME\SERVER\RELEASE_HL2MP\AI_TACTICALSERVICES.OBJ
C:\GABEMODPLUS\SRC\GAME\SERVER\RELEASE_HL2MP\BASEENTITY_SHARED.OBJ
C:\GABEMODPLUS\SRC\GAME\SERVER\RELEASE_HL2MP\BASEPARTICLEENTITY.OBJ
C:\GABEMODPLUS\SRC\GAME\SERVER\RELEASE_HL2MP\BEAM_SHARED.OBJ
C:\GABEMODPLUS\SRC\GAME\SERVER\RELEASE_HL2MP\COLORCORRECTION.OBJ
C:\GABEMODPLUS\SRC\GAME\SERVER\RELEASE_HL2MP\DEBUGOVERLAY_SHARED.OBJ
C:\GABEMODPLUS\SRC\GAME\SERVER\RELEASE_HL2MP\EHANDLE.OBJ
C:\GABEMODPLUS\SRC\GAME\SERVER\RELEASE_HL2MP\ENTITYDISSOLVE.OBJ
C:\GABEMODPLUS\SRC\GAME\SERVER\RELEASE_HL2MP\EVENTLIST.OBJ
C:\GABEMODPLUS\SRC\GAME\SERVER\RELEASE_HL2MP\FIRE.OBJ
C:\GABEMODPLUS\SRC\GAME\SERVER\RELEASE_HL2MP\GABE_LUAMANAGER.OBJ
C:\GABEMODPLUS\SRC\GAME\SERVER\RELEASE_HL2MP\FUNC_REFLECTIVE_GLASS.OBJ
C:\GABEMODPLUS\SRC\GAME\SERVER\RELEASE_HL2MP\GAMERULES_REGISTER.OBJ
C:\GABEMODPLUS\SRC\GAME\SERVER\RELEASE_HL2MP\GAMETRACE_DLL.OBJ
C:\GABEMODPLUS\SRC\GAME\SERVER\RELEASE_HL2MP\GLOBALS.OBJ
C:\GABEMODPLUS\SRC\GAME\SERVER\RELEASE_HL2MP\GUNTARGET.OBJ
C:\GABEMODPLUS\SRC\GAME\SERVER\RELEASE_HL2MP\HIERARCHY.OBJ
C:\GABEMODPLUS\SRC\GAME\SERVER\RELEASE_HL2MP\HINTSYSTEM.OBJ
C:\GABEMODPLUS\SRC\GAME\SERVER\RELEASE_HL2MP\INTERMISSION.OBJ
C:\GABEMODPLUS\SRC\GAME\SERVER\RELEASE_HL2MP\LOGIC_NAVIGATION.OBJ
C:\GABEMODPLUS\SRC\GAME\SERVER\RELEASE_HL2MP\LUA_TEST.OBJ
C:\GABEMODPLUS\SRC\GAME\SERVER\RELEASE_HL2MP\MAPRULES.OBJ
C:\GABEMODPLUS\SRC\GAME\SERVER\RELEASE_HL2MP\NAV_AREA.OBJ
C:\GABEMODPLUS\SRC\GAME\SERVER\RELEASE_HL2MP\PHYSICS_FX.OBJ
C:\GABEMODPLUS\SRC\GAME\SERVER\RELEASE_HL2MP\PHYSICS_MAIN_SHARED.OBJ
C:\GABEMODPLUS\SRC\GAME\SERVER\RELEASE_HL2MP\POINT_DEVSHOT_CAMERA.OBJ
C:\GABEMODPLUS\SRC\GAME\SERVER\RELEASE_HL2MP\PROPS.OBJ
C:\GABEMODPLUS\SRC\GAME\SERVER\RELEASE_HL2MP\EVENT_TEMPENTITY_TESTER.OBJ
C:\GABEMODPLUS\SRC\GAME\SERVER\RELEASE_HL2MP\SMOKESTACK.OBJ
C:\GABEMODPLUS\SRC\GAME\SERVER\RELEASE_HL2MP\TE_BEAMRINGPOINT.OBJ
C:\GABEMODPLUS\SRC\GAME\SERVER\RELEASE_HL2MP\TE_DYNAMICLIGHT.OBJ
C:\GABEMODPLUS\SRC\GAME\SERVER\RELEASE_HL2MP\TE_PHYSICSPROP.OBJ
C:\GABEMODPLUS\SRC\GAME\SERVER\RELEASE_HL2MP\ANTLION_MAKER.OBJ
C:\GABEMODPLUS\SRC\GAME\SERVER\RELEASE_HL2MP\HL2_GAMERULES.OBJ
C:\GABEMODPLUS\SRC\GAME\SERVER\RELEASE_HL2MP\MONSTER_DUMMY.OBJ
C:\GABEMODPLUS\SRC\GAME\SERVER\RELEASE_HL2MP\NPC_BULLSEYE.OBJ
C:\GABEMODPLUS\SRC\GAME\SERVER\RELEASE_HL2MP\NPC_COMBINEDROPSHIP.OBJ
C:\GABEMODPLUS\SRC\GAME\SERVER\RELEASE_HL2MP\NPC_METROPOLICE.OBJ
C:\GABEMODPLUS\SRC\GAME\SERVER\RELEASE_HL2MP\POINT_APC_CONTROLLER.OBJ
C:\GABEMODPLUS\SRC\GAME\SERVER\RELEASE_HL2MP\PROTO_SNIPER.OBJ
C:\GABEMODPLUS\SRC\GAME\SERVER\RELEASE_HL2MP\WEAPON_FLAREGUN.OBJ
C:\GABEMODPLUS\SRC\GAME\SERVER\RELEASE_HL2MP\HL2MP_PLAYER.OBJ
C:\GABEMODPLUS\SRC\GAME\SERVER\RELEASE_HL2MP\WEAPON_CAMERA.OBJ
C:\GABEMODPLUS\SRC\GAME\SERVER\RELEASE_HL2MP\AI_BASEHUMANOID.OBJ
C:\GABEMODPLUS\SRC\GAME\SERVER\RELEASE_HL2MP\AI_BLENDED_MOVEMENT.OBJ
C:\GABEMODPLUS\SRC\GAME\SERVER\RELEASE_HL2MP\AI_HULL.OBJ
C:\GABEMODPLUS\SRC\GAME\SERVER\RELEASE_HL2MP\AI_INTEREST_TARGET.OBJ
C:\GABEMODPLUS\SRC\GAME\SERVER\RELEASE_HL2MP\AI_MOTOR.OBJ
C:\GABEMODPLUS\SRC\GAME\SERVER\RELEASE_HL2MP\AI_PLAYERALLY.OBJ
C:\GABEMODPLUS\SRC\GAME\SERVER\RELEASE_HL2MP\BASEGRENADE_SHARED.OBJ
C:\GABEMODPLUS\SRC\GAME\SERVER\RELEASE_HL2MP\BASEVIEWMODEL.OBJ
C:\GABEMODPLUS\SRC\GAME\SERVER\RELEASE_HL2MP\CLIENT.OBJ
C:\GABEMODPLUS\SRC\GAME\SERVER\RELEASE_HL2MP\ENV_ENTITY_MAKER.OBJ
C:\GABEMODPLUS\SRC\GAME\SERVER\RELEASE_HL2MP\ENVFADE.OBJ
C:\GABEMODPLUS\SRC\GAME\SERVER\RELEASE_HL2MP\ENVSHAKE.OBJ
C:\GABEMODPLUS\SRC\GAME\SERVER\RELEASE_HL2MP\FUNC_AREAPORTALBASE.OBJ
C:\GABEMODPLUS\SRC\GAME\SERVER\RELEASE_HL2MP\FUNC_LADDER.OBJ
C:\GABEMODPLUS\SRC\GAME\SERVER\RELEASE_HL2MP\GAME.OBJ
C:\GABEMODPLUS\SRC\GAME\SERVER\RELEASE_HL2MP\GAMEINTERFACE.OBJ
C:\GABEMODPLUS\SRC\GAME\SERVER\RELEASE_HL2MP\PHYSICS_NPC_SOLVER.OBJ
C:\GABEMODPLUS\SRC\GAME\SERVER\RELEASE_HL2MP\PLAYER_RESOURCE.OBJ
C:\GABEMODPLUS\SRC\GAME\SERVER\RELEASE_HL2MP\POINT_SPOTLIGHT.OBJ
C:\GABEMODPLUS\SRC\GAME\SERVER\RELEASE_HL2MP\ROPE_HELPERS.OBJ
C:\GABEMODPLUS\SRC\GAME\SERVER\RELEASE_HL2MP\SCENECACHE.OBJ
C:\GABEMODPLUS\SRC\GAME\SERVER\RELEASE_HL2MP\SOUND.OBJ
C:\GABEMODPLUS\SRC\GAME\SERVER\RELEASE_HL2MP\SURVIVAL_GAMERULES.OBJ
C:\GABEMODPLUS\SRC\GAME\SERVER\RELEASE_HL2MP\TEAM.OBJ
C:\GABEMODPLUS\SRC\GAME\SERVER\RELEASE_HL2MP\TESTTRACELINE.OBJ
C:\GABEMODPLUS\SRC\GAME\SERVER\RELEASE_HL2MP\VEHICLE_VIEWBLEND_SHARED.OBJ
C:\GABEMODPLUS\SRC\GAME\SERVER\RELEASE_HL2MP\PARTICLE_FIRE.OBJ
C:\GABEMODPLUS\SRC\GAME\SERVER\RELEASE_HL2MP\TE.OBJ
C:\GABEMODPLUS\SRC\GAME\SERVER\RELEASE_HL2MP\TE_BEAMENTPOINT.OBJ
C:\GABEMODPLUS\SRC\GAME\SERVER\RELEASE_HL2MP\TE_BEAMRING.OBJ
C:\GABEMODPLUS\SRC\GAME\SERVER\RELEASE_HL2MP\TE_CLIENTPROJECTILE.OBJ
C:\GABEMODPLUS\SRC\GAME\SERVER\RELEASE_HL2MP\TE_IMPACT.OBJ
C:\GABEMODPLUS\SRC\GAME\SERVER\RELEASE_HL2MP\USERMESSAGES.OBJ
C:\GABEMODPLUS\SRC\GAME\SERVER\RELEASE_HL2MP\AR2_EXPLOSION.OBJ
C:\GABEMODPLUS\SRC\GAME\SERVER\RELEASE_HL2MP\CBASEHELICOPTER.OBJ
C:\GABEMODPLUS\SRC\GAME\SERVER\RELEASE_HL2MP\HL_PLAYERMOVE.OBJ
C:\GABEMODPLUS\SRC\GAME\SERVER\RELEASE_HL2MP\NPC_BASEZOMBIE.OBJ
C:\GABEMODPLUS\SRC\GAME\SERVER\RELEASE_HL2MP\NPC_ELI.OBJ
C:\GABEMODPLUS\SRC\GAME\SERVER\RELEASE_HL2MP\NPC_KLEINER.OBJ
C:\GABEMODPLUS\SRC\GAME\SERVER\RELEASE_HL2MP\NPC_POISONZOMBIE.OBJ
C:\GABEMODPLUS\SRC\GAME\SERVER\RELEASE_HL2MP\NPC_TURRET_GROUND.OBJ
C:\GABEMODPLUS\SRC\GAME\SERVER\RELEASE_HL2MP\ROTORWASH.OBJ
C:\GABEMODPLUS\SRC\GAME\SERVER\RELEASE_HL2MP\SCRIPT_INTRO_SHARED.OBJ
C:\GABEMODPLUS\SRC\GAME\SERVER\RELEASE_HL2MP\VEHICLE_AIRBOAT.OBJ
C:\GABEMODPLUS\SRC\GAME\SERVER\RELEASE_HL2MP\HL2MP_BOT_TEMP.OBJ
C:\GABEMODPLUS\SRC\GAME\SERVER\RELEASE_HL2MP\GRENADE_TRIPMINE.OBJ
C:\GABEMODPLUS\SRC\GAME\SERVER\RELEASE_HL2MP\WEAPON_HL2MPBASEBASEBLUDGEON.OBJ
C:\GABEMODPLUS\SRC\GAME\SERVER\RELEASE_HL2MP\MULTIPLAYER_ANIMSTATE.OBJ
C:\GABEMODPLUS\SRC\GAME\SERVER\RELEASE_HL2MP\WEAPON_MULTITOOL.OBJ
C:\GABEMODPLUS\SRC\GAME\SERVER\RELEASE_HL2MP\AI_BASEACTOR.OBJ
C:\GABEMODPLUS\SRC\GAME\SERVER\RELEASE_HL2MP\AI_CONDITION.OBJ
C:\GABEMODPLUS\SRC\GAME\SERVER\RELEASE_HL2MP\AI_INITUTILS.OBJ
C:\GABEMODPLUS\SRC\GAME\SERVER\RELEASE_HL2MP\AI_PATHFINDER.OBJ
C:\GABEMODPLUS\SRC\GAME\SERVER\RELEASE_HL2MP\AI_SQUAD.OBJ
C:\GABEMODPLUS\SRC\GAME\SERVER\RELEASE_HL2MP\BASECOMBATCHARACTER_SHARED.OBJ
C:\GABEMODPLUS\SRC\GAME\SERVER\RELEASE_HL2MP\BASECOMBATWEAPON.OBJ
C:\GABEMODPLUS\SRC\GAME\SERVER\RELEASE_HL2MP\CRAGDOLLMAGNET.OBJ
C:\GABEMODPLUS\SRC\GAME\SERVER\RELEASE_HL2MP\ENTITYBLOCKER.OBJ
C:\GABEMODPLUS\SRC\GAME\SERVER\RELEASE_HL2MP\ENTITYPARTICLETRAIL.OBJ
C:\GABEMODPLUS\SRC\GAME\SERVER\RELEASE_HL2MP\ENV_PLAYER_SURFACE_TRIGGER.OBJ
C:\GABEMODPLUS\SRC\GAME\SERVER\RELEASE_HL2MP\ENV_WIND_SHARED.OBJ
C:\GABEMODPLUS\SRC\GAME\SERVER\RELEASE_HL2MP\ENVLASER.OBJ
C:\GABEMODPLUS\SRC\GAME\SERVER\RELEASE_HL2MP\FUNC_AREAPORTALWINDOW.OBJ
C:\GABEMODPLUS\SRC\GAME\SERVER\RELEASE_HL2MP\FUNC_LADDER_ENDPOINT.OBJ
C:\GABEMODPLUS\SRC\GAME\SERVER\RELEASE_HL2MP\FUNC_OCCLUDER.OBJ
C:\GABEMODPLUS\SRC\GAME\SERVER\RELEASE_HL2MP\GAMEMOVEMENT.OBJ
C:\GABEMODPLUS\SRC\GAME\SERVER\RELEASE_HL2MP\VEHICLE_JEEP.OBJ
C:\GABEMODPLUS\SRC\GAME\SERVER\RELEASE_HL2MP\PHYS_CONTROLLER.OBJ
C:\GABEMODPLUS\SRC\GAME\SERVER\RELEASE_HL2MP\PHYSICS_MAIN.OBJ
C:\GABEMODPLUS\SRC\GAME\SERVER\RELEASE_HL2MP\PLUGIN_CHECK.OBJ
C:\GABEMODPLUS\SRC\GAME\SERVER\RELEASE_HL2MP\POINT_CAMERA.OBJ
C:\GABEMODPLUS\SRC\GAME\SERVER\RELEASE_HL2MP\POINTHURT.OBJ
C:\GABEMODPLUS\SRC\GAME\SERVER\RELEASE_HL2MP\RAGDOLLBOOGIE.OBJ
C:\GABEMODPLUS\SRC\GAME\SERVER\RELEASE_HL2MP\SCRATCHPAD_GAMEDLL_HELPERS.OBJ
C:\GABEMODPLUS\SRC\GAME\SERVER\RELEASE_HL2MP\SERVERBENCHMARK_BASE.OBJ
C:\GABEMODPLUS\SRC\GAME\SERVER\RELEASE_HL2MP\SOUNDSCAPE.OBJ
C:\GABEMODPLUS\SRC\GAME\SERVER\RELEASE_HL2MP\TESLA.OBJ
C:\GABEMODPLUS\SRC\GAME\SERVER\RELEASE_HL2MP\TEXTSTATSMGR.OBJ
C:\GABEMODPLUS\SRC\GAME\SERVER\RELEASE_HL2MP\VEHICLE_BASESERVER.OBJ
C:\GABEMODPLUS\SRC\GAME\SERVER\RELEASE_HL2MP\BASEHLCOMBATWEAPON_SHARED.OBJ
C:\GABEMODPLUS\SRC\GAME\SERVER\RELEASE_HL2MP\COMBINE_MINE.OBJ
C:\GABEMODPLUS\SRC\GAME\SERVER\RELEASE_HL2MP\HL2_USERMESSAGES.OBJ
C:\GABEMODPLUS\SRC\GAME\SERVER\RELEASE_HL2MP\HL_GAMEMOVEMENT.OBJ
C:\GABEMODPLUS\SRC\GAME\SERVER\RELEASE_HL2MP\NPC_ANTLION.OBJ
C:\GABEMODPLUS\SRC\GAME\SERVER\RELEASE_HL2MP\NPC_DOG.OBJ
C:\GABEMODPLUS\SRC\GAME\SERVER\RELEASE_HL2MP\NPC_MONK.OBJ
C:\GABEMODPLUS\SRC\GAME\SERVER\RELEASE_HL2MP\NPC_VORTIGAUNT_EPISODIC.OBJ
C:\GABEMODPLUS\SRC\GAME\SERVER\RELEASE_HL2MP\WEAPON_CROWBAR.OBJ
C:\GABEMODPLUS\SRC\GAME\SERVER\RELEASE_HL2MP\WEAPON_SLAM.OBJ
C:\GABEMODPLUS\SRC\GAME\SERVER\RELEASE_HL2MP\ACHIEVEMENTMGR.OBJ
C:\GABEMODPLUS\SRC\GAME\SERVER\RELEASE_HL2MP\AI_BEHAVIOR.OBJ
C:\GABEMODPLUS\SRC\GAME\SERVER\RELEASE_HL2MP\AI_CONCOMMANDS.OBJ
C:\GABEMODPLUS\SRC\GAME\SERVER\RELEASE_HL2MP\AI_HINT.OBJ
C:\GABEMODPLUS\SRC\GAME\SERVER\RELEASE_HL2MP\AI_NODE.OBJ
C:\GABEMODPLUS\SRC\GAME\SERVER\RELEASE_HL2MP\AI_SCRIPTCONDITIONS.OBJ
C:\GABEMODPLUS\SRC\GAME\SERVER\RELEASE_HL2MP\AMMODEF.OBJ
C:\GABEMODPLUS\SRC\GAME\SERVER\RELEASE_HL2MP\ANIMATION.OBJ
C:\GABEMODPLUS\SRC\GAME\SERVER\RELEASE_HL2MP\BASECOMBATCHARACTER.OBJ
C:\GABEMODPLUS\SRC\GAME\SERVER\RELEASE_HL2MP\COMMENTARYSYSTEM.OBJ
C:\GABEMODPLUS\SRC\GAME\SERVER\RELEASE_HL2MP\FILTERS.OBJ
C:\GABEMODPLUS\SRC\GAME\SERVER\RELEASE_HL2MP\GENERICMONSTER.OBJ
C:\GABEMODPLUS\SRC\GAME\SERVER\RELEASE_HL2MP\MODELSOUNDSCACHE.OBJ
C:\GABEMODPLUS\SRC\GAME\SERVER\RELEASE_HL2MP\NAV_EDIT.OBJ
C:\GABEMODPLUS\SRC\GAME\SERVER\RELEASE_HL2MP\NPC_VEHICLEDRIVER.OBJ
C:\GABEMODPLUS\SRC\GAME\SERVER\RELEASE_HL2MP\POINT_TEMPLATE.OBJ
C:\GABEMODPLUS\SRC\GAME\SERVER\RELEASE_HL2MP\SAVERESTORE.OBJ
C:\GABEMODPLUS\SRC\GAME\SERVER\RELEASE_HL2MP\SOUNDEMITTERSYSTEM.OBJ
C:\GABEMODPLUS\SRC\GAME\SERVER\RELEASE_HL2MP\SPRITE_PERFMONITOR.OBJ
C:\GABEMODPLUS\SRC\GAME\SERVER\RELEASE_HL2MP\TAKEDAMAGEINFO.OBJ
C:\GABEMODPLUS\SRC\GAME\SERVER\RELEASE_HL2MP\TEMPMONSTER.OBJ
C:\GABEMODPLUS\SRC\GAME\SERVER\RELEASE_HL2MP\TEST_EHANDLE.OBJ
C:\GABEMODPLUS\SRC\GAME\SERVER\RELEASE_HL2MP\TRAINS.OBJ
C:\GABEMODPLUS\SRC\GAME\SERVER\RELEASE_HL2MP\TE_BASEBEAM.OBJ
C:\GABEMODPLUS\SRC\GAME\SERVER\RELEASE_HL2MP\TE_BEAMLASER.OBJ
C:\GABEMODPLUS\SRC\GAME\SERVER\RELEASE_HL2MP\TE_BLOODSTREAM.OBJ
C:\GABEMODPLUS\SRC\GAME\SERVER\RELEASE_HL2MP\TE_ENERGYSPLASH.OBJ
C:\GABEMODPLUS\SRC\GAME\SERVER\RELEASE_HL2MP\TE_KILLPLAYERATTACHMENTS.OBJ
C:\GABEMODPLUS\SRC\GAME\SERVER\RELEASE_HL2MP\TE_SHOWLINE.OBJ
C:\GABEMODPLUS\SRC\GAME\SERVER\RELEASE_HL2MP\AI_BEHAVIOR_POLICE.OBJ
C:\GABEMODPLUS\SRC\GAME\SERVER\RELEASE_HL2MP\HL2_EVENTLOG.OBJ
C:\GABEMODPLUS\SRC\GAME\SERVER\RELEASE_HL2MP\HL2_PLAYER.OBJ
C:\GABEMODPLUS\SRC\GAME\SERVER\RELEASE_HL2MP\NPC_CITIZEN17.OBJ
C:\GABEMODPLUS\SRC\GAME\SERVER\RELEASE_HL2MP\NPC_ROLLERMINE.OBJ
C:\GABEMODPLUS\SRC\GAME\SERVER\RELEASE_HL2MP\PROP_THUMPER.OBJ
C:\GABEMODPLUS\SRC\GAME\SERVER\RELEASE_HL2MP\WEAPON_CUBEMAP.OBJ
C:\GABEMODPLUS\SRC\GAME\SERVER\RELEASE_HL2MP\GRENADE_HOMER.OBJ
C:\GABEMODPLUS\SRC\GAME\SERVER\RELEASE_HL2MP\TE_HL2MP_SHOTGUN_SHOT.OBJ
C:\GABEMODPLUS\SRC\GAME\SERVER\RELEASE_HL2MP\WEAPON_CROSSBOW.OBJ
C:\GABEMODPLUS\SRC\GAME\SERVER\RELEASE_HL2MP\PHYSGUN.OBJ
C:\GABEMODPLUS\SRC\GAME\SERVER\RELEASE_HL2MP\EDITOR_SENDCOMMAND.OBJ
C:\GABEMODPLUS\SRC\GAME\SERVER\RELEASE_HL2MP\DT_UTLVECTOR_SEND.OBJ
C:\GABEMODPLUS\SRC\GAME\SERVER\RELEASE_HL2MP\RANDOVERRIDE.OBJ
C:\GABEMODPLUS\SRC\GAME\SERVER\RELEASE_HL2MP\SHEETSIMULATOR.OBJ
C:\GABEMODPLUS\SRC\GAME\SERVER\RELEASE_HL2MP\DT_SEND.OBJ
C:\GABEMODPLUS\SRC\GAME\SERVER\RELEASE_HL2MP\REGISTRY.OBJ
C:\GABEMODPLUS\SRC\GAME\SERVER\RELEASE_HL2MP\INIT_FACTORY.OBJ
C:\GABEMODPLUS\SRC\GAME\SERVER\RELEASE_HL2MP\INTERVAL.OBJ
C:\GABEMODPLUS\SRC\GAME\SERVER\RELEASE_HL2MP\MEMOVERRIDE.OBJ
C:\GABEMODPLUS\SRC\GAME\SERVER\RELEASE_HL2MP\INTERPOLATORTYPES.OBJ
C:\GABEMODPLUS\SRC\GAME\SERVER\RELEASE_HL2MP\KEYFRAME.OBJ
C:\GABEMODPLUS\SRC\GAME\SERVER\RELEASE_HL2MP\STRINGREGISTRY.OBJ
C:\GABEMODPLUS\SRC\GAME\SERVER\RELEASE_HL2MP\GAMESTATS_BASICSTATSFUNCTIONS.OBJ
C:\GABEMODPLUS\SRC\GAME\SERVER\RELEASE_HL2MP\COLLISIONUTILS.OBJ
C:\GABEMODPLUS\SRC\GAME\SERVER\RELEASE_HL2MP\SCRATCHPADUTILS.OBJ
C:\GABEMODPLUS\SRC\GAME\SERVER\RELEASE_HL2MP\DT_UTLVECTOR_COMMON.OBJ
C:\GABEMODPLUS\SRC\GAME\SERVER\RELEASE_HL2MP\MAP_UTILS.OBJ
C:\GABEMODPLUS\SRC\GAME\SERVER\RELEASE_HL2MP\SIMPLE_PHYSICS.OBJ
C:\GABEMODPLUS\SRC\GAME\SERVER\RELEASE_HL2MP\FILESYSTEM_HELPERS.OBJ
C:\GABEMODPLUS\SRC\GAME\SERVER\RELEASE_HL2MP\NETWORKVAR.OBJ
C:\GABEMODPLUS\SRC\GAME\SERVER\RELEASE_HL2MP\SCRATCHPAD3D.OBJ
C:\GABEMODPLUS\SRC\GAME\SERVER\RELEASE_HL2MP\BONE_SETUP.OBJ
C:\GABEMODPLUS\SRC\GAME\SERVER\RELEASE_HL2MP\GAMEHANDLE.OBJ
C:\GABEMODPLUS\SRC\GAME\SERVER\RELEASE_HL2MP\ROPE_PHYSICS.OBJ
C:\GABEMODPLUS\SRC\GAME\SERVER\RELEASE_HL2MP\STUDIO.OBJ
C:\GABEMODPLUS\SRC\GAME\SERVER\RELEASE_HL2MP\H_EXPORT.OBJ
C:\GABEMODPLUS\SRC\GAME\SERVER\RELEASE_HL2MP\SERVER_CLASS.OBJ
C:\GABEMODPLUS\SRC\GAME\SERVER\RELEASE_HL2MP\GABE_CVARS.OBJ
C:\GABEMODPLUS\SRC\GAME\SERVER\RELEASE_HL2MP\GABEPLUS_SHARED.OBJ
C:\GABEMODPLUS\SRC\GAME\SERVER\RELEASE_HL2MP\SERVER.DLL
C:\GABEMODPLUS\SRC\GAME\SERVER\RELEASE_HL2MP\SERVER HL2MP.MAP
C:\GABEMODPLUS\SRC\GAME\SERVER\RELEASE_HL2MP\SERVER HL2MP.PDB
䍞尺慇敢潍偤畬屳牳屣慧敭獜牥敶屲敳癲牥桟㉬灭㈭〰⸵捶灸潲൪䌊尺慇敢潍偤畬屳牳屣慧敭獜牥敶屲敒敬獡彥汨洲屰敓癲牥䠠㉌偍氮扩਍㩃䝜扡䵥摯汐獵獜捲杜浡履敳癲牥剜汥慥敳桟㉬灭卜牥敶⁲䱈䴲⹐楬ൢ䌊尺慇敢潍偤畬屳牳屣慧敭獜牥敶屲敒敬獡彥汨洲屰敓癲牥䠠㉌偍攮灸਍㩃䝜扡䵥摯汐獵獜捲杜浡履敳癲牥剜汥慥敳桟㉬灭卜牥敶⁲䱈䴲⹐硥൰帊敓癲牥䠠㉌偍਍㩄停潲牧浡䘠汩獥⠠㡸⤶卜整浡獜整浡灡獰卜畯捲䵥摯屳慧敢潭灤畬屳楢屮敳癲牥搮汬਍㩄停潲牧浡䘠汩獥⠠㡸⤶卜整浡獜整浡灡獰卜畯捲䵥摯屳慧敢潭灤畬屳楢屮敳癲牥瀮扤਍䍞尺慇敢潍偤畬屳牳屣慧敭獜牥敶屲敳癲牥桟㉬灭㈭〰⸵捶灸潲൪䌊尺慇敢潍偤畬屳牳屣慧敭獜牥敶屲敒敬獡彥汨洲屰敓癲牥䠠㉌偍氮扩਍㩃䝜扡䵥摯汐獵獜捲杜浡履敳癲牥剜汥慥敳桟㉬灭卜牥敶⁲䱈䴲⹐楬ൢ䌊尺慇敢潍偤畬屳牳屣慧敭獜牥敶屲敒敬獡彥汨洲屰敓癲牥䠠㉌偍攮灸਍㩃䝜扡䵥摯汐獵獜捲杜浡履敳癲牥剜汥慥敳桟㉬灭卜牥敶⁲䱈䴲⹐硥൰帊敓癲牥䠠㉌偍਍㩄停潲牧浡䘠汩獥⠠㡸⤶卜整浡獜整浡灡獰卜畯捲䵥摯屳慧敢潭灤畬屳楢屮敳癲牥搮汬਍㩄停潲牧浡䘠汩獥⠠㡸⤶卜整浡獜整浡灡獰卜畯捲䵥摯屳慧敢潭灤畬屳楢屮敳癲牥瀮扤਍卞牥敶⁲䱈䴲൐䐊尺牐杯慲⁭楆敬⁳砨㘸尩瑓慥屭瑳慥慭灰屳潓牵散潍獤杜扡浥摯汰獵扜湩獜牥敶⹲汤൬䐊尺牐杯慲⁭楆敬⁳砨㘸尩瑓慥屭瑳慥慭灰屳潓牵散潍獤杜扡浥摯汰獵扜湩獜牥敶⹲摰ൢ帊敓癲牥䠠㉌偍਍㩄停潲牧浡䘠汩獥⠠㡸⤶卜整浡獜整浡灡獰卜畯捲䵥摯屳慧敢潭灤畬屳楢屮敳癲牥搮汬਍㩄停潲牧浡䘠汩獥⠠㡸⤶卜整浡獜整浡灡獰卜畯捲䵥摯屳慧敢潭灤畬屳楢屮敳癲牥瀮扤਍卞牥敶⁲䱈䴲൐䐊尺牐杯慲⁭楆敬⁳砨㘸尩瑓慥屭瑳慥慭灰屳潓牵散潍獤杜扡浥摯汰獵扜湩獜牥敶⹲汤൬䐊尺牐杯慲⁭楆敬⁳砨㘸尩瑓慥屭瑳慥慭灰屳潓牵散潍獤杜扡浥摯汰獵扜湩獜牥敶⹲摰ൢ帊敓癲牥䠠㉌偍਍㩄停潲牧浡䘠汩獥⠠㡸⤶卜整浡獜整浡灡獰卜畯捲䵥摯屳慧敢潭灤畬屳楢屮敳癲牥搮汬਍㩄停潲牧浡䘠汩獥⠠㡸⤶卜整浡獜整浡灡獰卜畯捲䵥摯屳慧敢潭灤畬屳楢屮敳癲牥瀮扤਍卞牥敶⁲䱈䴲൐䐊尺牐杯慲⁭楆敬⁳砨㘸尩瑓慥屭瑳慥慭灰屳潓牵散潍獤杜扡浥摯汰獵扜湩獜牥敶⹲汤൬䐊尺牐杯慲⁭楆敬⁳砨㘸尩瑓慥屭瑳慥慭灰屳潓牵散潍獤杜扡浥摯汰獵扜湩獜牥敶⹲摰ൢ帊敓癲牥䠠㉌偍਍㩄停潲牧浡䘠汩獥⠠㡸⤶卜整浡獜整浡灡獰卜畯捲䵥摯屳慧敢潭灤畬屳楢屮敳癲牥搮汬਍㩄停潲牧浡䘠汩獥⠠㡸⤶卜整浡獜整浡灡獰卜畯捲䵥摯屳慧敢潭灤畬屳楢屮敳癲牥瀮扤਍卞牥敶⁲䱈䴲൐䐊尺牐杯慲⁭楆敬⁳砨㘸尩瑓慥屭瑳慥慭灰屳潓牵散潍獤杜扡浥摯汰獵扜湩獜牥敶⹲汤൬䐊尺牐杯慲⁭楆敬⁳砨㘸尩瑓慥屭瑳慥慭灰屳潓牵散潍獤杜扡浥摯汰獵扜湩獜牥敶⹲摰ൢ帊敓癲牥䠠㉌偍਍㩄停潲牧浡䘠汩獥⠠㡸⤶卜整浡獜整浡灡獰卜畯捲䵥摯屳慧敢潭灤畬屳楢屮敳癲牥搮汬਍㩄停潲牧浡䘠汩獥⠠㡸⤶卜整浡獜整浡灡獰卜畯捲䵥摯屳慧敢潭灤畬屳楢屮敳癲牥瀮扤਍卞牥敶⁲䱈䴲൐䐊尺牐杯慲⁭楆敬⁳砨㘸尩瑓慥屭瑳慥慭灰屳潓牵散潍獤杜扡浥摯汰獵扜湩獜牥敶⹲汤൬䐊尺牐杯慲⁭楆敬⁳砨㘸尩瑓慥屭瑳慥慭灰屳潓牵散潍獤杜扡浥摯汰獵扜湩獜牥敶⹲摰ൢ帊敓癲牥䠠㉌偍਍㩄停潲牧浡䘠汩獥⠠㡸⤶卜整浡獜整浡灡獰卜畯捲䵥摯屳慧敢潭灤畬屳楢屮敳癲牥搮汬਍㩄停潲牧浡䘠汩獥⠠㡸⤶卜整浡獜整浡灡獰卜畯捲䵥摯屳慧敢潭灤畬屳楢屮敳癲牥瀮扤਍卞牥敶⁲䱈䴲൐䐊尺牐杯慲⁭楆敬⁳砨㘸尩瑓慥屭瑳慥慭灰屳潓牵散潍獤杜扡浥摯汰獵扜湩獜牥敶⹲汤൬䐊尺牐杯慲⁭楆敬⁳砨㘸尩瑓慥屭瑳慥慭灰屳潓牵散潍獤杜扡浥摯汰獵扜湩獜牥敶⹲摰ൢ帊敓癲牥䠠㉌偍਍㩄停潲牧浡䘠汩獥⠠㡸⤶卜整浡獜整浡灡獰卜畯捲䵥摯屳慧敢潭灤畬屳楢屮敳癲牥搮汬਍㩄停潲牧浡䘠汩獥⠠㡸⤶卜整浡獜整浡灡獰卜畯捲䵥摯屳慧敢潭灤畬屳楢屮敳癲牥瀮扤਍卞牥敶⁲䱈䴲൐䐊尺牐杯慲⁭楆敬⁳砨㘸尩瑓慥屭瑳慥慭灰屳潓牵散潍獤杜扡浥摯汰獵扜湩獜牥敶⹲汤൬䐊尺牐杯慲⁭楆敬⁳砨㘸尩瑓慥屭瑳慥慭灰屳潓牵散潍獤杜扡浥摯汰獵扜湩獜牥敶⹲摰ൢ帊敓癲牥䠠㉌偍਍㩄停潲牧浡䘠汩獥⠠㡸⤶卜整浡獜整浡灡獰卜畯捲䵥摯屳慧敢潭灤畬屳楢屮敳癲牥搮汬਍㩄停潲牧浡䘠汩獥⠠㡸⤶卜整浡獜整浡灡獰卜畯捲䵥摯屳慧敢潭灤畬屳楢屮敳癲牥瀮扤਍卞牥敶⁲䱈䴲൐䐊尺牐杯慲⁭楆敬⁳砨㘸尩瑓慥屭瑳慥慭灰屳潓牵散潍獤杜扡浥摯汰獵扜湩獜牥敶⹲汤൬䐊尺牐杯慲⁭楆敬⁳砨㘸尩瑓慥屭瑳慥慭灰屳潓牵散潍獤杜扡浥摯汰獵扜湩獜牥敶⹲摰ൢ帊敓癲牥䠠㉌偍਍㩄停潲牧浡䘠汩獥⠠㡸⤶卜整浡獜整浡灡獰卜畯捲䵥摯屳慧敢潭灤畬屳楢屮敳癲牥搮汬਍㩄停潲牧浡䘠汩獥⠠㡸⤶卜整浡獜整浡灡獰卜畯捲䵥摯屳慧敢潭灤畬屳楢屮敳癲牥瀮扤਍卞牥敶⁲䱈䴲൐䐊尺牐杯慲⁭楆敬⁳砨㘸尩瑓慥屭瑳慥慭灰屳潓牵散潍獤杜扡浥摯汰獵扜湩獜牥敶⹲汤൬䐊尺牐杯慲⁭楆敬⁳砨㘸尩瑓慥屭瑳慥慭灰屳潓牵散潍獤杜扡浥摯汰獵扜湩獜牥敶⹲摰ൢ帊敓癲牥䠠㉌偍਍㩄停潲牧浡䘠汩獥⠠㡸⤶卜整浡獜整浡灡獰卜畯捲䵥摯屳慧敢潭灤畬屳楢屮敳癲牥搮汬਍㩄停潲牧浡䘠汩獥⠠㡸⤶卜整浡獜整浡灡獰卜畯捲䵥摯屳慧敢潭灤畬屳楢屮敳癲牥瀮扤਍卞牥敶⁲䱈䴲൐䐊尺牐杯慲⁭楆敬⁳砨㘸尩瑓慥屭瑳慥慭灰屳潓牵散潍獤杜扡浥摯汰獵扜湩獜牥敶⹲汤൬䐊尺牐杯慲⁭楆敬⁳砨㘸尩瑓慥屭瑳慥慭灰屳潓牵散潍獤杜扡浥摯汰獵扜湩獜牥敶⹲摰ൢ帊敓癲牥䠠㉌偍਍㩄停潲牧浡䘠汩獥⠠㡸⤶卜整浡獜整浡灡獰卜畯捲䵥摯屳慧敢潭灤畬屳楢屮敳癲牥搮汬਍㩄停潲牧浡䘠汩獥⠠㡸⤶卜整浡獜整浡灡獰卜畯捲䵥摯屳慧敢潭灤畬屳楢屮敳癲牥瀮扤਍䍞尺慇敢潍偤畬屳牳屣慧敭獜牥敶屲敳癲牥桟㉬灭㈭〰⸵捶灸潲൪䌊尺慇敢潍偤畬屳牳屣慧敭獜牥敶屲敒敬獡彥汨洲屰敓癲牥䠠㉌偍氮扩਍㩃䝜扡䵥摯汐獵獜捲杜浡履敳癲牥剜汥慥敳桟㉬灭卜牥敶⁲䱈䴲⹐楬ൢ䌊尺慇敢潍偤畬屳牳屣慧敭獜牥敶屲敒敬獡彥汨洲屰敓癲牥䠠㉌偍攮灸਍㩃䝜扡䵥摯汐獵獜捲杜浡履敳癲牥剜汥慥敳桟㉬灭卜牥敶⁲䱈䴲⹐硥൰帊敓癲牥䠠㉌偍਍㩄停潲牧浡䘠汩獥⠠㡸⤶卜整浡獜整浡灡獰卜畯捲䵥摯屳慧敢潭灤畬屳楢屮敳癲牥搮汬਍㩄停潲牧浡䘠汩獥⠠㡸⤶卜整浡獜整浡灡獰卜畯捲䵥摯屳慧敢潭灤畬屳楢屮敳癲牥瀮扤਍卞牥敶⁲䱈䴲൐䐊尺牐杯慲⁭楆敬⁳砨㘸尩瑓慥屭瑳慥慭灰屳潓牵散潍獤杜扡浥摯汰獵扜湩獜牥敶⹲汤൬䐊尺牐杯慲⁭楆敬⁳砨㘸尩瑓慥屭瑳慥慭灰屳潓牵散潍獤杜扡浥摯汰獵扜湩獜牥敶⹲摰ൢ帊敓癲牥䠠㉌偍਍㩄停潲牧浡䘠汩獥⠠㡸⤶卜整浡獜整浡灡獰卜畯捲䵥摯屳慧敢潭灤畬屳楢屮敳癲牥搮汬਍㩄停潲牧浡䘠汩獥⠠㡸⤶卜整浡獜整浡灡獰卜畯捲䵥摯屳慧敢潭灤畬屳楢屮敳癲牥瀮扤਍䍞尺慇敢潍偤畬屳牳屣慧敭獜牥敶屲敳癲牥桟㉬灭㈭〰⸵捶灸潲൪䌊尺慇敢潍偤畬屳牳屣慧敭獜牥敶屲敒敬獡彥汨洲屰敓癲牥䠠㉌偍氮扩਍㩃䝜扡䵥摯汐獵獜捲杜浡履敳癲牥剜汥慥敳桟㉬灭卜牥敶⁲䱈䴲⹐楬ൢ䌊尺慇敢潍偤畬屳牳屣慧敭獜牥敶屲敒敬獡彥汨洲屰敓癲牥䠠㉌偍攮灸਍㩃䝜扡䵥摯汐獵獜捲杜浡履敳癲牥剜汥慥敳桟㉬灭卜牥敶⁲䱈䴲⹐硥൰帊敓癲牥䠠㉌偍਍㩄停潲牧浡䘠汩獥⠠㡸⤶卜整浡獜整浡灡獰卜畯捲䵥摯屳慧敢潭灤畬屳楢屮敳癲牥搮汬਍㩄停潲牧浡䘠汩獥⠠㡸⤶卜整浡獜整浡灡獰卜畯捲䵥摯屳慧敢潭灤畬屳楢屮敳癲牥瀮扤਍卞牥敶⁲䱈䴲൐䐊尺牐杯慲⁭楆敬⁳砨㘸尩瑓慥屭瑳慥慭灰屳潓牵散潍獤杜扡浥摯汰獵扜湩獜牥敶⹲汤൬䐊尺牐杯慲⁭楆敬⁳砨㘸尩瑓慥屭瑳慥慭灰屳潓牵散潍獤杜扡浥摯汰獵扜湩獜牥敶⹲摰ൢ帊敓癲牥䠠㉌偍਍㩄停潲牧浡䘠汩獥⠠㡸⤶卜整浡獜整浡灡獰卜畯捲䵥摯屳慧敢潭灤畬屳楢屮敳癲牥搮汬਍㩄停潲牧浡䘠汩獥⠠㡸⤶卜整浡獜整浡灡獰卜畯捲䵥摯屳慧敢潭灤畬屳楢屮敳癲牥瀮扤਍卞牥敶⁲䱈䴲൐䐊尺牐杯慲⁭楆敬⁳砨㘸尩瑓慥屭瑳慥慭灰屳潓牵散潍獤杜扡浥摯汰獵扜湩獜牥敶⹲汤൬䐊尺牐杯慲⁭楆敬⁳砨㘸尩瑓慥屭瑳慥慭灰屳潓牵散潍獤杜扡浥摯汰獵扜湩獜牥敶⹲摰ൢ帊㩃䝜扡䵥摯汐獵獜捲杜浡履敳癲牥獜牥敶彲汨洲⵰〲㔰瘮硣牰橯਍㩃䝜扡䵥摯汐獵獜捲杜浡履敳癲牥剜汥慥敳桟㉬灭卜牥敶⁲䱈䴲⹐楬ൢ䌊尺慇敢潍偤畬屳牳屣慧敭獜牥敶屲敒敬獡彥汨洲屰敓癲牥䠠㉌偍氮扩਍㩃䝜扡䵥摯汐獵獜捲杜浡履敳癲牥剜汥慥敳桟㉬灭卜牥敶⁲䱈䴲⹐硥൰䌊尺慇敢潍偤畬屳牳屣慧敭獜牥敶屲敒敬獡彥汨洲屰敓癲牥䠠㉌偍攮灸਍卞牥敶⁲䱈䴲൐䐊尺牐杯慲⁭楆敬⁳砨㘸尩瑓慥屭瑳慥慭灰屳潓牵散潍獤杜扡浥摯汰獵扜湩獜牥敶⹲汤൬䐊尺牐杯慲⁭楆敬⁳砨㘸尩瑓慥屭瑳慥慭灰屳潓牵散潍獤杜扡浥摯汰獵扜湩獜牥敶⹲摰ൢ帊㩃䝜扡䵥摯汐獵獜捲杜浡履敳癲牥獜牥敶彲汨洲⵰〲㔰瘮硣牰橯਍㩃䝜扡䵥摯汐獵獜捲杜浡履敳癲牥剜汥慥敳桟㉬灭卜牥敶⁲䱈䴲⹐楬ൢ䌊尺慇敢潍偤畬屳牳屣慧敭獜牥敶屲敒敬獡彥汨洲屰敓癲牥䠠㉌偍氮扩਍㩃䝜扡䵥摯汐獵獜捲杜浡履敳癲牥剜汥慥敳桟㉬灭卜牥敶⁲䱈䴲⹐硥൰䌊尺慇敢潍偤畬屳牳屣慧敭獜牥敶屲敒敬獡彥汨洲屰敓癲牥䠠㉌偍攮灸਍卞牥敶⁲䱈䴲൐䐊尺牐杯慲⁭楆敬⁳砨㘸尩瑓慥屭瑳慥慭灰屳潓牵散潍獤杜扡浥摯汰獵扜湩獜牥敶⹲汤൬䐊尺牐杯慲⁭楆敬⁳砨㘸尩瑓慥屭瑳慥慭灰屳潓牵散潍獤杜扡浥摯汰獵扜湩獜牥敶⹲摰ൢ帊㩃䝜扡䵥摯汐獵獜捲杜浡履敳癲牥獜牥敶彲汨洲⵰〲㔰瘮硣牰橯਍㩃䝜扡䵥摯汐獵獜捲杜浡履敳癲牥剜汥慥敳桟㉬灭卜牥敶⁲䱈䴲⹐楬ൢ䌊尺慇敢潍偤畬屳牳屣慧敭獜牥敶屲敒敬獡彥汨洲屰敓癲牥䠠㉌偍氮扩਍㩃䝜扡䵥摯汐獵獜捲杜浡履敳癲牥剜汥慥敳桟㉬灭卜牥敶⁲䱈䴲⹐硥൰䌊尺慇敢潍偤畬屳牳屣慧敭獜牥敶屲敒敬獡彥汨洲屰敓癲牥䠠㉌偍攮灸਍卞牥敶⁲䱈䴲൐䐊尺牐杯慲⁭楆敬⁳砨㘸尩瑓慥屭瑳慥慭灰屳潓牵散潍獤杜扡浥摯汰獵扜湩獜牥敶⹲汤൬䐊尺牐杯慲⁭楆敬⁳砨㘸尩瑓慥屭瑳慥慭灰屳潓牵散潍獤杜扡浥摯汰獵扜湩獜牥敶⹲摰ൢ帊敓癲牥䠠㉌偍਍㩄停潲牧浡䘠汩獥⠠㡸⤶卜整浡獜整浡灡獰卜畯捲䵥摯屳慧敢潭灤畬屳楢屮敳癲牥搮汬਍㩄停潲牧浡䘠汩獥⠠㡸⤶卜整浡獜整浡灡獰卜畯捲䵥摯屳慧敢潭灤畬屳楢屮敳癲牥瀮扤਍卞牥敶⁲䱈䴲൐䐊尺牐杯慲⁭楆敬⁳砨㘸尩瑓慥屭瑳慥慭灰屳潓牵散潍獤杜扡浥摯汰獵扜湩獜牥敶⹲汤൬䐊尺牐杯慲⁭楆敬⁳砨㘸尩瑓慥屭瑳慥慭灰屳潓牵散潍獤杜扡浥摯汰獵扜湩獜牥敶⹲摰ൢ帊敓癲牥䠠㉌偍਍㩄停潲牧浡䘠汩獥⠠㡸⤶卜整浡獜整浡灡獰卜畯捲䵥摯屳慧敢潭灤畬屳楢屮敳癲牥搮汬਍㩄停潲牧浡䘠汩獥⠠㡸⤶卜整浡獜整浡灡獰卜畯捲䵥摯屳慧敢潭灤畬屳楢屮敳癲牥瀮扤਍卞牥敶⁲䱈䴲൐䐊尺牐杯慲⁭楆敬⁳砨㘸尩瑓慥屭瑳慥慭灰屳潓牵散潍獤杜扡浥摯汰獵扜湩獜牥敶⹲汤൬䐊尺牐杯慲⁭楆敬⁳砨㘸尩瑓慥屭瑳慥慭灰屳潓牵散潍獤杜扡浥摯汰獵扜湩獜牥敶⹲摰ൢ帊敓癲牥䠠㉌偍਍㩄停潲牧浡䘠汩獥⠠㡸⤶卜整浡獜整浡灡獰卜畯捲䵥摯屳慧敢潭灤畬屳楢屮敳癲牥搮汬਍㩄停潲牧浡䘠汩獥⠠㡸⤶卜整浡獜整浡灡獰卜畯捲䵥摯屳慧敢潭灤畬屳楢屮敳癲牥瀮扤਍䍞尺慇敢潍偤畬屳牳屣慧敭獜牥敶屲敳癲牥桟㉬灭㈭〰⸵捶灸潲൪䌊尺慇敢潍偤畬屳牳屣慧敭獜牥敶屲敒敬獡彥汨洲屰敓癲牥䠠㉌偍氮扩਍㩃䝜扡䵥摯汐獵獜捲杜浡履敳癲牥剜汥慥敳桟㉬灭卜牥敶⁲䱈䴲⹐楬ൢ䌊尺慇敢潍偤畬屳牳屣慧敭獜牥敶屲敒敬獡彥汨洲屰敓癲牥䠠㉌偍攮灸਍㩃䝜扡䵥摯汐獵獜捲杜浡履敳癲牥剜汥慥敳桟㉬灭卜牥敶⁲䱈䴲⹐硥൰帊敓癲牥䠠㉌偍਍㩄停潲牧浡䘠汩獥⠠㡸⤶卜整浡獜整浡灡獰卜畯捲䵥摯屳慧敢潭灤畬屳楢屮敳癲牥搮汬਍㩄停潲牧浡䘠汩獥⠠㡸⤶卜整浡獜整浡灡獰卜畯捲䵥摯屳慧敢潭灤畬屳楢屮敳癲牥瀮扤਍䍞尺慇敢潍偤畬屳牳屣慧敭獜牥敶屲敳癲牥桟㉬灭㈭〰⸵捶灸潲൪䌊尺慇敢潍偤畬屳牳屣慧敭獜牥敶屲敒敬獡彥汨洲屰敓癲牥䠠㉌偍氮扩਍㩃䝜扡䵥摯汐獵獜捲杜浡履敳癲牥剜汥慥敳桟㉬灭卜牥敶⁲䱈䴲⹐楬ൢ䌊尺慇敢潍偤畬屳牳屣慧敭獜牥敶屲敒敬獡彥汨洲屰敓癲牥䠠㉌偍攮灸਍㩃䝜扡䵥摯汐獵獜捲杜浡履敳癲牥剜汥慥敳桟㉬灭卜牥敶⁲䱈䴲⹐硥൰帊敓癲牥䠠㉌偍਍㩄停潲牧浡䘠汩獥⠠㡸⤶卜整浡獜整浡灡獰卜畯捲䵥摯屳慧敢潭灤畬屳楢屮敳癲牥搮汬਍㩄停潲牧浡䘠汩獥⠠㡸⤶卜整浡獜整浡灡獰卜畯捲䵥摯屳慧敢潭灤畬屳楢屮敳癲牥瀮扤਍䍞尺慇敢潍偤畬屳牳屣慧敭獜牥敶屲敳癲牥桟㉬灭㈭〰⸵捶灸潲൪䌊尺慇敢潍偤畬屳牳屣慧敭獜牥敶屲敒敬獡彥汨洲屰敓癲牥䠠㉌偍氮扩਍㩃䝜扡䵥摯汐獵獜捲杜浡履敳癲牥剜汥慥敳桟㉬灭卜牥敶⁲䱈䴲⹐楬ൢ䌊尺慇敢潍偤畬屳牳屣慧敭獜牥敶屲敒敬獡彥汨洲屰敓癲牥䠠㉌偍攮灸਍㩃䝜扡䵥摯汐獵獜捲杜浡履敳癲牥剜汥慥敳桟㉬灭卜牥敶⁲䱈䴲⹐硥൰帊敓癲牥䠠㉌偍਍㩄停潲牧浡䘠汩獥⠠㡸⤶卜整浡獜整浡灡獰卜畯捲䵥摯屳慧敢潭灤畬屳楢屮敳癲牥搮汬਍㩄停潲牧浡䘠汩獥⠠㡸⤶卜整浡獜整浡灡獰卜畯捲䵥摯屳慧敢潭灤畬屳楢屮敳癲牥瀮扤਍卞牥敶⁲䱈䴲൐䐊尺牐杯慲⁭楆敬⁳砨㘸尩瑓慥屭瑳慥慭灰屳潓牵散潍獤杜扡浥摯汰獵扜湩獜牥敶⹲汤൬䐊尺牐杯慲⁭楆敬⁳砨㘸尩瑓慥屭瑳慥慭灰屳潓牵散潍獤杜扡浥摯汰獵扜湩獜牥敶⹲摰ൢ帊㩃䝜扡䵥摯汐獵獜捲杜浡履敳癲牥獜牥敶彲汨洲⵰〲㔰瘮硣牰橯਍㩃䝜扡䵥摯汐獵獜捲杜浡履敳癲牥剜汥慥敳桟㉬灭卜牥敶⁲䱈䴲⹐楬ൢ䌊尺慇敢潍偤畬屳牳屣慧敭獜牥敶屲敒敬獡彥汨洲屰敓癲牥䠠㉌偍氮扩਍㩃䝜扡䵥摯汐獵獜捲杜浡履敳癲牥剜汥慥敳桟㉬灭卜牥敶⁲䱈䴲⹐硥൰䌊尺慇敢潍偤畬屳牳屣慧敭獜牥敶屲敒敬獡彥汨洲屰敓癲牥䠠㉌偍攮灸਍卞牥敶⁲䱈䴲൐䐊尺牐杯慲⁭楆敬⁳砨㘸尩瑓慥屭瑳慥慭灰屳潓牵散潍獤杜扡浥摯汰獵扜湩獜牥敶⹲汤൬䐊尺牐杯慲⁭楆敬⁳砨㘸尩瑓慥屭瑳慥慭灰屳潓牵散潍獤杜扡浥摯汰獵扜湩獜牥敶⹲摰ൢ帊㩃䝜扡䵥摯汐獵獜捲杜浡履敳癲牥獜牥敶彲汨洲⵰〲㔰瘮硣牰橯਍㩃䝜扡䵥摯汐獵獜捲杜浡履敳癲牥剜汥慥敳桟㉬灭卜牥敶⁲䱈䴲⹐楬ൢ䌊尺慇敢潍偤畬屳牳屣慧敭獜牥敶屲敒敬獡彥汨洲屰敓癲牥䠠㉌偍氮扩਍㩃䝜扡䵥摯汐獵獜捲杜浡履敳癲牥剜汥慥敳桟㉬灭卜牥敶⁲䱈䴲⹐硥൰䌊尺慇敢潍偤畬屳牳屣慧敭獜牥敶屲敒敬獡彥汨洲屰敓癲牥䠠㉌偍攮灸਍卞牥敶⁲䱈䴲൐䐊尺牐杯慲⁭楆敬⁳砨㘸尩瑓慥屭瑳慥慭灰屳潓牵散潍獤杜扡浥摯汰獵扜湩獜牥敶⹲汤൬䐊尺牐杯慲⁭楆敬⁳砨㘸尩瑓慥屭瑳慥慭灰屳潓牵散潍獤杜扡浥摯汰獵扜湩獜牥敶⹲摰ൢ帊㩃䝜扡䵥摯汐獵獜捲杜浡履敳癲牥獜牥敶彲汨洲⵰〲㔰瘮硣牰橯਍㩃䝜扡䵥摯汐獵獜捲杜浡履敳癲牥剜汥慥敳桟㉬灭卜牥敶⁲䱈䴲⹐楬ൢ䌊尺慇敢潍偤畬屳牳屣慧敭獜牥敶屲敒敬獡彥汨洲屰敓癲牥䠠㉌偍氮扩਍㩃䝜扡䵥摯汐獵獜捲杜浡履敳癲牥剜汥慥敳桟㉬灭卜牥敶⁲䱈䴲⹐硥൰䌊尺慇敢潍偤畬屳牳屣慧敭獜牥敶屲敒敬獡彥汨洲屰敓癲牥䠠㉌偍攮灸਍卞牥敶⁲䱈䴲൐䐊尺牐杯慲⁭楆敬⁳砨㘸尩瑓慥屭瑳慥慭灰屳潓牵散潍獤杜扡浥摯汰獵扜湩獜牥敶⹲汤൬䐊尺牐杯慲⁭楆敬⁳砨㘸尩瑓慥屭瑳慥慭灰屳潓牵散潍獤杜扡浥摯汰獵扜湩獜牥敶⹲摰ൢ帊㩃䝜扡䵥摯汐獵獜捲杜浡履敳癲牥獜牥敶彲汨洲⵰〲㔰瘮硣牰橯਍㩃䝜扡䵥摯汐獵獜捲杜浡履敳癲牥剜汥慥敳桟㉬灭卜牥敶⁲䱈䴲⹐楬ൢ䌊尺慇敢潍偤畬屳牳屣慧敭獜牥敶屲敒敬獡彥汨洲屰敓癲牥䠠㉌偍氮扩਍㩃䝜扡䵥摯汐獵獜捲杜浡履敳癲牥剜汥慥敳桟㉬灭卜牥敶⁲䱈䴲⹐硥൰䌊尺慇敢潍偤畬屳牳屣慧敭獜牥敶屲敒敬獡彥汨洲屰敓癲牥䠠㉌偍攮灸਍卞牥敶⁲䱈䴲൐䐊尺牐杯慲⁭楆敬⁳砨㘸尩瑓慥屭瑳慥慭灰屳潓牵散潍獤杜扡浥摯汰獵扜湩獜牥敶⹲汤൬䐊尺牐杯慲⁭楆敬⁳砨㘸尩瑓慥屭瑳慥慭灰屳潓牵散潍獤杜扡浥摯汰獵扜湩獜牥敶⹲摰ൢ帊敓癲牥䠠㉌偍਍㩄停潲牧浡䘠汩獥⠠㡸⤶卜整浡獜整浡灡獰卜畯捲䵥摯屳慧敢潭灤畬屳楢屮敳癲牥搮汬਍㩄停潲牧浡䘠汩獥⠠㡸⤶卜整浡獜整浡灡獰卜畯捲䵥摯屳慧敢潭灤畬屳楢屮敳癲牥瀮扤਍卞牥敶⁲䱈䴲൐䐊尺牐杯慲⁭楆敬⁳砨㘸尩瑓慥屭瑳慥慭灰屳潓牵散潍獤杜扡浥摯汰獵扜湩獜牥敶⹲汤൬䐊尺牐杯慲⁭楆敬⁳砨㘸尩瑓慥屭瑳慥慭灰屳潓牵散潍獤杜扡浥摯汰獵扜湩獜牥敶⹲摰ൢ帊敓癲牥䠠㉌偍਍㩄停潲牧浡䘠汩獥⠠㡸⤶卜整浡獜整浡灡獰卜畯捲䵥摯屳慧敢潭灤畬屳楢屮敳癲牥搮汬਍㩄停潲牧浡䘠汩獥⠠㡸⤶卜整浡獜整浡灡獰卜畯捲䵥摯屳慧敢潭灤畬屳楢屮敳癲牥瀮扤਍卞牥敶⁲䱈䴲൐䐊尺牐杯慲⁭楆敬⁳砨㘸尩瑓慥屭瑳慥慭灰屳潓牵散潍獤杜扡浥摯汰獵扜湩獜牥敶⹲汤൬䐊尺牐杯慲⁭楆敬⁳砨㘸尩瑓慥屭瑳慥慭灰屳潓牵散潍獤杜扡浥摯汰獵扜湩獜牥敶⹲摰ൢ帊敓癲牥䠠㉌偍਍㩄停潲牧浡䘠汩獥⠠㡸⤶卜整浡獜整浡灡獰卜畯捲䵥摯屳慧敢潭灤畬屳楢屮敳癲牥搮汬਍㩄停潲牧浡䘠汩獥⠠㡸⤶卜整浡獜整浡灡獰卜畯捲䵥摯屳慧敢潭灤畬屳楢屮敳癲牥瀮扤਍卞牥敶⁲䱈䴲൐䐊尺牐杯慲⁭楆敬⁳砨㘸尩瑓慥屭瑳慥慭灰屳潓牵散潍獤杜扡浥摯汰獵扜湩獜牥敶⹲汤൬䐊尺牐杯慲⁭楆敬⁳砨㘸尩瑓慥屭瑳慥慭灰屳潓牵散潍獤杜扡浥摯汰獵扜湩獜牥敶⹲摰ൢ帊敓癲牥䠠㉌偍਍㩄停潲牧浡䘠汩獥⠠㡸⤶卜整浡獜整浡灡獰卜畯捲䵥摯屳慧敢潭灤畬屳楢屮敳癲牥搮汬਍㩄停潲牧浡䘠汩獥⠠㡸⤶卜整浡獜整浡灡獰卜畯捲䵥摯屳慧敢潭灤畬屳楢屮敳癲牥瀮扤਍
C:\GabeModPlus\src\game\server\Release_hl2mp\achievementmgr.obj
C:\GabeModPlus\src\game\server\Release_hl2mp\achievements_hlx.obj
C:\GabeModPlus\src\game\server\Release_hl2mp\achievement_saverestore.obj
C:\GabeModPlus\src\game\server\Release_hl2mp\activitylist.obj
C:\GabeModPlus\src\game\server\Release_hl2mp\ai_activity.obj
C:\GabeModPlus\src\game\server\Release_hl2mp\ai_allymanager.obj
C:\GabeModPlus\src\game\server\Release_hl2mp\ai_baseactor.obj
C:\GabeModPlus\src\game\server\Release_hl2mp\ai_basehumanoid.obj
C:\GabeModPlus\src\game\server\Release_hl2mp\ai_basenpc.obj
C:\GabeModPlus\src\game\server\Release_hl2mp\ai_basenpc_flyer.obj
C:\GabeModPlus\src\game\server\Release_hl2mp\ai_basenpc_flyer_new.obj
C:\GabeModPlus\src\game\server\Release_hl2mp\ai_basenpc_movement.obj
C:\GabeModPlus\src\game\server\Release_hl2mp\ai_basenpc_physicsflyer.obj
C:\GabeModPlus\src\game\server\Release_hl2mp\ai_basenpc_schedule.obj
C:\GabeModPlus\src\game\server\Release_hl2mp\ai_basenpc_squad.obj
C:\GabeModPlus\src\game\server\Release_hl2mp\ai_behavior.obj
C:\GabeModPlus\src\game\server\Release_hl2mp\ai_behavior_actbusy.obj
C:\GabeModPlus\src\game\server\Release_hl2mp\ai_behavior_assault.obj
C:\GabeModPlus\src\game\server\Release_hl2mp\ai_behavior_fear.obj
C:\GabeModPlus\src\game\server\Release_hl2mp\ai_behavior_follow.obj
C:\GabeModPlus\src\game\server\Release_hl2mp\ai_behavior_functank.obj
C:\GabeModPlus\src\game\server\Release_hl2mp\ai_behavior_holster.obj
C:\GabeModPlus\src\game\server\Release_hl2mp\ai_behavior_lead.obj
C:\GabeModPlus\src\game\server\Release_hl2mp\ai_behavior_police.obj
C:\GabeModPlus\src\game\server\Release_hl2mp\ai_behavior_rappel.obj
C:\GabeModPlus\src\game\server\Release_hl2mp\ai_behavior_standoff.obj
C:\GabeModPlus\src\game\server\Release_hl2mp\ai_blended_movement.obj
C:\GabeModPlus\src\game\server\Release_hl2mp\ai_concommands.obj
C:\GabeModPlus\src\game\server\Release_hl2mp\ai_condition.obj
C:\GabeModPlus\src\game\server\Release_hl2mp\AI_Criteria.obj
C:\GabeModPlus\src\game\server\Release_hl2mp\ai_default.obj
C:\GabeModPlus\src\game\server\Release_hl2mp\ai_dynamiclink.obj
C:\GabeModPlus\src\game\server\Release_hl2mp\ai_event.obj
C:\GabeModPlus\src\game\server\Release_hl2mp\ai_goalentity.obj
C:\GabeModPlus\src\game\server\Release_hl2mp\ai_goal_police.obj
C:\GabeModPlus\src\game\server\Release_hl2mp\ai_hint.obj
C:\GabeModPlus\src\game\server\Release_hl2mp\ai_hull.obj
C:\GabeModPlus\src\game\server\Release_hl2mp\ai_initutils.obj
C:\GabeModPlus\src\game\server\Release_hl2mp\AI_Interest_Target.obj
C:\GabeModPlus\src\game\server\Release_hl2mp\ai_link.obj
C:\GabeModPlus\src\game\server\Release_hl2mp\ai_localnavigator.obj
C:\GabeModPlus\src\game\server\Release_hl2mp\ai_looktarget.obj
C:\GabeModPlus\src\game\server\Release_hl2mp\ai_memory.obj
C:\GabeModPlus\src\game\server\Release_hl2mp\ai_motor.obj
C:\GabeModPlus\src\game\server\Release_hl2mp\ai_moveprobe.obj
C:\GabeModPlus\src\game\server\Release_hl2mp\ai_moveshoot.obj
C:\GabeModPlus\src\game\server\Release_hl2mp\ai_movesolver.obj
C:\GabeModPlus\src\game\server\Release_hl2mp\ai_namespaces.obj
C:\GabeModPlus\src\game\server\Release_hl2mp\ai_navigator.obj
C:\GabeModPlus\src\game\server\Release_hl2mp\ai_network.obj
C:\GabeModPlus\src\game\server\Release_hl2mp\ai_networkmanager.obj
C:\GabeModPlus\src\game\server\Release_hl2mp\ai_node.obj
C:\GabeModPlus\src\game\server\Release_hl2mp\ai_pathfinder.obj
C:\GabeModPlus\src\game\server\Release_hl2mp\ai_planesolver.obj
C:\GabeModPlus\src\game\server\Release_hl2mp\ai_playerally.obj
C:\GabeModPlus\src\game\server\Release_hl2mp\ai_relationship.obj
C:\GabeModPlus\src\game\server\Release_hl2mp\AI_ResponseSystem.obj
C:\GabeModPlus\src\game\server\Release_hl2mp\ai_route.obj
C:\GabeModPlus\src\game\server\Release_hl2mp\ai_saverestore.obj
C:\GabeModPlus\src\game\server\Release_hl2mp\ai_schedule.obj
C:\GabeModPlus\src\game\server\Release_hl2mp\ai_scriptconditions.obj
C:\GabeModPlus\src\game\server\Release_hl2mp\ai_senses.obj
C:\GabeModPlus\src\game\server\Release_hl2mp\ai_sentence.obj
C:\GabeModPlus\src\game\server\Release_hl2mp\ai_speech.obj
C:\GabeModPlus\src\game\server\Release_hl2mp\ai_speechfilter.obj
C:\GabeModPlus\src\game\server\Release_hl2mp\ai_spotlight.obj
C:\GabeModPlus\src\game\server\Release_hl2mp\ai_squad.obj
C:\GabeModPlus\src\game\server\Release_hl2mp\ai_squadslot.obj
C:\GabeModPlus\src\game\server\Release_hl2mp\ai_tacticalservices.obj
C:\GabeModPlus\src\game\server\Release_hl2mp\ai_task.obj
C:\GabeModPlus\src\game\server\Release_hl2mp\ai_trackpather.obj
C:\GabeModPlus\src\game\server\Release_hl2mp\ai_utils.obj
C:\GabeModPlus\src\game\server\Release_hl2mp\ai_waypoint.obj
C:\GabeModPlus\src\game\server\Release_hl2mp\ammodef.obj
C:\GabeModPlus\src\game\server\Release_hl2mp\animation.obj
C:\GabeModPlus\src\game\server\Release_hl2mp\antlion_dust.obj
C:\GabeModPlus\src\game\server\Release_hl2mp\antlion_maker.obj
C:\GabeModPlus\src\game\server\Release_hl2mp\ar2_explosion.obj
C:\GabeModPlus\src\game\server\Release_hl2mp\baseachievement.obj
C:\GabeModPlus\src\game\server\Release_hl2mp\baseanimating.obj
C:\GabeModPlus\src\game\server\Release_hl2mp\BaseAnimatingOverlay.obj
C:\GabeModPlus\src\game\server\Release_hl2mp\basebludgeonweapon.obj
C:\GabeModPlus\src\game\server\Release_hl2mp\basecombatcharacter.obj
C:\GabeModPlus\src\game\server\Release_hl2mp\basecombatcharacter_shared.obj
C:\GabeModPlus\src\game\server\Release_hl2mp\basecombatweapon.obj
C:\GabeModPlus\src\game\server\Release_hl2mp\basecombatweapon_shared.obj
C:\GabeModPlus\src\game\server\Release_hl2mp\baseentity.obj
C:\GabeModPlus\src\game\server\Release_hl2mp\baseentity_shared.obj
C:\GabeModPlus\src\game\server\Release_hl2mp\baseflex.obj
C:\GabeModPlus\src\game\server\Release_hl2mp\basegrenade_concussion.obj
C:\GabeModPlus\src\game\server\Release_hl2mp\basegrenade_contact.obj
C:\GabeModPlus\src\game\server\Release_hl2mp\basegrenade_shared.obj
C:\GabeModPlus\src\game\server\Release_hl2mp\basegrenade_timed.obj
C:\GabeModPlus\src\game\server\Release_hl2mp\basehlcombatweapon.obj
C:\GabeModPlus\src\game\server\Release_hl2mp\basehlcombatweapon_shared.obj
C:\GabeModPlus\src\game\server\Release_hl2mp\basemultiplayerplayer.obj
C:\GabeModPlus\src\game\server\Release_hl2mp\baseparticleentity.obj
C:\GabeModPlus\src\game\server\Release_hl2mp\baseplayer_shared.obj
C:\GabeModPlus\src\game\server\Release_hl2mp\basetempentity.obj
C:\GabeModPlus\src\game\server\Release_hl2mp\baseviewmodel.obj
C:\GabeModPlus\src\game\server\Release_hl2mp\baseviewmodel_shared.obj
C:\GabeModPlus\src\game\server\Release_hl2mp\base_playeranimstate.obj
C:\GabeModPlus\src\game\server\Release_hl2mp\base_transmit_proxy.obj
C:\GabeModPlus\src\game\server\Release_hl2mp\beam_shared.obj
C:\GabeModPlus\src\game\server\Release_hl2mp\bitstring.obj
C:\GabeModPlus\src\game\server\Release_hl2mp\bmodels.obj
C:\GabeModPlus\src\game\server\Release_hl2mp\bone_setup.obj
C:\GabeModPlus\src\game\server\Release_hl2mp\buttons.obj
C:\GabeModPlus\src\game\server\Release_hl2mp\cbase.obj
C:\GabeModPlus\src\game\server\Release_hl2mp\cbasehelicopter.obj
C:\GabeModPlus\src\game\server\Release_hl2mp\cbasespriteprojectile.obj
C:\GabeModPlus\src\game\server\Release_hl2mp\citadel_effects.obj
C:\GabeModPlus\src\game\server\Release_hl2mp\client.obj
C:\GabeModPlus\src\game\server\Release_hl2mp\collisionproperty.obj
C:\GabeModPlus\src\game\server\Release_hl2mp\collisionutils.obj
C:\GabeModPlus\src\game\server\Release_hl2mp\colorcorrection.obj
C:\GabeModPlus\src\game\server\Release_hl2mp\colorcorrectionvolume.obj
C:\GabeModPlus\src\game\server\Release_hl2mp\combine_mine.obj
C:\GabeModPlus\src\game\server\Release_hl2mp\CommentarySystem.obj
C:\GabeModPlus\src\game\server\Release_hl2mp\controlentities.obj
C:\GabeModPlus\src\game\server\Release_hl2mp\cplane.obj
C:\GabeModPlus\src\game\server\Release_hl2mp\CRagdollMagnet.obj
C:\GabeModPlus\src\game\server\Release_hl2mp\damagemodifier.obj
C:\GabeModPlus\src\game\server\Release_hl2mp\death_pose.obj
C:\GabeModPlus\src\game\server\Release_hl2mp\debugoverlay_shared.obj
C:\GabeModPlus\src\game\server\Release_hl2mp\decals.obj
C:\GabeModPlus\src\game\server\Release_hl2mp\doors.obj
C:\GabeModPlus\src\game\server\Release_hl2mp\dt_send.obj
C:\GabeModPlus\src\game\server\Release_hl2mp\dt_utlvector_common.obj
C:\GabeModPlus\src\game\server\Release_hl2mp\dt_utlvector_send.obj
C:\GabeModPlus\src\game\server\Release_hl2mp\dynamiclight.obj
C:\GabeModPlus\src\game\server\Release_hl2mp\editor_sendcommand.obj
C:\GabeModPlus\src\game\server\Release_hl2mp\effects.obj
C:\GabeModPlus\src\game\server\Release_hl2mp\EffectsServer.obj
C:\GabeModPlus\src\game\server\Release_hl2mp\effect_dispatch_data.obj
C:\GabeModPlus\src\game\server\Release_hl2mp\ehandle.obj
C:\GabeModPlus\src\game\server\Release_hl2mp\entityblocker.obj
C:\GabeModPlus\src\game\server\Release_hl2mp\EntityDissolve.obj
C:\GabeModPlus\src\game\server\Release_hl2mp\EntityFlame.obj
C:\GabeModPlus\src\game\server\Release_hl2mp\entitylist.obj
C:\GabeModPlus\src\game\server\Release_hl2mp\entitylist_base.obj
C:\GabeModPlus\src\game\server\Release_hl2mp\EntityParticleTrail.obj
C:\GabeModPlus\src\game\server\Release_hl2mp\EntityParticleTrail_Shared.obj
C:\GabeModPlus\src\game\server\Release_hl2mp\entity_tools_server.obj
C:\GabeModPlus\src\game\server\Release_hl2mp\EnvBeam.obj
C:\GabeModPlus\src\game\server\Release_hl2mp\EnvFade.obj
C:\GabeModPlus\src\game\server\Release_hl2mp\EnvHudHint.obj
C:\GabeModPlus\src\game\server\Release_hl2mp\EnvLaser.obj
C:\GabeModPlus\src\game\server\Release_hl2mp\EnvMessage.obj
C:\GabeModPlus\src\game\server\Release_hl2mp\envmicrophone.obj
C:\GabeModPlus\src\game\server\Release_hl2mp\EnvShake.obj
C:\GabeModPlus\src\game\server\Release_hl2mp\EnvSpark.obj
C:\GabeModPlus\src\game\server\Release_hl2mp\env_alyxemp.obj
C:\GabeModPlus\src\game\server\Release_hl2mp\env_debughistory.obj
C:\GabeModPlus\src\game\server\Release_hl2mp\env_detail_controller.obj
C:\GabeModPlus\src\game\server\Release_hl2mp\env_effectsscript.obj
C:\GabeModPlus\src\game\server\Release_hl2mp\env_entity_maker.obj
C:\GabeModPlus\src\game\server\Release_hl2mp\env_headcrabcanister.obj
C:\GabeModPlus\src\game\server\Release_hl2mp\env_headcrabcanister_shared.obj
C:\GabeModPlus\src\game\server\Release_hl2mp\env_particlescript.obj
C:\GabeModPlus\src\game\server\Release_hl2mp\env_player_surface_trigger.obj
C:\GabeModPlus\src\game\server\Release_hl2mp\env_projectedtexture.obj
C:\GabeModPlus\src\game\server\Release_hl2mp\env_screenoverlay.obj
C:\GabeModPlus\src\game\server\Release_hl2mp\env_speaker.obj
C:\GabeModPlus\src\game\server\Release_hl2mp\env_starfield.obj
C:\GabeModPlus\src\game\server\Release_hl2mp\env_texturetoggle.obj
C:\GabeModPlus\src\game\server\Release_hl2mp\env_tonemap_controller.obj
C:\GabeModPlus\src\game\server\Release_hl2mp\env_wind_shared.obj
C:\GabeModPlus\src\game\server\Release_hl2mp\env_zoom.obj
C:\GabeModPlus\src\game\server\Release_hl2mp\eventlist.obj
C:\GabeModPlus\src\game\server\Release_hl2mp\EventLog.obj
C:\GabeModPlus\src\game\server\Release_hl2mp\event_tempentity_tester.obj
C:\GabeModPlus\src\game\server\Release_hl2mp\explode.obj
C:\GabeModPlus\src\game\server\Release_hl2mp\filesystem_helpers.obj
C:\GabeModPlus\src\game\server\Release_hl2mp\filters.obj
C:\GabeModPlus\src\game\server\Release_hl2mp\fire.obj
C:\GabeModPlus\src\game\server\Release_hl2mp\fire_smoke.obj
C:\GabeModPlus\src\game\server\Release_hl2mp\fish.obj
C:\GabeModPlus\src\game\server\Release_hl2mp\fogcontroller.obj
C:\GabeModPlus\src\game\server\Release_hl2mp\fourwheelvehiclephysics.obj
C:\GabeModPlus\src\game\server\Release_hl2mp\func_areaportal.obj
C:\GabeModPlus\src\game\server\Release_hl2mp\func_areaportalbase.obj
C:\GabeModPlus\src\game\server\Release_hl2mp\func_areaportalwindow.obj
C:\GabeModPlus\src\game\server\Release_hl2mp\func_break.obj
C:\GabeModPlus\src\game\server\Release_hl2mp\func_breakablesurf.obj
C:\GabeModPlus\src\game\server\Release_hl2mp\func_dust.obj
C:\GabeModPlus\src\game\server\Release_hl2mp\func_ladder.obj
C:\GabeModPlus\src\game\server\Release_hl2mp\func_ladder_endpoint.obj
C:\GabeModPlus\src\game\server\Release_hl2mp\func_lod.obj
C:\GabeModPlus\src\game\server\Release_hl2mp\Func_Monitor.obj
C:\GabeModPlus\src\game\server\Release_hl2mp\func_movelinear.obj
C:\GabeModPlus\src\game\server\Release_hl2mp\func_occluder.obj
C:\GabeModPlus\src\game\server\Release_hl2mp\func_recharge.obj
C:\GabeModPlus\src\game\server\Release_hl2mp\func_reflective_glass.obj
C:\GabeModPlus\src\game\server\Release_hl2mp\func_smokevolume.obj
C:\GabeModPlus\src\game\server\Release_hl2mp\func_tank.obj
C:\GabeModPlus\src\game\server\Release_hl2mp\gabeplus_shared.obj
C:\GabeModPlus\src\game\server\Release_hl2mp\gabe_cvars.obj
C:\GabeModPlus\src\game\server\Release_hl2mp\gabe_luamanager.obj
C:\GabeModPlus\src\game\server\Release_hl2mp\game.obj
C:\GabeModPlus\src\game\server\Release_hl2mp\gamehandle.obj
C:\GabeModPlus\src\game\server\Release_hl2mp\gameinterface.obj
C:\GabeModPlus\src\game\server\Release_hl2mp\gamemovement.obj
C:\GabeModPlus\src\game\server\Release_hl2mp\gamerules.obj
C:\GabeModPlus\src\game\server\Release_hl2mp\gamerules_register.obj
C:\GabeModPlus\src\game\server\Release_hl2mp\GameStats.obj
C:\GabeModPlus\src\game\server\Release_hl2mp\GameStats_BasicStatsFunctions.obj
C:\GabeModPlus\src\game\server\Release_hl2mp\gamestringpool.obj
C:\GabeModPlus\src\game\server\Release_hl2mp\gametrace_dll.obj
C:\GabeModPlus\src\game\server\Release_hl2mp\gamevars_shared.obj
C:\GabeModPlus\src\game\server\Release_hl2mp\gameweaponmanager.obj
C:\GabeModPlus\src\game\server\Release_hl2mp\game_ui.obj
C:\GabeModPlus\src\game\server\Release_hl2mp\genericactor.obj
C:\GabeModPlus\src\game\server\Release_hl2mp\genericmonster.obj
C:\GabeModPlus\src\game\server\Release_hl2mp\gib.obj
C:\GabeModPlus\src\game\server\Release_hl2mp\globals.obj
C:\GabeModPlus\src\game\server\Release_hl2mp\globalstate.obj
C:\GabeModPlus\src\game\server\Release_hl2mp\grenadethrown.obj
C:\GabeModPlus\src\game\server\Release_hl2mp\grenade_ar2.obj
C:\GabeModPlus\src\game\server\Release_hl2mp\grenade_beam.obj
C:\GabeModPlus\src\game\server\Release_hl2mp\grenade_bugbait.obj
C:\GabeModPlus\src\game\server\Release_hl2mp\grenade_frag.obj
C:\GabeModPlus\src\game\server\Release_hl2mp\grenade_homer.obj
C:\GabeModPlus\src\game\server\Release_hl2mp\grenade_pathfollower.obj
C:\GabeModPlus\src\game\server\Release_hl2mp\grenade_satchel.obj
C:\GabeModPlus\src\game\server\Release_hl2mp\grenade_tripmine.obj
C:\GabeModPlus\src\game\server\Release_hl2mp\guntarget.obj
C:\GabeModPlus\src\game\server\Release_hl2mp\hierarchy.obj
C:\GabeModPlus\src\game\server\Release_hl2mp\hintmessage.obj
C:\GabeModPlus\src\game\server\Release_hl2mp\hintsystem.obj
C:\GabeModPlus\src\game\server\Release_hl2mp\hl2mp_bot_temp.obj
C:\GabeModPlus\src\game\server\Release_hl2mp\hl2mp_client.obj
C:\GabeModPlus\src\game\server\Release_hl2mp\hl2mp_cvars.obj
C:\GabeModPlus\src\game\server\Release_hl2mp\hl2mp_gameinterface.obj
C:\GabeModPlus\src\game\server\Release_hl2mp\hl2mp_gamerules.obj
C:\GabeModPlus\src\game\server\Release_hl2mp\hl2mp_player.obj
C:\GabeModPlus\src\game\server\Release_hl2mp\hl2mp_playeranimstate.obj
C:\GabeModPlus\src\game\server\Release_hl2mp\hl2mp_player_shared.obj
C:\GabeModPlus\src\game\server\Release_hl2mp\hl2mp_weapon_parse.obj
C:\GabeModPlus\src\game\server\Release_hl2mp\hl2_ai_network.obj
C:\GabeModPlus\src\game\server\Release_hl2mp\hl2_eventlog.obj
C:\GabeModPlus\src\game\server\Release_hl2mp\hl2_gamerules.obj
C:\GabeModPlus\src\game\server\Release_hl2mp\hl2_player.obj
C:\GabeModPlus\src\game\server\Release_hl2mp\hl2_playerlocaldata.obj
C:\GabeModPlus\src\game\server\Release_hl2mp\hl2_triggers.obj
C:\GabeModPlus\src\game\server\Release_hl2mp\hl2_usermessages.obj
C:\GabeModPlus\src\game\server\Release_hl2mp\hltvdirector.obj
C:\GabeModPlus\src\game\server\Release_hl2mp\hl_gamemovement.obj
C:\GabeModPlus\src\game\server\Release_hl2mp\hl_playermove.obj
C:\GabeModPlus\src\game\server\Release_hl2mp\h_ai.obj
C:\GabeModPlus\src\game\server\Release_hl2mp\h_cycler.obj
C:\GabeModPlus\src\game\server\Release_hl2mp\h_export.obj
C:\GabeModPlus\src\game\server\Release_hl2mp\igamesystem.obj
C:\GabeModPlus\src\game\server\Release_hl2mp\info_camera_link.obj
C:\GabeModPlus\src\game\server\Release_hl2mp\info_overlay_accessor.obj
C:\GabeModPlus\src\game\server\Release_hl2mp\info_teleporter_countdown.obj
C:\GabeModPlus\src\game\server\Release_hl2mp\init_factory.obj
C:\GabeModPlus\src\game\server\Release_hl2mp\intermission.obj
C:\GabeModPlus\src\game\server\Release_hl2mp\interpolatortypes.obj
C:\GabeModPlus\src\game\server\Release_hl2mp\interval.obj
C:\GabeModPlus\src\game\server\Release_hl2mp\item_ammo.obj
C:\GabeModPlus\src\game\server\Release_hl2mp\item_battery.obj
C:\GabeModPlus\src\game\server\Release_hl2mp\item_dynamic_resupply.obj
C:\GabeModPlus\src\game\server\Release_hl2mp\item_healthkit.obj
C:\GabeModPlus\src\game\server\Release_hl2mp\item_itemcrate.obj
C:\GabeModPlus\src\game\server\Release_hl2mp\item_suit.obj
C:\GabeModPlus\src\game\server\Release_hl2mp\item_world.obj
C:\GabeModPlus\src\game\server\Release_hl2mp\keyframe.obj
C:\GabeModPlus\src\game\server\Release_hl2mp\lightglow.obj
C:\GabeModPlus\src\game\server\Release_hl2mp\lights.obj
C:\GabeModPlus\src\game\server\Release_hl2mp\logicauto.obj
C:\GabeModPlus\src\game\server\Release_hl2mp\logicentities.obj
C:\GabeModPlus\src\game\server\Release_hl2mp\logicrelay.obj
C:\GabeModPlus\src\game\server\Release_hl2mp\logic_measure_movement.obj
C:\GabeModPlus\src\game\server\Release_hl2mp\logic_navigation.obj
C:\GabeModPlus\src\game\server\Release_hl2mp\look_door.obj
C:\GabeModPlus\src\game\server\Release_hl2mp\lua_test.obj
C:\GabeModPlus\src\game\server\Release_hl2mp\mapentities.obj
C:\GabeModPlus\src\game\server\Release_hl2mp\mapentities_shared.obj
C:\GabeModPlus\src\game\server\Release_hl2mp\maprules.obj
C:\GabeModPlus\src\game\server\Release_hl2mp\map_utils.obj
C:\GabeModPlus\src\game\server\Release_hl2mp\MaterialModifyControl.obj
C:\GabeModPlus\src\game\server\Release_hl2mp\memoverride.obj
C:\GabeModPlus\src\game\server\Release_hl2mp\message_entity.obj
C:\GabeModPlus\src\game\server\Release_hl2mp\modelentities.obj
C:\GabeModPlus\src\game\server\Release_hl2mp\ModelSoundsCache.obj
C:\GabeModPlus\src\game\server\Release_hl2mp\monstermaker.obj
C:\GabeModPlus\src\game\server\Release_hl2mp\monster_dummy.obj
C:\GabeModPlus\src\game\server\Release_hl2mp\movehelper_server.obj
C:\GabeModPlus\src\game\server\Release_hl2mp\movement.obj
C:\GabeModPlus\src\game\server\Release_hl2mp\movevars_shared.obj
C:\GabeModPlus\src\game\server\Release_hl2mp\movie_explosion.obj
C:\GabeModPlus\src\game\server\Release_hl2mp\mp_shareddefs.obj
C:\GabeModPlus\src\game\server\Release_hl2mp\multiplayer_animstate.obj
C:\GabeModPlus\src\game\server\Release_hl2mp\multiplay_gamerules.obj
C:\GabeModPlus\src\game\server\Release_hl2mp\nav_area.obj
C:\GabeModPlus\src\game\server\Release_hl2mp\nav_colors.obj
C:\GabeModPlus\src\game\server\Release_hl2mp\nav_edit.obj
C:\GabeModPlus\src\game\server\Release_hl2mp\nav_file.obj
C:\GabeModPlus\src\game\server\Release_hl2mp\nav_generate.obj
C:\GabeModPlus\src\game\server\Release_hl2mp\nav_ladder.obj
C:\GabeModPlus\src\game\server\Release_hl2mp\nav_mesh.obj
C:\GabeModPlus\src\game\server\Release_hl2mp\nav_node.obj
C:\GabeModPlus\src\game\server\Release_hl2mp\ndebugoverlay.obj
C:\GabeModPlus\src\game\server\Release_hl2mp\networkvar.obj
C:\GabeModPlus\src\game\server\Release_hl2mp\npc_alyx.obj
C:\GabeModPlus\src\game\server\Release_hl2mp\npc_antlion.obj
C:\GabeModPlus\src\game\server\Release_hl2mp\npc_antlionguard.obj
C:\GabeModPlus\src\game\server\Release_hl2mp\npc_apcdriver.obj
C:\GabeModPlus\src\game\server\Release_hl2mp\npc_attackchopper.obj
C:\GabeModPlus\src\game\server\Release_hl2mp\npc_barnacle.obj
C:\GabeModPlus\src\game\server\Release_hl2mp\npc_barney.obj
C:\GabeModPlus\src\game\server\Release_hl2mp\npc_basescanner.obj
C:\GabeModPlus\src\game\server\Release_hl2mp\npc_BaseZombie.obj
C:\GabeModPlus\src\game\server\Release_hl2mp\npc_breen.obj
C:\GabeModPlus\src\game\server\Release_hl2mp\npc_bullseye.obj
C:\GabeModPlus\src\game\server\Release_hl2mp\npc_citizen17.obj
C:\GabeModPlus\src\game\server\Release_hl2mp\npc_combine.obj
C:\GabeModPlus\src\game\server\Release_hl2mp\npc_combinecamera.obj
C:\GabeModPlus\src\game\server\Release_hl2mp\npc_combinedropship.obj
C:\GabeModPlus\src\game\server\Release_hl2mp\npc_combinegunship.obj
C:\GabeModPlus\src\game\server\Release_hl2mp\npc_combines.obj
C:\GabeModPlus\src\game\server\Release_hl2mp\npc_cranedriver.obj
C:\GabeModPlus\src\game\server\Release_hl2mp\npc_crow.obj
C:\GabeModPlus\src\game\server\Release_hl2mp\npc_dog.obj
C:\GabeModPlus\src\game\server\Release_hl2mp\npc_eli.obj
C:\GabeModPlus\src\game\server\Release_hl2mp\npc_enemyfinder.obj
C:\GabeModPlus\src\game\server\Release_hl2mp\npc_fisherman.obj
C:\GabeModPlus\src\game\server\Release_hl2mp\npc_gman.obj
C:\GabeModPlus\src\game\server\Release_hl2mp\npc_headcrab.obj
C:\GabeModPlus\src\game\server\Release_hl2mp\npc_ichthyosaur.obj
C:\GabeModPlus\src\game\server\Release_hl2mp\npc_kleiner.obj
C:\GabeModPlus\src\game\server\Release_hl2mp\npc_launcher.obj
C:\GabeModPlus\src\game\server\Release_hl2mp\npc_manhack.obj
C:\GabeModPlus\src\game\server\Release_hl2mp\npc_metropolice.obj
C:\GabeModPlus\src\game\server\Release_hl2mp\npc_monk.obj
C:\GabeModPlus\src\game\server\Release_hl2mp\npc_mossman.obj
C:\GabeModPlus\src\game\server\Release_hl2mp\npc_playercompanion.obj
C:\GabeModPlus\src\game\server\Release_hl2mp\npc_PoisonZombie.obj
C:\GabeModPlus\src\game\server\Release_hl2mp\npc_rollermine.obj
C:\GabeModPlus\src\game\server\Release_hl2mp\npc_scanner.obj
C:\GabeModPlus\src\game\server\Release_hl2mp\npc_stalker.obj
C:\GabeModPlus\src\game\server\Release_hl2mp\npc_strider.obj
C:\GabeModPlus\src\game\server\Release_hl2mp\npc_talker.obj
C:\GabeModPlus\src\game\server\Release_hl2mp\npc_turret_ceiling.obj
C:\GabeModPlus\src\game\server\Release_hl2mp\npc_turret_floor.obj
C:\GabeModPlus\src\game\server\Release_hl2mp\npc_turret_ground.obj
C:\GabeModPlus\src\game\server\Release_hl2mp\npc_vehicledriver.obj
C:\GabeModPlus\src\game\server\Release_hl2mp\npc_vortigaunt_episodic.obj
C:\GabeModPlus\src\game\server\Release_hl2mp\npc_zombie.obj
C:\GabeModPlus\src\game\server\Release_hl2mp\obstacle_pushaway.obj
C:\GabeModPlus\src\game\server\Release_hl2mp\particlesystemquery.obj
C:\GabeModPlus\src\game\server\Release_hl2mp\particle_fire.obj
C:\GabeModPlus\src\game\server\Release_hl2mp\particle_light.obj
C:\GabeModPlus\src\game\server\Release_hl2mp\particle_parse.obj
C:\GabeModPlus\src\game\server\Release_hl2mp\particle_smokegrenade.obj
C:\GabeModPlus\src\game\server\Release_hl2mp\particle_system.obj
C:\GabeModPlus\src\game\server\Release_hl2mp\pathcorner.obj
C:\GabeModPlus\src\game\server\Release_hl2mp\pathtrack.obj
C:\GabeModPlus\src\game\server\Release_hl2mp\physconstraint.obj
C:\GabeModPlus\src\game\server\Release_hl2mp\physgun.obj
C:\GabeModPlus\src\game\server\Release_hl2mp\physics.obj
C:\GabeModPlus\src\game\server\Release_hl2mp\physics_bone_follower.obj
C:\GabeModPlus\src\game\server\Release_hl2mp\physics_cannister.obj
C:\GabeModPlus\src\game\server\Release_hl2mp\physics_fx.obj
C:\GabeModPlus\src\game\server\Release_hl2mp\physics_impact_damage.obj
C:\GabeModPlus\src\game\server\Release_hl2mp\physics_main.obj
C:\GabeModPlus\src\game\server\Release_hl2mp\physics_main_shared.obj
C:\GabeModPlus\src\game\server\Release_hl2mp\physics_npc_solver.obj
C:\GabeModPlus\src\game\server\Release_hl2mp\physics_prop_ragdoll.obj
C:\GabeModPlus\src\game\server\Release_hl2mp\physics_saverestore.obj
C:\GabeModPlus\src\game\server\Release_hl2mp\physics_shared.obj
C:\GabeModPlus\src\game\server\Release_hl2mp\physobj.obj
C:\GabeModPlus\src\game\server\Release_hl2mp\phys_controller.obj
C:\GabeModPlus\src\game\server\Release_hl2mp\plasma.obj
C:\GabeModPlus\src\game\server\Release_hl2mp\player.obj
C:\GabeModPlus\src\game\server\Release_hl2mp\playerinfomanager.obj
C:\GabeModPlus\src\game\server\Release_hl2mp\playerlocaldata.obj
C:\GabeModPlus\src\game\server\Release_hl2mp\player_command.obj
C:\GabeModPlus\src\game\server\Release_hl2mp\player_lagcompensation.obj
C:\GabeModPlus\src\game\server\Release_hl2mp\player_pickup.obj
C:\GabeModPlus\src\game\server\Release_hl2mp\player_resource.obj
C:\GabeModPlus\src\game\server\Release_hl2mp\plugin_check.obj
C:\GabeModPlus\src\game\server\Release_hl2mp\pointanglesensor.obj
C:\GabeModPlus\src\game\server\Release_hl2mp\PointAngularVelocitySensor.obj
C:\GabeModPlus\src\game\server\Release_hl2mp\pointhurt.obj
C:\GabeModPlus\src\game\server\Release_hl2mp\pointteleport.obj
C:\GabeModPlus\src\game\server\Release_hl2mp\point_apc_controller.obj
C:\GabeModPlus\src\game\server\Release_hl2mp\point_bonusmaps_accessor.obj
C:\GabeModPlus\src\game\server\Release_hl2mp\point_camera.obj
C:\GabeModPlus\src\game\server\Release_hl2mp\point_devshot_camera.obj
C:\GabeModPlus\src\game\server\Release_hl2mp\point_playermoveconstraint.obj
C:\GabeModPlus\src\game\server\Release_hl2mp\point_posecontroller.obj
C:\GabeModPlus\src\game\server\Release_hl2mp\point_spotlight.obj
C:\GabeModPlus\src\game\server\Release_hl2mp\point_template.obj
C:\GabeModPlus\src\game\server\Release_hl2mp\precache_register.obj
C:\GabeModPlus\src\game\server\Release_hl2mp\predictableid.obj
C:\GabeModPlus\src\game\server\Release_hl2mp\predicted_viewmodel.obj
C:\GabeModPlus\src\game\server\Release_hl2mp\props.obj
C:\GabeModPlus\src\game\server\Release_hl2mp\props_shared.obj
C:\GabeModPlus\src\game\server\Release_hl2mp\prop_combine_ball.obj
C:\GabeModPlus\src\game\server\Release_hl2mp\prop_thumper.obj
C:\GabeModPlus\src\game\server\Release_hl2mp\proto_sniper.obj
C:\GabeModPlus\src\game\server\Release_hl2mp\RagdollBoogie.obj
C:\GabeModPlus\src\game\server\Release_hl2mp\ragdoll_manager.obj
C:\GabeModPlus\src\game\server\Release_hl2mp\ragdoll_shared.obj
C:\GabeModPlus\src\game\server\Release_hl2mp\randoverride.obj
C:\GabeModPlus\src\game\server\Release_hl2mp\recipientfilter.obj
C:\GabeModPlus\src\game\server\Release_hl2mp\registry.obj
C:\GabeModPlus\src\game\server\Release_hl2mp\rope.obj
C:\GabeModPlus\src\game\server\Release_hl2mp\rope_helpers.obj
C:\GabeModPlus\src\game\server\Release_hl2mp\rope_physics.obj
C:\GabeModPlus\src\game\server\Release_hl2mp\rotorwash.obj
C:\GabeModPlus\src\game\server\Release_hl2mp\saverestore.obj
C:\GabeModPlus\src\game\server\Release_hl2mp\saverestore_gamedll.obj
C:\GabeModPlus\src\game\server\Release_hl2mp\SceneCache.obj
C:\GabeModPlus\src\game\server\Release_hl2mp\sceneentity.obj
C:\GabeModPlus\src\game\server\Release_hl2mp\sceneentity_shared.obj
C:\GabeModPlus\src\game\server\Release_hl2mp\scratchpad3d.obj
C:\GabeModPlus\src\game\server\Release_hl2mp\ScratchPadUtils.obj
C:\GabeModPlus\src\game\server\Release_hl2mp\scratchpad_gamedll_helpers.obj
C:\GabeModPlus\src\game\server\Release_hl2mp\scripted.obj
C:\GabeModPlus\src\game\server\Release_hl2mp\scriptedtarget.obj
C:\GabeModPlus\src\game\server\Release_hl2mp\script_intro.obj
C:\GabeModPlus\src\game\server\Release_hl2mp\script_intro_shared.obj
C:\GabeModPlus\src\game\server\Release_hl2mp\sendproxy.obj
C:\GabeModPlus\src\game\server\Release_hl2mp\sequence_Transitioner.obj
C:\GabeModPlus\src\game\server\Release_hl2mp\serverbenchmark_base.obj
C:\GabeModPlus\src\game\server\Release_hl2mp\ServerNetworkProperty.obj
C:\GabeModPlus\src\game\server\Release_hl2mp\server_class.obj
C:\GabeModPlus\src\game\server\Release_hl2mp\shadowcontrol.obj
C:\GabeModPlus\src\game\server\Release_hl2mp\sheetsimulator.obj
C:\GabeModPlus\src\game\server\Release_hl2mp\simple_physics.obj
C:\GabeModPlus\src\game\server\Release_hl2mp\simtimer.obj
C:\GabeModPlus\src\game\server\Release_hl2mp\singleplay_gamerules.obj
C:\GabeModPlus\src\game\server\Release_hl2mp\SkyCamera.obj
C:\GabeModPlus\src\game\server\Release_hl2mp\slideshow_display.obj
C:\GabeModPlus\src\game\server\Release_hl2mp\smokestack.obj
C:\GabeModPlus\src\game\server\Release_hl2mp\smoke_trail.obj
C:\GabeModPlus\src\game\server\Release_hl2mp\sound.obj
C:\GabeModPlus\src\game\server\Release_hl2mp\SoundEmitterSystem.obj
C:\GabeModPlus\src\game\server\Release_hl2mp\soundent.obj
C:\GabeModPlus\src\game\server\Release_hl2mp\soundenvelope.obj
C:\GabeModPlus\src\game\server\Release_hl2mp\SoundParametersInternal.obj
C:\GabeModPlus\src\game\server\Release_hl2mp\soundscape.obj
C:\GabeModPlus\src\game\server\Release_hl2mp\soundscape_system.obj
C:\GabeModPlus\src\game\server\Release_hl2mp\spotlightend.obj
C:\GabeModPlus\src\game\server\Release_hl2mp\Sprite.obj
C:\GabeModPlus\src\game\server\Release_hl2mp\SpriteTrail.obj
C:\GabeModPlus\src\game\server\Release_hl2mp\sprite_perfmonitor.obj
C:\GabeModPlus\src\game\server\Release_hl2mp\stdafx.obj
C:\GabeModPlus\src\game\server\Release_hl2mp\steamjet.obj
C:\GabeModPlus\src\game\server\Release_hl2mp\stringregistry.obj
C:\GabeModPlus\src\game\server\Release_hl2mp\studio.obj
C:\GabeModPlus\src\game\server\Release_hl2mp\studio_shared.obj
C:\GabeModPlus\src\game\server\Release_hl2mp\subs.obj
C:\GabeModPlus\src\game\server\Release_hl2mp\sun.obj
C:\GabeModPlus\src\game\server\Release_hl2mp\survival_gamerules.obj
C:\GabeModPlus\src\game\server\Release_hl2mp\takedamageinfo.obj
C:\GabeModPlus\src\game\server\Release_hl2mp\tanktrain.obj
C:\GabeModPlus\src\game\server\Release_hl2mp\te.obj
C:\GabeModPlus\src\game\server\Release_hl2mp\team.obj
C:\GabeModPlus\src\game\server\Release_hl2mp\teamplay_gamerules.obj
C:\GabeModPlus\src\game\server\Release_hl2mp\team_spawnpoint.obj
C:\GabeModPlus\src\game\server\Release_hl2mp\TemplateEntities.obj
C:\GabeModPlus\src\game\server\Release_hl2mp\tempmonster.obj
C:\GabeModPlus\src\game\server\Release_hl2mp\tesla.obj
C:\GabeModPlus\src\game\server\Release_hl2mp\testfunctions.obj
C:\GabeModPlus\src\game\server\Release_hl2mp\testtraceline.obj
C:\GabeModPlus\src\game\server\Release_hl2mp\test_ehandle.obj
C:\GabeModPlus\src\game\server\Release_hl2mp\test_proxytoggle.obj
C:\GabeModPlus\src\game\server\Release_hl2mp\test_stressentities.obj
C:\GabeModPlus\src\game\server\Release_hl2mp\textstatsmgr.obj
C:\GabeModPlus\src\game\server\Release_hl2mp\te_armorricochet.obj
C:\GabeModPlus\src\game\server\Release_hl2mp\te_basebeam.obj
C:\GabeModPlus\src\game\server\Release_hl2mp\te_beamentpoint.obj
C:\GabeModPlus\src\game\server\Release_hl2mp\te_beaments.obj
C:\GabeModPlus\src\game\server\Release_hl2mp\te_beamfollow.obj
C:\GabeModPlus\src\game\server\Release_hl2mp\te_beamlaser.obj
C:\GabeModPlus\src\game\server\Release_hl2mp\te_beampoints.obj
C:\GabeModPlus\src\game\server\Release_hl2mp\te_beamring.obj
C:\GabeModPlus\src\game\server\Release_hl2mp\te_beamringpoint.obj
C:\GabeModPlus\src\game\server\Release_hl2mp\te_beamspline.obj
C:\GabeModPlus\src\game\server\Release_hl2mp\te_bloodsprite.obj
C:\GabeModPlus\src\game\server\Release_hl2mp\te_bloodstream.obj
C:\GabeModPlus\src\game\server\Release_hl2mp\te_breakmodel.obj
C:\GabeModPlus\src\game\server\Release_hl2mp\te_bspdecal.obj
C:\GabeModPlus\src\game\server\Release_hl2mp\te_bubbles.obj
C:\GabeModPlus\src\game\server\Release_hl2mp\te_bubbletrail.obj
C:\GabeModPlus\src\game\server\Release_hl2mp\te_clientprojectile.obj
C:\GabeModPlus\src\game\server\Release_hl2mp\te_decal.obj
C:\GabeModPlus\src\game\server\Release_hl2mp\te_dynamiclight.obj
C:\GabeModPlus\src\game\server\Release_hl2mp\te_effect_dispatch.obj
C:\GabeModPlus\src\game\server\Release_hl2mp\te_energysplash.obj
C:\GabeModPlus\src\game\server\Release_hl2mp\te_explosion.obj
C:\GabeModPlus\src\game\server\Release_hl2mp\te_fizz.obj
C:\GabeModPlus\src\game\server\Release_hl2mp\te_footprintdecal.obj
C:\GabeModPlus\src\game\server\Release_hl2mp\te_gaussexplosion.obj
C:\GabeModPlus\src\game\server\Release_hl2mp\te_glassshatter.obj
C:\GabeModPlus\src\game\server\Release_hl2mp\te_glowsprite.obj
C:\GabeModPlus\src\game\server\Release_hl2mp\te_hl2mp_shotgun_shot.obj
C:\GabeModPlus\src\game\server\Release_hl2mp\te_impact.obj
C:\GabeModPlus\src\game\server\Release_hl2mp\te_killplayerattachments.obj
C:\GabeModPlus\src\game\server\Release_hl2mp\te_largefunnel.obj
C:\GabeModPlus\src\game\server\Release_hl2mp\te_muzzleflash.obj
C:\GabeModPlus\src\game\server\Release_hl2mp\te_particlesystem.obj
C:\GabeModPlus\src\game\server\Release_hl2mp\te_physicsprop.obj
C:\GabeModPlus\src\game\server\Release_hl2mp\te_playerdecal.obj
C:\GabeModPlus\src\game\server\Release_hl2mp\te_projecteddecal.obj
C:\GabeModPlus\src\game\server\Release_hl2mp\te_showline.obj
C:\GabeModPlus\src\game\server\Release_hl2mp\te_smoke.obj
C:\GabeModPlus\src\game\server\Release_hl2mp\te_sparks.obj
C:\GabeModPlus\src\game\server\Release_hl2mp\te_sprite.obj
C:\GabeModPlus\src\game\server\Release_hl2mp\te_spritespray.obj
C:\GabeModPlus\src\game\server\Release_hl2mp\te_worlddecal.obj
C:\GabeModPlus\src\game\server\Release_hl2mp\timedeventmgr.obj
C:\GabeModPlus\src\game\server\Release_hl2mp\toolframework_server.obj
C:\GabeModPlus\src\game\server\Release_hl2mp\trains.obj
C:\GabeModPlus\src\game\server\Release_hl2mp\triggers.obj
C:\GabeModPlus\src\game\server\Release_hl2mp\usercmd.obj
C:\GabeModPlus\src\game\server\Release_hl2mp\usermessages.obj
C:\GabeModPlus\src\game\server\Release_hl2mp\util.obj
C:\GabeModPlus\src\game\server\Release_hl2mp\util_shared.obj
C:\GabeModPlus\src\game\server\Release_hl2mp\variant_t.obj
C:\GabeModPlus\src\game\server\Release_hl2mp\vehicle_airboat.obj
C:\GabeModPlus\src\game\server\Release_hl2mp\vehicle_apc.obj
C:\GabeModPlus\src\game\server\Release_hl2mp\vehicle_base.obj
C:\GabeModPlus\src\game\server\Release_hl2mp\vehicle_baseserver.obj
C:\GabeModPlus\src\game\server\Release_hl2mp\vehicle_crane.obj
C:\GabeModPlus\src\game\server\Release_hl2mp\vehicle_jeep.obj
C:\GabeModPlus\src\game\server\Release_hl2mp\vehicle_prisoner_pod.obj
C:\GabeModPlus\src\game\server\Release_hl2mp\vehicle_viewblend_shared.obj
C:\GabeModPlus\src\game\server\Release_hl2mp\vehicle_viewcontroller.obj
C:\GabeModPlus\src\game\server\Release_hl2mp\vguiscreen.obj
C:\GabeModPlus\src\game\server\Release_hl2mp\voice_gamemgr.obj
C:\GabeModPlus\src\game\server\Release_hl2mp\waterbullet.obj
C:\GabeModPlus\src\game\server\Release_hl2mp\WaterLODControl.obj
C:\GabeModPlus\src\game\server\Release_hl2mp\wcedit.obj
C:\GabeModPlus\src\game\server\Release_hl2mp\weapon_357.obj
C:\GabeModPlus\src\game\server\Release_hl2mp\weapon_annabelle.obj
C:\GabeModPlus\src\game\server\Release_hl2mp\weapon_ar2.obj
C:\GabeModPlus\src\game\server\Release_hl2mp\weapon_bugbait.obj
C:\GabeModPlus\src\game\server\Release_hl2mp\weapon_camera.obj
C:\GabeModPlus\src\game\server\Release_hl2mp\weapon_cguard.obj
C:\GabeModPlus\src\game\server\Release_hl2mp\weapon_crossbow.obj
C:\GabeModPlus\src\game\server\Release_hl2mp\weapon_crowbar.obj
C:\GabeModPlus\src\game\server\Release_hl2mp\weapon_cubemap.obj
C:\GabeModPlus\src\game\server\Release_hl2mp\weapon_flaregun.obj
C:\GabeModPlus\src\game\server\Release_hl2mp\weapon_frag.obj
C:\GabeModPlus\src\game\server\Release_hl2mp\weapon_hax.obj
C:\GabeModPlus\src\game\server\Release_hl2mp\weapon_hl2mpbase.obj
C:\GabeModPlus\src\game\server\Release_hl2mp\weapon_hl2mpbasebasebludgeon.obj
C:\GabeModPlus\src\game\server\Release_hl2mp\weapon_hl2mpbasehlmpcombatweapon.obj
C:\GabeModPlus\src\game\server\Release_hl2mp\weapon_hl2mpbase_machinegun.obj
C:\GabeModPlus\src\game\server\Release_hl2mp\weapon_multitool.obj
C:\GabeModPlus\src\game\server\Release_hl2mp\weapon_parse.obj
C:\GabeModPlus\src\game\server\Release_hl2mp\weapon_physcannon.obj
C:\GabeModPlus\src\game\server\Release_hl2mp\weapon_pistol.obj
C:\GabeModPlus\src\game\server\Release_hl2mp\weapon_proficiency.obj
C:\GabeModPlus\src\game\server\Release_hl2mp\weapon_rpg.obj
C:\GabeModPlus\src\game\server\Release_hl2mp\weapon_shotgun.obj
C:\GabeModPlus\src\game\server\Release_hl2mp\weapon_slam.obj
C:\GabeModPlus\src\game\server\Release_hl2mp\weapon_smg1.obj
C:\GabeModPlus\src\game\server\Release_hl2mp\weapon_stunstick.obj
C:\GabeModPlus\src\game\server\Release_hl2mp\weight_button.obj
C:\GabeModPlus\src\game\server\Release_hl2mp\world.obj
C:\GabeModPlus\src\game\server\Release_hl2mp\CL.10096.read.1.tlog
C:\GabeModPlus\src\game\server\Release_hl2mp\CL.10096.write.1.tlog
C:\GabeModPlus\src\game\server\Release_hl2mp\CL.11284.read.1.tlog
C:\GabeModPlus\src\game\server\Release_hl2mp\CL.11284.write.1.tlog
C:\GabeModPlus\src\game\server\Release_hl2mp\CL.11772.read.1.tlog
C:\GabeModPlus\src\game\server\Release_hl2mp\CL.11772.write.1.tlog
C:\GabeModPlus\src\game\server\Release_hl2mp\CL.12148.read.1.tlog
C:\GabeModPlus\src\game\server\Release_hl2mp\CL.12148.write.1.tlog
C:\GabeModPlus\src\game\server\Release_hl2mp\CL.12520.read.1.tlog
C:\GabeModPlus\src\game\server\Release_hl2mp\CL.12520.write.1.tlog
C:\GabeModPlus\src\game\server\Release_hl2mp\CL.12592.read.1.tlog
C:\GabeModPlus\src\game\server\Release_hl2mp\CL.12592.write.1.tlog
C:\GabeModPlus\src\game\server\Release_hl2mp\CL.14224.read.1.tlog
C:\GabeModPlus\src\game\server\Release_hl2mp\CL.14224.write.1.tlog
C:\GabeModPlus\src\game\server\Release_hl2mp\CL.15032.read.1.tlog
C:\GabeModPlus\src\game\server\Release_hl2mp\CL.15032.write.1.tlog
C:\GabeModPlus\src\game\server\Release_hl2mp\CL.15424.read.1.tlog
C:\GabeModPlus\src\game\server\Release_hl2mp\CL.15424.write.1.tlog
C:\GabeModPlus\src\game\server\Release_hl2mp\CL.15432.read.1.tlog
C:\GabeModPlus\src\game\server\Release_hl2mp\CL.15432.write.1.tlog
C:\GabeModPlus\src\game\server\Release_hl2mp\CL.15732.read.1.tlog
C:\GabeModPlus\src\game\server\Release_hl2mp\CL.15732.write.1.tlog
C:\GabeModPlus\src\game\server\Release_hl2mp\CL.16140.read.1.tlog
C:\GabeModPlus\src\game\server\Release_hl2mp\CL.16140.write.1.tlog
C:\GabeModPlus\src\game\server\Release_hl2mp\CL.17904.read.1.tlog
C:\GabeModPlus\src\game\server\Release_hl2mp\CL.17904.write.1.tlog
C:\GabeModPlus\src\game\server\Release_hl2mp\CL.18312.read.1.tlog
C:\GabeModPlus\src\game\server\Release_hl2mp\CL.18312.write.1.tlog
C:\GabeModPlus\src\game\server\Release_hl2mp\CL.18372.read.1.tlog
C:\GabeModPlus\src\game\server\Release_hl2mp\CL.18372.write.1.tlog
C:\GabeModPlus\src\game\server\Release_hl2mp\CL.20060.read.1.tlog
C:\GabeModPlus\src\game\server\Release_hl2mp\CL.20060.write.1.tlog
C:\GabeModPlus\src\game\server\Release_hl2mp\CL.20252.read.1.tlog
C:\GabeModPlus\src\game\server\Release_hl2mp\CL.20252.write.1.tlog
C:\GabeModPlus\src\game\server\Release_hl2mp\CL.2112.read.1.tlog
C:\GabeModPlus\src\game\server\Release_hl2mp\CL.2112.write.1.tlog
C:\GabeModPlus\src\game\server\Release_hl2mp\CL.22344.read.1.tlog
C:\GabeModPlus\src\game\server\Release_hl2mp\CL.22344.write.1.tlog
C:\GabeModPlus\src\game\server\Release_hl2mp\CL.22400.read.1.tlog
C:\GabeModPlus\src\game\server\Release_hl2mp\CL.22400.write.1.tlog
C:\GabeModPlus\src\game\server\Release_hl2mp\CL.23388.read.1.tlog
C:\GabeModPlus\src\game\server\Release_hl2mp\CL.23388.write.1.tlog
C:\GabeModPlus\src\game\server\Release_hl2mp\CL.23416.read.1.tlog
C:\GabeModPlus\src\game\server\Release_hl2mp\CL.23416.write.1.tlog
C:\GabeModPlus\src\game\server\Release_hl2mp\CL.23696.read.1.tlog
C:\GabeModPlus\src\game\server\Release_hl2mp\CL.23696.write.1.tlog
C:\GabeModPlus\src\game\server\Release_hl2mp\CL.23924.read.1.tlog
C:\GabeModPlus\src\game\server\Release_hl2mp\CL.23924.write.1.tlog
C:\GabeModPlus\src\game\server\Release_hl2mp\CL.24236.read.1.tlog
C:\GabeModPlus\src\game\server\Release_hl2mp\CL.24236.write.1.tlog
C:\GabeModPlus\src\game\server\Release_hl2mp\CL.24336.read.1.tlog
C:\GabeModPlus\src\game\server\Release_hl2mp\CL.24336.write.1.tlog
C:\GabeModPlus\src\game\server\Release_hl2mp\CL.24352.read.1.tlog
C:\GabeModPlus\src\game\server\Release_hl2mp\CL.24352.write.1.tlog
C:\GabeModPlus\src\game\server\Release_hl2mp\CL.24512.read.1.tlog
C:\GabeModPlus\src\game\server\Release_hl2mp\CL.24512.write.1.tlog
C:\GabeModPlus\src\game\server\Release_hl2mp\CL.24932.read.1.tlog
C:\GabeModPlus\src\game\server\Release_hl2mp\CL.24932.write.1.tlog
C:\GabeModPlus\src\game\server\Release_hl2mp\CL.25508.read.1.tlog
C:\GabeModPlus\src\game\server\Release_hl2mp\CL.25508.write.1.tlog
C:\GabeModPlus\src\game\server\Release_hl2mp\CL.25676.read.1.tlog
C:\GabeModPlus\src\game\server\Release_hl2mp\CL.25676.write.1.tlog
C:\GabeModPlus\src\game\server\Release_hl2mp\CL.26268.read.1.tlog
C:\GabeModPlus\src\game\server\Release_hl2mp\CL.26268.write.1.tlog
C:\GabeModPlus\src\game\server\Release_hl2mp\CL.2976.read.1.tlog
C:\GabeModPlus\src\game\server\Release_hl2mp\CL.2976.write.1.tlog
C:\GabeModPlus\src\game\server\Release_hl2mp\CL.29880.read.1.tlog
C:\GabeModPlus\src\game\server\Release_hl2mp\CL.29880.write.1.tlog
C:\GabeModPlus\src\game\server\Release_hl2mp\CL.3136.read.1.tlog
C:\GabeModPlus\src\game\server\Release_hl2mp\CL.3136.write.1.tlog
C:\GabeModPlus\src\game\server\Release_hl2mp\CL.31768.read.1.tlog
C:\GabeModPlus\src\game\server\Release_hl2mp\CL.31768.write.1.tlog
C:\GabeModPlus\src\game\server\Release_hl2mp\CL.32456.read.1.tlog
C:\GabeModPlus\src\game\server\Release_hl2mp\CL.32456.write.1.tlog
C:\GabeModPlus\src\game\server\Release_hl2mp\CL.32488.read.1.tlog
C:\GabeModPlus\src\game\server\Release_hl2mp\CL.32488.write.1.tlog
C:\GabeModPlus\src\game\server\Release_hl2mp\CL.3292.read.1.tlog
C:\GabeModPlus\src\game\server\Release_hl2mp\CL.3292.write.1.tlog
C:\GabeModPlus\src\game\server\Release_hl2mp\CL.33004.read.1.tlog
C:\GabeModPlus\src\game\server\Release_hl2mp\CL.33004.write.1.tlog
C:\GabeModPlus\src\game\server\Release_hl2mp\CL.34968.read.1.tlog
C:\GabeModPlus\src\game\server\Release_hl2mp\CL.34968.write.1.tlog
C:\GabeModPlus\src\game\server\Release_hl2mp\CL.4060.read.1.tlog
C:\GabeModPlus\src\game\server\Release_hl2mp\CL.4060.write.1.tlog
C:\GabeModPlus\src\game\server\Release_hl2mp\CL.6252.read.1.tlog
C:\GabeModPlus\src\game\server\Release_hl2mp\CL.6252.write.1.tlog
C:\GabeModPlus\src\game\server\Release_hl2mp\CL.6724.read.1.tlog
C:\GabeModPlus\src\game\server\Release_hl2mp\CL.6724.write.1.tlog
C:\GabeModPlus\src\game\server\Release_hl2mp\CL.7128.read.1.tlog
C:\GabeModPlus\src\game\server\Release_hl2mp\CL.7128.write.1.tlog
C:\GabeModPlus\src\game\server\Release_hl2mp\CL.7508.read.1.tlog
C:\GabeModPlus\src\game\server\Release_hl2mp\CL.7508.write.1.tlog
C:\GabeModPlus\src\game\server\Release_hl2mp\CL.7560.read.1.tlog
C:\GabeModPlus\src\game\server\Release_hl2mp\CL.7560.write.1.tlog
C:\GabeModPlus\src\game\server\Release_hl2mp\CL.8196.read.1.tlog
C:\GabeModPlus\src\game\server\Release_hl2mp\CL.8196.write.1.tlog
C:\GabeModPlus\src\game\server\Release_hl2mp\CL.8276.read.1.tlog
C:\GabeModPlus\src\game\server\Release_hl2mp\CL.8276.write.1.tlog
C:\GabeModPlus\src\game\server\Release_hl2mp\CL.8288.read.1.tlog
C:\GabeModPlus\src\game\server\Release_hl2mp\CL.8288.write.1.tlog
C:\GabeModPlus\src\game\server\Release_hl2mp\CL.9644.read.1.tlog
C:\GabeModPlus\src\game\server\Release_hl2mp\CL.9644.write.1.tlog
C:\GabeModPlus\src\game\server\Release_hl2mp\CL.9724.read.1.tlog
C:\GabeModPlus\src\game\server\Release_hl2mp\CL.9724.write.1.tlog
C:\GabeModPlus\src\game\server\Release_hl2mp\cl.command.1.tlog
C:\GabeModPlus\src\game\server\Release_hl2mp\CL.read.1.tlog
C:\GabeModPlus\src\game\server\Release_hl2mp\CL.read.10.tlog
C:\GabeModPlus\src\game\server\Release_hl2mp\CL.read.11.tlog
C:\GabeModPlus\src\game\server\Release_hl2mp\CL.read.12.tlog
C:\GabeModPlus\src\game\server\Release_hl2mp\CL.read.2.tlog
C:\GabeModPlus\src\game\server\Release_hl2mp\CL.read.3.tlog
C:\GabeModPlus\src\game\server\Release_hl2mp\CL.read.4.tlog
C:\GabeModPlus\src\game\server\Release_hl2mp\CL.read.5.tlog
C:\GabeModPlus\src\game\server\Release_hl2mp\CL.read.6.tlog
C:\GabeModPlus\src\game\server\Release_hl2mp\CL.read.7.tlog
C:\GabeModPlus\src\game\server\Release_hl2mp\CL.read.8.tlog
C:\GabeModPlus\src\game\server\Release_hl2mp\CL.read.9.tlog
C:\GabeModPlus\src\game\server\Release_hl2mp\CL.write.1.tlog
C:\GabeModPlus\src\game\server\Release_hl2mp\link.12720.read.1.tlog
C:\GabeModPlus\src\game\server\Release_hl2mp\link.12720.write.1.tlog
C:\GabeModPlus\src\game\server\Release_hl2mp\link.16972.read.1.tlog
C:\GabeModPlus\src\game\server\Release_hl2mp\link.16972.write.1.tlog
C:\GabeModPlus\src\game\server\Release_hl2mp\link.17700.read.1.tlog
C:\GabeModPlus\src\game\server\Release_hl2mp\link.17700.write.1.tlog
C:\GabeModPlus\src\game\server\Release_hl2mp\link.1888.read.1.tlog
C:\GabeModPlus\src\game\server\Release_hl2mp\link.1888.write.1.tlog
C:\GabeModPlus\src\game\server\Release_hl2mp\link.20068.read.1.tlog
C:\GabeModPlus\src\game\server\Release_hl2mp\link.20068.write.1.tlog
C:\GabeModPlus\src\game\server\Release_hl2mp\link.20464.read.1.tlog
C:\GabeModPlus\src\game\server\Release_hl2mp\link.20464.write.1.tlog
C:\GabeModPlus\src\game\server\Release_hl2mp\link.2096.read.1.tlog
C:\GabeModPlus\src\game\server\Release_hl2mp\link.2096.write.1.tlog
C:\GabeModPlus\src\game\server\Release_hl2mp\link.21304.read.1.tlog
C:\GabeModPlus\src\game\server\Release_hl2mp\link.21304.write.1.tlog
C:\GabeModPlus\src\game\server\Release_hl2mp\link.22928.read.1.tlog
C:\GabeModPlus\src\game\server\Release_hl2mp\link.22928.write.1.tlog
C:\GabeModPlus\src\game\server\Release_hl2mp\link.25124.read.1.tlog
C:\GabeModPlus\src\game\server\Release_hl2mp\link.25124.write.1.tlog
C:\GabeModPlus\src\game\server\Release_hl2mp\link.2600.read.1.tlog
C:\GabeModPlus\src\game\server\Release_hl2mp\link.2600.write.1.tlog
C:\GabeModPlus\src\game\server\Release_hl2mp\link.26232.read.1.tlog
C:\GabeModPlus\src\game\server\Release_hl2mp\link.26232.write.1.tlog
C:\GabeModPlus\src\game\server\Release_hl2mp\link.26676.read.1.tlog
C:\GabeModPlus\src\game\server\Release_hl2mp\link.26676.write.1.tlog
C:\GabeModPlus\src\game\server\Release_hl2mp\link.27504.read.1.tlog
C:\GabeModPlus\src\game\server\Release_hl2mp\link.27504.write.1.tlog
C:\GabeModPlus\src\game\server\Release_hl2mp\link.27744.read.1.tlog
C:\GabeModPlus\src\game\server\Release_hl2mp\link.27744.write.1.tlog
C:\GabeModPlus\src\game\server\Release_hl2mp\link.27888.read.1.tlog
C:\GabeModPlus\src\game\server\Release_hl2mp\link.27888.write.1.tlog
C:\GabeModPlus\src\game\server\Release_hl2mp\link.28304.read.1.tlog
C:\GabeModPlus\src\game\server\Release_hl2mp\link.28304.write.1.tlog
C:\GabeModPlus\src\game\server\Release_hl2mp\link.31468.read.1.tlog
C:\GabeModPlus\src\game\server\Release_hl2mp\link.31468.write.1.tlog
C:\GabeModPlus\src\game\server\Release_hl2mp\link.33292.read.1.tlog
C:\GabeModPlus\src\game\server\Release_hl2mp\link.33292.write.1.tlog
C:\GabeModPlus\src\game\server\Release_hl2mp\link.34076.read.1.tlog
C:\GabeModPlus\src\game\server\Release_hl2mp\link.34076.write.1.tlog
C:\GabeModPlus\src\game\server\Release_hl2mp\link.4928.read.1.tlog
C:\GabeModPlus\src\game\server\Release_hl2mp\link.4928.write.1.tlog
C:\GabeModPlus\src\game\server\Release_hl2mp\link.command.1.tlog
C:\GabeModPlus\src\game\server\Release_hl2mp\link.read.1.tlog
C:\GabeModPlus\src\game\server\Release_hl2mp\link.write.1.tlog
C:\GabeModPlus\src\game\server\Release_hl2mp\Server HL2MP.write.1.tlog
C:\GabeModPlus\src\game\server\Release_hl2mp\Server HL2MP.pch
C:\GabeModPlus\src\game\server\Release_hl2mp\Server HL2MP.exp
C:\GabeModPlus\src\game\server\Release_hl2mp\Server HL2MP.pdb
C:\GabeModPlus\src\game\server\Release_hl2mp\vc110.pdb
