C:\GABEMODPLUS\SRC\GAME\CLIENT\RELEASE_HL2MP\CLIENT.PCH
C:\GABEMODPLUS\SRC\GAME\CLIENT\RELEASE_HL2MP\STDAFX.OBJ
C:\GABEMODPLUS\SRC\GAME\CLIENT\RELEASE_HL2MP\VC110.PDB
C:\GABEMODPLUS\SRC\GAME\CLIENT\RELEASE_HL2MP\ACHIEVEMENTS_HLX.OBJ
C:\GABEMODPLUS\SRC\GAME\CLIENT\RELEASE_HL2MP\BASEACHIEVEMENT.OBJ
C:\GABEMODPLUS\SRC\GAME\CLIENT\RELEASE_HL2MP\C_ENTITYDISSOLVE.OBJ
C:\GABEMODPLUS\SRC\GAME\CLIENT\RELEASE_HL2MP\C_FUNC_CONVEYOR.OBJ
C:\GABEMODPLUS\SRC\GAME\CLIENT\RELEASE_HL2MP\C_FUNC_ROTATING.OBJ
C:\GABEMODPLUS\SRC\GAME\CLIENT\RELEASE_HL2MP\C_PARTICLE_SYSTEM.OBJ
C:\GABEMODPLUS\SRC\GAME\CLIENT\RELEASE_HL2MP\C_PROPS.OBJ
C:\GABEMODPLUS\SRC\GAME\CLIENT\RELEASE_HL2MP\C_SPOTLIGHT_END.OBJ
C:\GABEMODPLUS\SRC\GAME\CLIENT\RELEASE_HL2MP\C_TESLA.OBJ
C:\GABEMODPLUS\SRC\GAME\CLIENT\RELEASE_HL2MP\C_WATERBULLET.OBJ
C:\GABEMODPLUS\SRC\GAME\CLIENT\RELEASE_HL2MP\CDLL_UTIL.OBJ
C:\GABEMODPLUS\SRC\GAME\CLIENT\RELEASE_HL2MP\DEATH_POSE.OBJ
C:\GABEMODPLUS\SRC\GAME\CLIENT\RELEASE_HL2MP\DUMMYPROXY.OBJ
C:\GABEMODPLUS\SRC\GAME\CLIENT\RELEASE_HL2MP\EHANDLE.OBJ
C:\GABEMODPLUS\SRC\GAME\CLIENT\RELEASE_HL2MP\ENTITYORIGINMATERIALPROXY.OBJ
C:\GABEMODPLUS\SRC\GAME\CLIENT\RELEASE_HL2MP\FLASHLIGHTEFFECT.OBJ
C:\GABEMODPLUS\SRC\GAME\CLIENT\RELEASE_HL2MP\FX_IMPACT.OBJ
C:\GABEMODPLUS\SRC\GAME\CLIENT\RELEASE_HL2MP\GAMESTRINGPOOL.OBJ
C:\GABEMODPLUS\SRC\GAME\CLIENT\RELEASE_HL2MP\HINTMESSAGE.OBJ
C:\GABEMODPLUS\SRC\GAME\CLIENT\RELEASE_HL2MP\HUD_BASECHAT.OBJ
C:\GABEMODPLUS\SRC\GAME\CLIENT\RELEASE_HL2MP\IN_CAMERA.OBJ
C:\GABEMODPLUS\SRC\GAME\CLIENT\RELEASE_HL2MP\MENU.OBJ
C:\GABEMODPLUS\SRC\GAME\CLIENT\RELEASE_HL2MP\PREDICTED_VIEWMODEL.OBJ
C:\GABEMODPLUS\SRC\GAME\CLIENT\RELEASE_HL2MP\SCENEENTITY_SHARED.OBJ
C:\GABEMODPLUS\SRC\GAME\CLIENT\RELEASE_HL2MP\SIMPLE_KEYS.OBJ
C:\GABEMODPLUS\SRC\GAME\CLIENT\RELEASE_HL2MP\SPRITE.OBJ
C:\GABEMODPLUS\SRC\GAME\CLIENT\RELEASE_HL2MP\TOGGLETEXTUREPROXY.OBJ
C:\GABEMODPLUS\SRC\GAME\CLIENT\RELEASE_HL2MP\VGUI_BITMAPIMAGE.OBJ
C:\GABEMODPLUS\SRC\GAME\CLIENT\RELEASE_HL2MP\VIEW.OBJ
C:\GABEMODPLUS\SRC\GAME\CLIENT\RELEASE_HL2MP\WEAPON_SELECTION.OBJ
C:\GABEMODPLUS\SRC\GAME\CLIENT\RELEASE_HL2MP\C_TE_CLIENTPROJECTILE.OBJ
C:\GABEMODPLUS\SRC\GAME\CLIENT\RELEASE_HL2MP\C_TE_KILLPLAYERATTACHMENTS.OBJ
C:\GABEMODPLUS\SRC\GAME\CLIENT\RELEASE_HL2MP\C_TE_SMOKE.OBJ
C:\GABEMODPLUS\SRC\GAME\CLIENT\RELEASE_HL2MP\FX_SPARKS.OBJ
C:\GABEMODPLUS\SRC\GAME\CLIENT\RELEASE_HL2MP\MAPOVERVIEW.OBJ
C:\GABEMODPLUS\SRC\GAME\CLIENT\RELEASE_HL2MP\WEAPON_PHYSCANNON.OBJ
C:\GABEMODPLUS\SRC\GAME\CLIENT\RELEASE_HL2MP\C_ANTLION_DUST.OBJ
C:\GABEMODPLUS\SRC\GAME\CLIENT\RELEASE_HL2MP\C_BASEHLPLAYER.OBJ
C:\GABEMODPLUS\SRC\GAME\CLIENT\RELEASE_HL2MP\C_INFO_TELEPORTER_COUNTDOWN.OBJ
C:\GABEMODPLUS\SRC\GAME\CLIENT\RELEASE_HL2MP\HUD_SQUADSTATUS.OBJ
C:\GABEMODPLUS\SRC\GAME\CLIENT\RELEASE_HL2MP\ACTIVITYLIST.OBJ
C:\GABEMODPLUS\SRC\GAME\CLIENT\RELEASE_HL2MP\C_BASECOMBATCHARACTER.OBJ
C:\GABEMODPLUS\SRC\GAME\CLIENT\RELEASE_HL2MP\C_BASEVIEWMODEL.OBJ
C:\GABEMODPLUS\SRC\GAME\CLIENT\RELEASE_HL2MP\C_COLORCORRECTIONVOLUME.OBJ
C:\GABEMODPLUS\SRC\GAME\CLIENT\RELEASE_HL2MP\C_ENV_PROJECTEDTEXTURE.OBJ
C:\GABEMODPLUS\SRC\GAME\CLIENT\RELEASE_HL2MP\C_FUNC_BREAKABLESURF.OBJ
C:\GABEMODPLUS\SRC\GAME\CLIENT\RELEASE_HL2MP\C_MATERIALMODIFYCONTROL.OBJ
C:\GABEMODPLUS\SRC\GAME\CLIENT\RELEASE_HL2MP\C_POINT_CAMERA.OBJ
C:\GABEMODPLUS\SRC\GAME\CLIENT\RELEASE_HL2MP\C_RUMBLE.OBJ
C:\GABEMODPLUS\SRC\GAME\CLIENT\RELEASE_HL2MP\C_SPRITE_PERFMONITOR.OBJ
C:\GABEMODPLUS\SRC\GAME\CLIENT\RELEASE_HL2MP\C_TEST_PROXYTOGGLE.OBJ
C:\GABEMODPLUS\SRC\GAME\CLIENT\RELEASE_HL2MP\CAMOMATERIALPROXY.OBJ
C:\GABEMODPLUS\SRC\GAME\CLIENT\RELEASE_HL2MP\CLIENT_FACTORYLIST.OBJ
C:\GABEMODPLUS\SRC\GAME\CLIENT\RELEASE_HL2MP\CLIENTLEAFSYSTEM.OBJ
C:\GABEMODPLUS\SRC\GAME\CLIENT\RELEASE_HL2MP\FX_QUAD.OBJ
C:\GABEMODPLUS\SRC\GAME\CLIENT\RELEASE_HL2MP\GAMETRACE_CLIENT.OBJ
C:\GABEMODPLUS\SRC\GAME\CLIENT\RELEASE_HL2MP\GLOW_OVERLAY.OBJ
C:\GABEMODPLUS\SRC\GAME\CLIENT\RELEASE_HL2MP\HUD_BITMAPNUMERICDISPLAY.OBJ
C:\GABEMODPLUS\SRC\GAME\CLIENT\RELEASE_HL2MP\HUD_REDRAW.OBJ
C:\GABEMODPLUS\SRC\GAME\CLIENT\RELEASE_HL2MP\IN_MAIN.OBJ
C:\GABEMODPLUS\SRC\GAME\CLIENT\RELEASE_HL2MP\PHYSPROPCLIENTSIDE.OBJ
C:\GABEMODPLUS\SRC\GAME\CLIENT\RELEASE_HL2MP\SCREENSPACEEFFECTS.OBJ
C:\GABEMODPLUS\SRC\GAME\CLIENT\RELEASE_HL2MP\STUDIO_SHARED.OBJ
C:\GABEMODPLUS\SRC\GAME\CLIENT\RELEASE_HL2MP\TEAMPLAY_GAMERULES.OBJ
C:\GABEMODPLUS\SRC\GAME\CLIENT\RELEASE_HL2MP\TIMEMATERIALPROXY.OBJ
C:\GABEMODPLUS\SRC\GAME\CLIENT\RELEASE_HL2MP\VEHICLE_VIEWBLEND_SHARED.OBJ
C:\GABEMODPLUS\SRC\GAME\CLIENT\RELEASE_HL2MP\VGUI_DEBUGOVERLAYPANEL.OBJ
C:\GABEMODPLUS\SRC\GAME\CLIENT\RELEASE_HL2MP\VIEWANGLEANIM.OBJ
C:\GABEMODPLUS\SRC\GAME\CLIENT\RELEASE_HL2MP\VOICE_STATUS.OBJ
C:\GABEMODPLUS\SRC\GAME\CLIENT\RELEASE_HL2MP\C_TE_BUBBLETRAIL.OBJ
C:\GABEMODPLUS\SRC\GAME\CLIENT\RELEASE_HL2MP\C_TE_FOOTPRINT.OBJ
C:\GABEMODPLUS\SRC\GAME\CLIENT\RELEASE_HL2MP\C_TE_PLAYERDECAL.OBJ
C:\GABEMODPLUS\SRC\GAME\CLIENT\RELEASE_HL2MP\CLASSMENU.OBJ
C:\GABEMODPLUS\SRC\GAME\CLIENT\RELEASE_HL2MP\HL2MP_PLAYER_SHARED.OBJ
C:\GABEMODPLUS\SRC\GAME\CLIENT\RELEASE_HL2MP\WEAPON_CROWBAR.OBJ
C:\GABEMODPLUS\SRC\GAME\CLIENT\RELEASE_HL2MP\WEAPON_SLAM.OBJ
C:\GABEMODPLUS\SRC\GAME\CLIENT\RELEASE_HL2MP\C_BARNACLE.OBJ
C:\GABEMODPLUS\SRC\GAME\CLIENT\RELEASE_HL2MP\C_ENV_ALYXTEMP.OBJ
C:\GABEMODPLUS\SRC\GAME\CLIENT\RELEASE_HL2MP\C_NPC_ANTLIONGUARD.OBJ
C:\GABEMODPLUS\SRC\GAME\CLIENT\RELEASE_HL2MP\C_ROTORWASH.OBJ
C:\GABEMODPLUS\SRC\GAME\CLIENT\RELEASE_HL2MP\C_VEHICLE_AIRBOAT.OBJ
C:\GABEMODPLUS\SRC\GAME\CLIENT\RELEASE_HL2MP\HUD_HEALTH.OBJ
C:\GABEMODPLUS\SRC\GAME\CLIENT\RELEASE_HL2MP\MP3PLAYER.OBJ
C:\GABEMODPLUS\SRC\GAME\CLIENT\RELEASE_HL2MP\ACHIEVEMENT_SAVERESTORE.OBJ
C:\GABEMODPLUS\SRC\GAME\CLIENT\RELEASE_HL2MP\BASE_PLAYERANIMSTATE.OBJ
C:\GABEMODPLUS\SRC\GAME\CLIENT\RELEASE_HL2MP\C_BASEANIMATING.OBJ
C:\GABEMODPLUS\SRC\GAME\CLIENT\RELEASE_HL2MP\C_VGUISCREEN.OBJ
C:\GABEMODPLUS\SRC\GAME\CLIENT\RELEASE_HL2MP\FX_TRAIL.OBJ
C:\GABEMODPLUS\SRC\GAME\CLIENT\RELEASE_HL2MP\GAMEVARS_SHARED.OBJ
C:\GABEMODPLUS\SRC\GAME\CLIENT\RELEASE_HL2MP\HISTORY_RESOURCE.OBJ
C:\GABEMODPLUS\SRC\GAME\CLIENT\RELEASE_HL2MP\HUD_HINTDISPLAY.OBJ
C:\GABEMODPLUS\SRC\GAME\CLIENT\RELEASE_HL2MP\PANELMETACLASSMGR.OBJ
C:\GABEMODPLUS\SRC\GAME\CLIENT\RELEASE_HL2MP\PROPS_SHARED.OBJ
C:\GABEMODPLUS\SRC\GAME\CLIENT\RELEASE_HL2MP\TAKEDAMAGEINFO.OBJ
C:\GABEMODPLUS\SRC\GAME\CLIENT\RELEASE_HL2MP\TEST_EHANDLE.OBJ
C:\GABEMODPLUS\SRC\GAME\CLIENT\RELEASE_HL2MP\UTIL_SHARED.OBJ
C:\GABEMODPLUS\SRC\GAME\CLIENT\RELEASE_HL2MP\VGUI_GAME_VIEWPORT.OBJ
C:\GABEMODPLUS\SRC\GAME\CLIENT\RELEASE_HL2MP\VGUI_INT.OBJ
C:\GABEMODPLUS\SRC\GAME\CLIENT\RELEASE_HL2MP\VIEWRENDER.OBJ
C:\GABEMODPLUS\SRC\GAME\CLIENT\RELEASE_HL2MP\VGUITEXTWINDOW.OBJ
C:\GABEMODPLUS\SRC\GAME\CLIENT\RELEASE_HL2MP\WEAPON_FRAG.OBJ
C:\GABEMODPLUS\SRC\GAME\CLIENT\RELEASE_HL2MP\HL2MP_HUD_TARGET_ID.OBJ
C:\GABEMODPLUS\SRC\GAME\CLIENT\RELEASE_HL2MP\C_PLASMA_BEAM_NODE.OBJ
C:\GABEMODPLUS\SRC\GAME\CLIENT\RELEASE_HL2MP\C_STRIDER.OBJ
C:\GABEMODPLUS\SRC\GAME\CLIENT\RELEASE_HL2MP\HUD_QUICKINFO.OBJ
C:\GABEMODPLUS\SRC\GAME\CLIENT\RELEASE_HL2MP\AMMODEF.OBJ
C:\GABEMODPLUS\SRC\GAME\CLIENT\RELEASE_HL2MP\BASEANIMATEDTEXTUREPROXY.OBJ
C:\GABEMODPLUS\SRC\GAME\CLIENT\RELEASE_HL2MP\BASEPRESENCE.OBJ
C:\GABEMODPLUS\SRC\GAME\CLIENT\RELEASE_HL2MP\BONE_MERGE_CACHE.OBJ
C:\GABEMODPLUS\SRC\GAME\CLIENT\RELEASE_HL2MP\C_BASEDOOR.OBJ
C:\GABEMODPLUS\SRC\GAME\CLIENT\RELEASE_HL2MP\C_BREAKABLEPROP.OBJ
C:\GABEMODPLUS\SRC\GAME\CLIENT\RELEASE_HL2MP\C_ENTITYPARTICLETRAIL.OBJ
C:\GABEMODPLUS\SRC\GAME\CLIENT\RELEASE_HL2MP\C_FUNC_AREAPORTALWINDOW.OBJ
C:\GABEMODPLUS\SRC\GAME\CLIENT\RELEASE_HL2MP\C_FUNC_REFLECTIVE_GLASS.OBJ
C:\GABEMODPLUS\SRC\GAME\CLIENT\RELEASE_HL2MP\C_LIGHTGLOW.OBJ
C:\GABEMODPLUS\SRC\GAME\CLIENT\RELEASE_HL2MP\C_PLAYERRESOURCE.OBJ
C:\GABEMODPLUS\SRC\GAME\CLIENT\RELEASE_HL2MP\C_SOUNDSCAPE.OBJ
C:\GABEMODPLUS\SRC\GAME\CLIENT\RELEASE_HL2MP\C_WATERLODCONTROL.OBJ
C:\GABEMODPLUS\SRC\GAME\CLIENT\RELEASE_HL2MP\CLASSMAP.OBJ
C:\GABEMODPLUS\SRC\GAME\CLIENT\RELEASE_HL2MP\CLIENTSIDEEFFECTS_TEST.OBJ
C:\GABEMODPLUS\SRC\GAME\CLIENT\RELEASE_HL2MP\DECALS.OBJ
C:\GABEMODPLUS\SRC\GAME\CLIENT\RELEASE_HL2MP\FUNCTIONPROXY.OBJ
C:\GABEMODPLUS\SRC\GAME\CLIENT\RELEASE_HL2MP\FX_EXPLOSION.OBJ
C:\GABEMODPLUS\SRC\GAME\CLIENT\RELEASE_HL2MP\HINTSYSTEM.OBJ
C:\GABEMODPLUS\SRC\GAME\CLIENT\RELEASE_HL2MP\HUD_ANIMATIONINFO.OBJ
C:\GABEMODPLUS\SRC\GAME\CLIENT\RELEASE_HL2MP\HUD_PDUMP.OBJ
C:\GABEMODPLUS\SRC\GAME\CLIENT\RELEASE_HL2MP\LAMPBEAMPROXY.OBJ
C:\GABEMODPLUS\SRC\GAME\CLIENT\RELEASE_HL2MP\MOVEHELPER_CLIENT.OBJ
C:\GABEMODPLUS\SRC\GAME\CLIENT\RELEASE_HL2MP\PHYSICS_MAIN_CLIENT.OBJ
C:\GABEMODPLUS\SRC\GAME\CLIENT\RELEASE_HL2MP\PLAYERANDOBJECTENUMERATOR.OBJ
C:\GABEMODPLUS\SRC\GAME\CLIENT\RELEASE_HL2MP\PRECACHE_REGISTER.OBJ
C:\GABEMODPLUS\SRC\GAME\CLIENT\RELEASE_HL2MP\PREDICTIONCOPY.OBJ
C:\GABEMODPLUS\SRC\GAME\CLIENT\RELEASE_HL2MP\PROXYPUPIL.OBJ
C:\GABEMODPLUS\SRC\GAME\CLIENT\RELEASE_HL2MP\SIMTIMER.OBJ
C:\GABEMODPLUS\SRC\GAME\CLIENT\RELEASE_HL2MP\SPLINEPATCH.OBJ
C:\GABEMODPLUS\SRC\GAME\CLIENT\RELEASE_HL2MP\SPRITETRAIL.OBJ
C:\GABEMODPLUS\SRC\GAME\CLIENT\RELEASE_HL2MP\VGUI_BITMAPBUTTON.OBJ
C:\GABEMODPLUS\SRC\GAME\CLIENT\RELEASE_HL2MP\VGUI_NETGRAPHPANEL.OBJ
C:\GABEMODPLUS\SRC\GAME\CLIENT\RELEASE_HL2MP\C_BASETEMPENTITY.OBJ
C:\GABEMODPLUS\SRC\GAME\CLIENT\RELEASE_HL2MP\C_RECIPIENTFILTER.OBJ
C:\GABEMODPLUS\SRC\GAME\CLIENT\RELEASE_HL2MP\C_SMOKE_TRAIL.OBJ
C:\GABEMODPLUS\SRC\GAME\CLIENT\RELEASE_HL2MP\C_TE_BSPDECAL.OBJ
C:\GABEMODPLUS\SRC\GAME\CLIENT\RELEASE_HL2MP\C_TE_GLOWSPRITE.OBJ
C:\GABEMODPLUS\SRC\GAME\CLIENT\RELEASE_HL2MP\FX.OBJ
C:\GABEMODPLUS\SRC\GAME\CLIENT\RELEASE_HL2MP\NAVPROGRESS.OBJ
C:\GABEMODPLUS\SRC\GAME\CLIENT\RELEASE_HL2MP\HL2MP_WEAPON_PARSE.OBJ
C:\GABEMODPLUS\SRC\GAME\CLIENT\RELEASE_HL2MP\WEAPON_357.OBJ
C:\GABEMODPLUS\SRC\GAME\CLIENT\RELEASE_HL2MP\WEAPON_HL2MPBASEHLMPCOMBATWEAPON.OBJ
C:\GABEMODPLUS\SRC\GAME\CLIENT\RELEASE_HL2MP\BACKGROUNDPANEL.OBJ
C:\GABEMODPLUS\SRC\GAME\CLIENT\RELEASE_HL2MP\C_BASEHELICOPTER.OBJ
C:\GABEMODPLUS\SRC\GAME\CLIENT\RELEASE_HL2MP\C_ENV_STARFIELD.OBJ
C:\GABEMODPLUS\SRC\GAME\CLIENT\RELEASE_HL2MP\C_NPC_MANHACK.OBJ
C:\GABEMODPLUS\SRC\GAME\CLIENT\RELEASE_HL2MP\C_SCRIPT_INTRO.OBJ
C:\GABEMODPLUS\SRC\GAME\CLIENT\RELEASE_HL2MP\C_VEHICLE_CRANE.OBJ
C:\GABEMODPLUS\SRC\GAME\CLIENT\RELEASE_HL2MP\FX_ANTLION.OBJ
C:\GABEMODPLUS\SRC\GAME\CLIENT\RELEASE_HL2MP\HL2_USERMESSAGES.OBJ
C:\GABEMODPLUS\SRC\GAME\CLIENT\RELEASE_HL2MP\HUD_BATTERY.OBJ
C:\GABEMODPLUS\SRC\GAME\CLIENT\RELEASE_HL2MP\HUD_ZOOM.OBJ
C:\GABEMODPLUS\SRC\GAME\CLIENT\RELEASE_HL2MP\ACHIEVEMENTMGR.OBJ
C:\GABEMODPLUS\SRC\GAME\CLIENT\RELEASE_HL2MP\C_FISH.OBJ
C:\GABEMODPLUS\SRC\GAME\CLIENT\RELEASE_HL2MP\C_FUNC_OCCLUDER.OBJ
C:\GABEMODPLUS\SRC\GAME\CLIENT\RELEASE_HL2MP\C_HAIRBALL.OBJ
C:\GABEMODPLUS\SRC\GAME\CLIENT\RELEASE_HL2MP\C_POINT_COMMENTARY_NODE.OBJ
C:\GABEMODPLUS\SRC\GAME\CLIENT\RELEASE_HL2MP\DEBUGOVERLAY_SHARED.OBJ
C:\GABEMODPLUS\SRC\GAME\CLIENT\RELEASE_HL2MP\EFFECTSCLIENT.OBJ
C:\GABEMODPLUS\SRC\GAME\CLIENT\RELEASE_HL2MP\ENTITYPARTICLETRAIL_SHARED.OBJ
C:\GABEMODPLUS\SRC\GAME\CLIENT\RELEASE_HL2MP\EVENTLIST.OBJ
C:\GABEMODPLUS\SRC\GAME\CLIENT\RELEASE_HL2MP\FX_BLOOD.OBJ
C:\GABEMODPLUS\SRC\GAME\CLIENT\RELEASE_HL2MP\GAMESTATS.OBJ
C:\GABEMODPLUS\SRC\GAME\CLIENT\RELEASE_HL2MP\HUD.OBJ
C:\GABEMODPLUS\SRC\GAME\CLIENT\RELEASE_HL2MP\IGAMESYSTEM.OBJ
C:\GABEMODPLUS\SRC\GAME\CLIENT\RELEASE_HL2MP\MAPENTITIES_SHARED.OBJ
C:\GABEMODPLUS\SRC\GAME\CLIENT\RELEASE_HL2MP\MOVEVARS_SHARED.OBJ
C:\GABEMODPLUS\SRC\GAME\CLIENT\RELEASE_HL2MP\OBSTACLE_PUSHAWAY.OBJ
C:\GABEMODPLUS\SRC\GAME\CLIENT\RELEASE_HL2MP\PARTICLE_PROXIES.OBJ
C:\GABEMODPLUS\SRC\GAME\CLIENT\RELEASE_HL2MP\PARTICLEMGR.OBJ
C:\GABEMODPLUS\SRC\GAME\CLIENT\RELEASE_HL2MP\RECVPROXY.OBJ
C:\GABEMODPLUS\SRC\GAME\CLIENT\RELEASE_HL2MP\SAVERESTORE.OBJ
C:\GABEMODPLUS\SRC\GAME\CLIENT\RELEASE_HL2MP\VGUI_BITMAPPANEL.OBJ
C:\GABEMODPLUS\SRC\GAME\CLIENT\RELEASE_HL2MP\VGUI_SLIDESHOW_DISPLAY_SCREEN.OBJ
C:\GABEMODPLUS\SRC\GAME\CLIENT\RELEASE_HL2MP\WEAPONS_RESOURCE.OBJ
C:\GABEMODPLUS\SRC\GAME\CLIENT\RELEASE_HL2MP\C_TE_BEAMSPLINE.OBJ
C:\GABEMODPLUS\SRC\GAME\CLIENT\RELEASE_HL2MP\C_TE_DYNAMICLIGHT.OBJ
C:\GABEMODPLUS\SRC\GAME\CLIENT\RELEASE_HL2MP\C_TE_MUZZLEFLASH.OBJ
C:\GABEMODPLUS\SRC\GAME\CLIENT\RELEASE_HL2MP\C_TE_WORLDDECAL.OBJ
C:\GABEMODPLUS\SRC\GAME\CLIENT\RELEASE_HL2MP\BASEMODELPANEL.OBJ
C:\GABEMODPLUS\SRC\GAME\CLIENT\RELEASE_HL2MP\CLIENTMODE_HL2MPNORMAL.OBJ
C:\GABEMODPLUS\SRC\GAME\CLIENT\RELEASE_HL2MP\HL2MPTEXTWINDOW.OBJ
C:\GABEMODPLUS\SRC\GAME\CLIENT\RELEASE_HL2MP\C_THUMPER_DUST.OBJ
C:\GABEMODPLUS\SRC\GAME\CLIENT\RELEASE_HL2MP\C_WEAPON_CROSSBOW.OBJ
C:\GABEMODPLUS\SRC\GAME\CLIENT\RELEASE_HL2MP\HL_GAMEMOVEMENT.OBJ
C:\GABEMODPLUS\SRC\GAME\CLIENT\RELEASE_HL2MP\HUD_WEAPONSELECTION.OBJ
C:\GABEMODPLUS\SRC\GAME\CLIENT\RELEASE_HL2MP\ACHIEVEMENT_NOTIFICATION_PANEL.OBJ
C:\GABEMODPLUS\SRC\GAME\CLIENT\RELEASE_HL2MP\C_ENV_SCREENOVERLAY.OBJ
C:\GABEMODPLUS\SRC\GAME\CLIENT\RELEASE_HL2MP\C_FUNC_MONITOR.OBJ
C:\GABEMODPLUS\SRC\GAME\CLIENT\RELEASE_HL2MP\C_GIB.OBJ
C:\GABEMODPLUS\SRC\GAME\CLIENT\RELEASE_HL2MP\C_PHYSMAGNET.OBJ
C:\GABEMODPLUS\SRC\GAME\CLIENT\RELEASE_HL2MP\C_ROPE.OBJ
C:\GABEMODPLUS\SRC\GAME\CLIENT\RELEASE_HL2MP\CLIENTSHADOWMGR.OBJ
C:\GABEMODPLUS\SRC\GAME\CLIENT\RELEASE_HL2MP\FX_TRACER.OBJ
C:\GABEMODPLUS\SRC\GAME\CLIENT\RELEASE_HL2MP\GAMERULES.OBJ
C:\GABEMODPLUS\SRC\GAME\CLIENT\RELEASE_HL2MP\HUD_CLOSECAPTION.OBJ
C:\GABEMODPLUS\SRC\GAME\CLIENT\RELEASE_HL2MP\MATRIXPROXY.OBJ
C:\GABEMODPLUS\SRC\GAME\CLIENT\RELEASE_HL2MP\MULTIPLAY_GAMERULES.OBJ
C:\GABEMODPLUS\SRC\GAME\CLIENT\RELEASE_HL2MP\PARTICLES_ATTRACTOR.OBJ
C:\GABEMODPLUS\SRC\GAME\CLIENT\RELEASE_HL2MP\PARTICLES_SIMPLE.OBJ
C:\GABEMODPLUS\SRC\GAME\CLIENT\RELEASE_HL2MP\POINT_BONUSMAPS_ACCESSOR.OBJ
C:\GABEMODPLUS\SRC\GAME\CLIENT\RELEASE_HL2MP\PREDICTABLEID.OBJ
C:\GABEMODPLUS\SRC\GAME\CLIENT\RELEASE_HL2MP\PREDICTION.OBJ
C:\GABEMODPLUS\SRC\GAME\CLIENT\RELEASE_HL2MP\VGUI_CONSOLEPANEL.OBJ
C:\GABEMODPLUS\SRC\GAME\CLIENT\RELEASE_HL2MP\VGUI_FPSPANEL.OBJ
C:\GABEMODPLUS\SRC\GAME\CLIENT\RELEASE_HL2MP\VIEWPOSTPROCESS.OBJ
C:\GABEMODPLUS\SRC\GAME\CLIENT\RELEASE_HL2MP\C_PARTICLE_SMOKEGRENADE.OBJ
C:\GABEMODPLUS\SRC\GAME\CLIENT\RELEASE_HL2MP\C_TE.OBJ
C:\GABEMODPLUS\SRC\GAME\CLIENT\RELEASE_HL2MP\C_TE_BEAMLASER.OBJ
C:\GABEMODPLUS\SRC\GAME\CLIENT\RELEASE_HL2MP\C_TE_BLOODSTREAM.OBJ
C:\GABEMODPLUS\SRC\GAME\CLIENT\RELEASE_HL2MP\C_TE_FIZZ.OBJ
C:\GABEMODPLUS\SRC\GAME\CLIENT\RELEASE_HL2MP\C_TE_PHYSICSPROP.OBJ
C:\GABEMODPLUS\SRC\GAME\CLIENT\RELEASE_HL2MP\FX_LINE.OBJ
C:\GABEMODPLUS\SRC\GAME\CLIENT\RELEASE_HL2MP\BASEVIEWPORT.OBJ
C:\GABEMODPLUS\SRC\GAME\CLIENT\RELEASE_HL2MP\WEAPON_PISTOL.OBJ
C:\GABEMODPLUS\SRC\GAME\CLIENT\RELEASE_HL2MP\HL2MP_HUD_TEAM.OBJ
C:\GABEMODPLUS\SRC\GAME\CLIENT\RELEASE_HL2MP\C_TE_CONCUSSIVEEXPLOSION.OBJ
C:\GABEMODPLUS\SRC\GAME\CLIENT\RELEASE_HL2MP\C_VORT_CHARGE_TOKEN.OBJ
C:\GABEMODPLUS\SRC\GAME\CLIENT\RELEASE_HL2MP\HL_IN_MAIN.OBJ
C:\GABEMODPLUS\SRC\GAME\CLIENT\RELEASE_HL2MP\HUD_CREDITS.OBJ
C:\GABEMODPLUS\SRC\GAME\CLIENT\RELEASE_HL2MP\ENTITY_CLIENT_TOOLS.OBJ
C:\GABEMODPLUS\SRC\GAME\CLIENT\RELEASE_HL2MP\ALPHAMATERIALPROXY.OBJ
C:\GABEMODPLUS\SRC\GAME\CLIENT\RELEASE_HL2MP\BASEENTITY_SHARED.OBJ
C:\GABEMODPLUS\SRC\GAME\CLIENT\RELEASE_HL2MP\C_AI_BASEHUMANOID.OBJ
C:\GABEMODPLUS\SRC\GAME\CLIENT\RELEASE_HL2MP\C_BASEANIMATINGOVERLAY.OBJ
C:\GABEMODPLUS\SRC\GAME\CLIENT\RELEASE_HL2MP\C_DYNAMICLIGHT.OBJ
C:\GABEMODPLUS\SRC\GAME\CLIENT\RELEASE_HL2MP\C_ENV_FOG_CONTROLLER.OBJ
C:\GABEMODPLUS\SRC\GAME\CLIENT\RELEASE_HL2MP\C_ENV_TONEMAP_CONTROLLER.OBJ
C:\GABEMODPLUS\SRC\GAME\CLIENT\RELEASE_HL2MP\C_FUNC_DUST.OBJ
C:\GABEMODPLUS\SRC\GAME\CLIENT\RELEASE_HL2MP\C_PLASMA.OBJ
C:\GABEMODPLUS\SRC\GAME\CLIENT\RELEASE_HL2MP\C_SHADOWCONTROL.OBJ
C:\GABEMODPLUS\SRC\GAME\CLIENT\RELEASE_HL2MP\C_TEAM.OBJ
C:\GABEMODPLUS\SRC\GAME\CLIENT\RELEASE_HL2MP\C_VEHICLE_JEEP.OBJ
C:\GABEMODPLUS\SRC\GAME\CLIENT\RELEASE_HL2MP\CLIENT_THINKLIST.OBJ
C:\GABEMODPLUS\SRC\GAME\CLIENT\RELEASE_HL2MP\COLLISIONPROPERTY.OBJ
C:\GABEMODPLUS\SRC\GAME\CLIENT\RELEASE_HL2MP\DETAILOBJECTSYSTEM.OBJ
C:\GABEMODPLUS\SRC\GAME\CLIENT\RELEASE_HL2MP\FX_FLECK.OBJ
C:\GABEMODPLUS\SRC\GAME\CLIENT\RELEASE_HL2MP\FX_WATER.OBJ
C:\GABEMODPLUS\SRC\GAME\CLIENT\RELEASE_HL2MP\HLTVCAMERA.OBJ
C:\GABEMODPLUS\SRC\GAME\CLIENT\RELEASE_HL2MP\HUD_CROSSHAIR.OBJ
C:\GABEMODPLUS\SRC\GAME\CLIENT\RELEASE_HL2MP\HUD_NUMERICDISPLAY.OBJ
C:\GABEMODPLUS\SRC\GAME\CLIENT\RELEASE_HL2MP\INTERPOLATEDVAR.OBJ
C:\GABEMODPLUS\SRC\GAME\CLIENT\RELEASE_HL2MP\MP_SHAREDDEFS.OBJ
C:\GABEMODPLUS\SRC\GAME\CLIENT\RELEASE_HL2MP\PARTICLE_LITSMOKEEMITTER.OBJ
C:\GABEMODPLUS\SRC\GAME\CLIENT\RELEASE_HL2MP\PARTICLE_SIMPLE3D.OBJ
C:\GABEMODPLUS\SRC\GAME\CLIENT\RELEASE_HL2MP\PARTICLES_LOCALSPACE.OBJ
C:\GABEMODPLUS\SRC\GAME\CLIENT\RELEASE_HL2MP\PHYSICS.OBJ
C:\GABEMODPLUS\SRC\GAME\CLIENT\RELEASE_HL2MP\PROXYPLAYER.OBJ
C:\GABEMODPLUS\SRC\GAME\CLIENT\RELEASE_HL2MP\SOUNDEMITTERSYSTEM.OBJ
C:\GABEMODPLUS\SRC\GAME\CLIENT\RELEASE_HL2MP\VGUI_MESSAGECHARS.OBJ
C:\GABEMODPLUS\SRC\GAME\CLIENT\RELEASE_HL2MP\VOICE_BANMGR.OBJ
C:\GABEMODPLUS\SRC\GAME\CLIENT\RELEASE_HL2MP\WORLDDIMSPROXY.OBJ
C:\GABEMODPLUS\SRC\GAME\CLIENT\RELEASE_HL2MP\C_PROP_VEHICLE.OBJ
C:\GABEMODPLUS\SRC\GAME\CLIENT\RELEASE_HL2MP\C_TE_ARMORRICOCHET.OBJ
C:\GABEMODPLUS\SRC\GAME\CLIENT\RELEASE_HL2MP\C_TE_BEAMPOINTS.OBJ
C:\GABEMODPLUS\SRC\GAME\CLIENT\RELEASE_HL2MP\C_TE_DECAL.OBJ
C:\GABEMODPLUS\SRC\GAME\CLIENT\RELEASE_HL2MP\C_TE_LARGEFUNNEL.OBJ
C:\GABEMODPLUS\SRC\GAME\CLIENT\RELEASE_HL2MP\C_TE_PROJECTEDDECAL.OBJ
C:\GABEMODPLUS\SRC\GAME\CLIENT\RELEASE_HL2MP\C_TESTTRACELINE.OBJ
C:\GABEMODPLUS\SRC\GAME\CLIENT\RELEASE_HL2MP\BASEMODEL_PANEL.OBJ
C:\GABEMODPLUS\SRC\GAME\CLIENT\RELEASE_HL2MP\C_HL2MP_PLAYER.OBJ
C:\GABEMODPLUS\SRC\GAME\CLIENT\RELEASE_HL2MP\WEAPON_HL2MPBASEBASEBLUDGEON.OBJ
C:\GABEMODPLUS\SRC\GAME\CLIENT\RELEASE_HL2MP\HL2MP_HUD_CHAT.OBJ
C:\GABEMODPLUS\SRC\GAME\CLIENT\RELEASE_HL2MP\ENV_HEADCRABCANISTER_SHARED.OBJ
C:\GABEMODPLUS\SRC\GAME\CLIENT\RELEASE_HL2MP\HL_PREDICTION.OBJ
C:\GABEMODPLUS\SRC\GAME\CLIENT\RELEASE_HL2MP\HUD_DAMAGEINDICATOR.OBJ
C:\GABEMODPLUS\SRC\GAME\CLIENT\RELEASE_HL2MP\GABE_WATERMARK.OBJ
C:\GABEMODPLUS\SRC\GAME\CLIENT\RELEASE_HL2MP\ANIMATEDOFFSETTEXTUREPROXY.OBJ
C:\GABEMODPLUS\SRC\GAME\CLIENT\RELEASE_HL2MP\BASECOMBATCHARACTER_SHARED.OBJ
C:\GABEMODPLUS\SRC\GAME\CLIENT\RELEASE_HL2MP\BASEPLAYER_SHARED.OBJ
C:\GABEMODPLUS\SRC\GAME\CLIENT\RELEASE_HL2MP\C_BASEFLEX.OBJ
C:\GABEMODPLUS\SRC\GAME\CLIENT\RELEASE_HL2MP\C_WORLD.OBJ
C:\GABEMODPLUS\SRC\GAME\CLIENT\RELEASE_HL2MP\CLIENTENTITYLIST.OBJ
C:\GABEMODPLUS\SRC\GAME\CLIENT\RELEASE_HL2MP\COMMENTARY_MODELVIEWER.OBJ
C:\GABEMODPLUS\SRC\GAME\CLIENT\RELEASE_HL2MP\HUD_BASETIMER.OBJ
C:\GABEMODPLUS\SRC\GAME\CLIENT\RELEASE_HL2MP\HUD_MSG.OBJ
C:\GABEMODPLUS\SRC\GAME\CLIENT\RELEASE_HL2MP\IN_JOYSTICK.OBJ
C:\GABEMODPLUS\SRC\GAME\CLIENT\RELEASE_HL2MP\PARTICLE_COLLISION.OBJ
C:\GABEMODPLUS\SRC\GAME\CLIENT\RELEASE_HL2MP\PARTICLE_PROPERTY.OBJ
C:\GABEMODPLUS\SRC\GAME\CLIENT\RELEASE_HL2MP\PARTICLES_EZ.OBJ
C:\GABEMODPLUS\SRC\GAME\CLIENT\RELEASE_HL2MP\PERFVISUALBENCHMARK.OBJ
C:\GABEMODPLUS\SRC\GAME\CLIENT\RELEASE_HL2MP\PHYSICS_SHARED.OBJ
C:\GABEMODPLUS\SRC\GAME\CLIENT\RELEASE_HL2MP\PROXYENTITY.OBJ
C:\GABEMODPLUS\SRC\GAME\CLIENT\RELEASE_HL2MP\RAGDOLL.OBJ
C:\GABEMODPLUS\SRC\GAME\CLIENT\RELEASE_HL2MP\USERCMD.OBJ
C:\GABEMODPLUS\SRC\GAME\CLIENT\RELEASE_HL2MP\VGUI_CENTERSTRINGPANEL.OBJ
C:\GABEMODPLUS\SRC\GAME\CLIENT\RELEASE_HL2MP\VIEW_EFFECTS.OBJ
C:\GABEMODPLUS\SRC\GAME\CLIENT\RELEASE_HL2MP\WEAPON_PARSE.OBJ
C:\GABEMODPLUS\SRC\GAME\CLIENT\RELEASE_HL2MP\C_STICKYBOLT.OBJ
C:\GABEMODPLUS\SRC\GAME\CLIENT\RELEASE_HL2MP\C_TE_BEAMFOLLOW.OBJ
C:\GABEMODPLUS\SRC\GAME\CLIENT\RELEASE_HL2MP\C_TE_BLOODSPRITE.OBJ
C:\GABEMODPLUS\SRC\GAME\CLIENT\RELEASE_HL2MP\C_TE_EFFECT_DISPATCH.OBJ
C:\GABEMODPLUS\SRC\GAME\CLIENT\RELEASE_HL2MP\C_TE_LEGACYTEMPENTS.OBJ
C:\GABEMODPLUS\SRC\GAME\CLIENT\RELEASE_HL2MP\SPECTATORGUI.OBJ
C:\GABEMODPLUS\SRC\GAME\CLIENT\RELEASE_HL2MP\WEAPON_RPG.OBJ
C:\GABEMODPLUS\SRC\GAME\CLIENT\RELEASE_HL2MP\HUD_DEATHNOTICE.OBJ
C:\GABEMODPLUS\SRC\GAME\CLIENT\RELEASE_HL2MP\C_VEHICLE_PRISONER_POD.OBJ
C:\GABEMODPLUS\SRC\GAME\CLIENT\RELEASE_HL2MP\HL2_GAMERULES.OBJ
C:\GABEMODPLUS\SRC\GAME\CLIENT\RELEASE_HL2MP\HUD_FLASHLIGHT.OBJ
C:\GABEMODPLUS\SRC\GAME\CLIENT\RELEASE_HL2MP\VGUI_ROOTPANEL_HL2.OBJ
C:\GABEMODPLUS\SRC\GAME\CLIENT\RELEASE_HL2MP\GABEPLUS_MOTD.OBJ
C:\GABEMODPLUS\SRC\GAME\CLIENT\RELEASE_HL2MP\ANIMATESPECIFICTEXTUREPROXY.OBJ
C:\GABEMODPLUS\SRC\GAME\CLIENT\RELEASE_HL2MP\BASEGRENADE_SHARED.OBJ
C:\GABEMODPLUS\SRC\GAME\CLIENT\RELEASE_HL2MP\BEAMDRAW.OBJ
C:\GABEMODPLUS\SRC\GAME\CLIENT\RELEASE_HL2MP\C_BASEPLAYER.OBJ
C:\GABEMODPLUS\SRC\GAME\CLIENT\RELEASE_HL2MP\C_SUN.OBJ
C:\GABEMODPLUS\SRC\GAME\CLIENT\RELEASE_HL2MP\C_USER_MESSAGE_REGISTER.OBJ
C:\GABEMODPLUS\SRC\GAME\CLIENT\RELEASE_HL2MP\CDLL_BOUNDED_CVARS.OBJ
C:\GABEMODPLUS\SRC\GAME\CLIENT\RELEASE_HL2MP\CL_MAT_STUB.OBJ
C:\GABEMODPLUS\SRC\GAME\CLIENT\RELEASE_HL2MP\CLIENTMODE_SHARED.OBJ
C:\GABEMODPLUS\SRC\GAME\CLIENT\RELEASE_HL2MP\HUD_HDRDEMO.OBJ
C:\GABEMODPLUS\SRC\GAME\CLIENT\RELEASE_HL2MP\HUD_WEAPON.OBJ
C:\GABEMODPLUS\SRC\GAME\CLIENT\RELEASE_HL2MP\PARTICLESYSTEMQUERY.OBJ
C:\GABEMODPLUS\SRC\GAME\CLIENT\RELEASE_HL2MP\PHYSICS_MAIN_SHARED.OBJ
C:\GABEMODPLUS\SRC\GAME\CLIENT\RELEASE_HL2MP\TRAIN.OBJ
C:\GABEMODPLUS\SRC\GAME\CLIENT\RELEASE_HL2MP\VIEW_BEAMS.OBJ
C:\GABEMODPLUS\SRC\GAME\CLIENT\RELEASE_HL2MP\WARP_OVERLAY.OBJ
C:\GABEMODPLUS\SRC\GAME\CLIENT\RELEASE_HL2MP\C_PARTICLE_FIRE.OBJ
C:\GABEMODPLUS\SRC\GAME\CLIENT\RELEASE_HL2MP\C_STEAMJET.OBJ
C:\GABEMODPLUS\SRC\GAME\CLIENT\RELEASE_HL2MP\C_TE_BEAMENTPOINT.OBJ
C:\GABEMODPLUS\SRC\GAME\CLIENT\RELEASE_HL2MP\C_TE_BREAKMODEL.OBJ
C:\GABEMODPLUS\SRC\GAME\CLIENT\RELEASE_HL2MP\C_TE_GLASSSHATTER.OBJ
C:\GABEMODPLUS\SRC\GAME\CLIENT\RELEASE_HL2MP\C_TE_SPRITESPRAY.OBJ
C:\GABEMODPLUS\SRC\GAME\CLIENT\RELEASE_HL2MP\PARTICLESPHERERENDERER.OBJ
C:\GABEMODPLUS\SRC\GAME\CLIENT\RELEASE_HL2MP\COMMANDMENU.OBJ
C:\GABEMODPLUS\SRC\GAME\CLIENT\RELEASE_HL2MP\C_TE_HL2MP_SHOTGUN_SHOT.OBJ
C:\GABEMODPLUS\SRC\GAME\CLIENT\RELEASE_HL2MP\HL2MP_GAMERULES.OBJ
C:\GABEMODPLUS\SRC\GAME\CLIENT\RELEASE_HL2MP\WEAPON_CROSSBOW.OBJ
C:\GABEMODPLUS\SRC\GAME\CLIENT\RELEASE_HL2MP\WEAPON_STUNSTICK.OBJ
C:\GABEMODPLUS\SRC\GAME\CLIENT\RELEASE_HL2MP\C_BARNEY.OBJ
C:\GABEMODPLUS\SRC\GAME\CLIENT\RELEASE_HL2MP\C_CITADEL_EFFECTS.OBJ
C:\GABEMODPLUS\SRC\GAME\CLIENT\RELEASE_HL2MP\C_HL2_PLAYERLOCALDATA.OBJ
C:\GABEMODPLUS\SRC\GAME\CLIENT\RELEASE_HL2MP\C_NPC_ROLLERMINE.OBJ
C:\GABEMODPLUS\SRC\GAME\CLIENT\RELEASE_HL2MP\C_TE_FLARE.OBJ
C:\GABEMODPLUS\SRC\GAME\CLIENT\RELEASE_HL2MP\FX_BUGBAIT.OBJ
C:\GABEMODPLUS\SRC\GAME\CLIENT\RELEASE_HL2MP\HL2_CLIENTMODE.OBJ
C:\GABEMODPLUS\SRC\GAME\CLIENT\RELEASE_HL2MP\SHIELDPROXY.OBJ
C:\GABEMODPLUS\SRC\GAME\CLIENT\RELEASE_HL2MP\C_WEAPON_GRAVITYGUN.OBJ
C:\GABEMODPLUS\SRC\GAME\CLIENT\RELEASE_HL2MP\ANIMATEDTEXTUREPROXY.OBJ
C:\GABEMODPLUS\SRC\GAME\CLIENT\RELEASE_HL2MP\BASECLIENTRENDERTARGETS.OBJ
C:\GABEMODPLUS\SRC\GAME\CLIENT\RELEASE_HL2MP\BASEPARTICLEENTITY.OBJ
C:\GABEMODPLUS\SRC\GAME\CLIENT\RELEASE_HL2MP\BEAM_SHARED.OBJ
C:\GABEMODPLUS\SRC\GAME\CLIENT\RELEASE_HL2MP\C_COLORCORRECTION.OBJ
C:\GABEMODPLUS\SRC\GAME\CLIENT\RELEASE_HL2MP\C_ENV_PARTICLESCRIPT.OBJ
C:\GABEMODPLUS\SRC\GAME\CLIENT\RELEASE_HL2MP\C_FUNC_LOD.OBJ
C:\GABEMODPLUS\SRC\GAME\CLIENT\RELEASE_HL2MP\C_FUNC_TRACKTRAIN.OBJ
C:\GABEMODPLUS\SRC\GAME\CLIENT\RELEASE_HL2MP\C_PHYSBOX.OBJ
C:\GABEMODPLUS\SRC\GAME\CLIENT\RELEASE_HL2MP\C_RAGDOLL_MANAGER.OBJ
C:\GABEMODPLUS\SRC\GAME\CLIENT\RELEASE_HL2MP\C_SCENEENTITY.OBJ
C:\GABEMODPLUS\SRC\GAME\CLIENT\RELEASE_HL2MP\ENV_WIND_SHARED.OBJ
C:\GABEMODPLUS\SRC\GAME\CLIENT\RELEASE_HL2MP\FX_CUBE.OBJ
C:\GABEMODPLUS\SRC\GAME\CLIENT\RELEASE_HL2MP\FX_INTERPVALUE.OBJ
C:\GABEMODPLUS\SRC\GAME\CLIENT\RELEASE_HL2MP\FX_SHELLEJECT.OBJ
C:\GABEMODPLUS\SRC\GAME\CLIENT\RELEASE_HL2MP\GAMEMOVEMENT.OBJ
C:\GABEMODPLUS\SRC\GAME\CLIENT\RELEASE_HL2MP\HUD_AUTOAIM.OBJ
C:\GABEMODPLUS\SRC\GAME\CLIENT\RELEASE_HL2MP\HUD_VEHICLE.OBJ
C:\GABEMODPLUS\SRC\GAME\CLIENT\RELEASE_HL2MP\ISNPCPROXY.OBJ
C:\GABEMODPLUS\SRC\GAME\CLIENT\RELEASE_HL2MP\MATHPROXY.OBJ
C:\GABEMODPLUS\SRC\GAME\CLIENT\RELEASE_HL2MP\PARTICLE_PARSE.OBJ
C:\GABEMODPLUS\SRC\GAME\CLIENT\RELEASE_HL2MP\PARTICLES_NEW.OBJ
C:\GABEMODPLUS\SRC\GAME\CLIENT\RELEASE_HL2MP\PHYSICS_SAVERESTORE.OBJ
C:\GABEMODPLUS\SRC\GAME\CLIENT\RELEASE_HL2MP\SOUNDENVELOPE.OBJ
C:\GABEMODPLUS\SRC\GAME\CLIENT\RELEASE_HL2MP\USERMESSAGES.OBJ
C:\GABEMODPLUS\SRC\GAME\CLIENT\RELEASE_HL2MP\VGUI_GRID.OBJ
C:\GABEMODPLUS\SRC\GAME\CLIENT\RELEASE_HL2MP\VIEWCONEIMAGE.OBJ
C:\GABEMODPLUS\SRC\GAME\CLIENT\RELEASE_HL2MP\C_IMPACT_EFFECTS.OBJ
C:\GABEMODPLUS\SRC\GAME\CLIENT\RELEASE_HL2MP\C_TE_BASEBEAM.OBJ
C:\GABEMODPLUS\SRC\GAME\CLIENT\RELEASE_HL2MP\C_TE_BEAMRING.OBJ
C:\GABEMODPLUS\SRC\GAME\CLIENT\RELEASE_HL2MP\C_TE_BUBBLES.OBJ
C:\GABEMODPLUS\SRC\GAME\CLIENT\RELEASE_HL2MP\C_TE_IMPACT.OBJ
C:\GABEMODPLUS\SRC\GAME\CLIENT\RELEASE_HL2MP\C_TE_SHOWLINE.OBJ
C:\GABEMODPLUS\SRC\GAME\CLIENT\RELEASE_HL2MP\C_TE_SPARKS.OBJ
C:\GABEMODPLUS\SRC\GAME\CLIENT\RELEASE_HL2MP\FX_DISCREETLINE.OBJ
C:\GABEMODPLUS\SRC\GAME\CLIENT\RELEASE_HL2MP\CLIENTSCOREBOARDDIALOG.OBJ
C:\GABEMODPLUS\SRC\GAME\CLIENT\RELEASE_HL2MP\HL2MP_PLAYERANIMSTATE.OBJ
C:\GABEMODPLUS\SRC\GAME\CLIENT\RELEASE_HL2MP\WEAPON_HL2MPBASE.OBJ
C:\GABEMODPLUS\SRC\GAME\CLIENT\RELEASE_HL2MP\C_AR2_EXPLOSION.OBJ
C:\GABEMODPLUS\SRC\GAME\CLIENT\RELEASE_HL2MP\C_CORPSE.OBJ
C:\GABEMODPLUS\SRC\GAME\CLIENT\RELEASE_HL2MP\C_FUNC_TANKMORTAR.OBJ
C:\GABEMODPLUS\SRC\GAME\CLIENT\RELEASE_HL2MP\C_NPC_COMBINEGUNSHIP.OBJ
C:\GABEMODPLUS\SRC\GAME\CLIENT\RELEASE_HL2MP\C_WEAPON__STUBS_HL2.OBJ
C:\GABEMODPLUS\SRC\GAME\CLIENT\RELEASE_HL2MP\HUD_SUITPOWER.OBJ
C:\GABEMODPLUS\SRC\GAME\CLIENT\RELEASE_HL2MP\ANIMATEDENTITYTEXTUREPROXY.OBJ
C:\GABEMODPLUS\SRC\GAME\CLIENT\RELEASE_HL2MP\BASECOMBATWEAPON_SHARED.OBJ
C:\GABEMODPLUS\SRC\GAME\CLIENT\RELEASE_HL2MP\BONE_ACCESSOR.OBJ
C:\GABEMODPLUS\SRC\GAME\CLIENT\RELEASE_HL2MP\C_AI_BASENPC.OBJ
C:\GABEMODPLUS\SRC\GAME\CLIENT\RELEASE_HL2MP\C_BASEENTITY.OBJ
C:\GABEMODPLUS\SRC\GAME\CLIENT\RELEASE_HL2MP\C_FUNC_SMOKEVOLUME.OBJ
C:\GABEMODPLUS\SRC\GAME\CLIENT\RELEASE_HL2MP\C_PIXEL_VISIBILITY.OBJ
C:\GABEMODPLUS\SRC\GAME\CLIENT\RELEASE_HL2MP\C_SPRITE.OBJ
C:\GABEMODPLUS\SRC\GAME\CLIENT\RELEASE_HL2MP\C_VEHICLE_CHOREO_GENERIC.OBJ
C:\GABEMODPLUS\SRC\GAME\CLIENT\RELEASE_HL2MP\CLIENTEFFECTPRECACHESYSTEM.OBJ
C:\GABEMODPLUS\SRC\GAME\CLIENT\RELEASE_HL2MP\CLIENTSIDEEFFECTS.OBJ
C:\GABEMODPLUS\SRC\GAME\CLIENT\RELEASE_HL2MP\COLORCORRECTIONMGR.OBJ
C:\GABEMODPLUS\SRC\GAME\CLIENT\RELEASE_HL2MP\EFFECT_DISPATCH_DATA.OBJ
C:\GABEMODPLUS\SRC\GAME\CLIENT\RELEASE_HL2MP\ENTITYLIST_BASE.OBJ
C:\GABEMODPLUS\SRC\GAME\CLIENT\RELEASE_HL2MP\ENV_DETAIL_CONTROLLER.OBJ
C:\GABEMODPLUS\SRC\GAME\CLIENT\RELEASE_HL2MP\FUNC_LADDER.OBJ
C:\GABEMODPLUS\SRC\GAME\CLIENT\RELEASE_HL2MP\FX_STATICLINE.OBJ
C:\GABEMODPLUS\SRC\GAME\CLIENT\RELEASE_HL2MP\GAMERULES_REGISTER.OBJ
C:\GABEMODPLUS\SRC\GAME\CLIENT\RELEASE_HL2MP\GEIGER.OBJ
C:\GABEMODPLUS\SRC\GAME\CLIENT\RELEASE_HL2MP\HUD_ELEMENT_HELPER.OBJ
C:\GABEMODPLUS\SRC\GAME\CLIENT\RELEASE_HL2MP\HUD_FILMDEMO.OBJ
C:\GABEMODPLUS\SRC\GAME\CLIENT\RELEASE_HL2MP\HUD_VOICESTATUS.OBJ
C:\GABEMODPLUS\SRC\GAME\CLIENT\RELEASE_HL2MP\ROPE_HELPERS.OBJ
C:\GABEMODPLUS\SRC\GAME\CLIENT\RELEASE_HL2MP\SEQUENCE_TRANSITIONER.OBJ
C:\GABEMODPLUS\SRC\GAME\CLIENT\RELEASE_HL2MP\SINGLEPLAY_GAMERULES.OBJ
C:\GABEMODPLUS\SRC\GAME\CLIENT\RELEASE_HL2MP\SOUNDPARAMETERSINTERNAL.OBJ
C:\GABEMODPLUS\SRC\GAME\CLIENT\RELEASE_HL2MP\SPRITEMODEL.OBJ
C:\GABEMODPLUS\SRC\GAME\CLIENT\RELEASE_HL2MP\TEXTURESCROLLMATERIALPROXY.OBJ
C:\GABEMODPLUS\SRC\GAME\CLIENT\RELEASE_HL2MP\VGUI_AVATARIMAGE.OBJ
C:\GABEMODPLUS\SRC\GAME\CLIENT\RELEASE_HL2MP\VIEW_SCENE.OBJ
C:\GABEMODPLUS\SRC\GAME\CLIENT\RELEASE_HL2MP\VIEWDEBUG.OBJ
C:\GABEMODPLUS\SRC\GAME\CLIENT\RELEASE_HL2MP\WATERLODMATERIALPROXY.OBJ
C:\GABEMODPLUS\SRC\GAME\CLIENT\RELEASE_HL2MP\C_MOVIE_EXPLOSION.OBJ
C:\GABEMODPLUS\SRC\GAME\CLIENT\RELEASE_HL2MP\C_SMOKESTACK.OBJ
C:\GABEMODPLUS\SRC\GAME\CLIENT\RELEASE_HL2MP\C_TE_BEAMENTS.OBJ
C:\GABEMODPLUS\SRC\GAME\CLIENT\RELEASE_HL2MP\C_TE_BEAMRINGPOINT.OBJ
C:\GABEMODPLUS\SRC\GAME\CLIENT\RELEASE_HL2MP\C_TE_EXPLOSION.OBJ
C:\GABEMODPLUS\SRC\GAME\CLIENT\RELEASE_HL2MP\C_TRACER.OBJ
C:\GABEMODPLUS\SRC\GAME\CLIENT\RELEASE_HL2MP\FX_ENVELOPE.OBJ
C:\GABEMODPLUS\SRC\GAME\CLIENT\RELEASE_HL2MP\ICONPANEL.OBJ
C:\GABEMODPLUS\SRC\GAME\CLIENT\RELEASE_HL2MP\TEAMMENU.OBJ
C:\GABEMODPLUS\SRC\GAME\CLIENT\RELEASE_HL2MP\WEAPON_HL2MPBASE_MACHINEGUN.OBJ
C:\GABEMODPLUS\SRC\GAME\CLIENT\RELEASE_HL2MP\WEAPON_SMG1.OBJ
C:\GABEMODPLUS\SRC\GAME\CLIENT\RELEASE_HL2MP\BASEHLCOMBATWEAPON_SHARED.OBJ
C:\GABEMODPLUS\SRC\GAME\CLIENT\RELEASE_HL2MP\C_BASEHLCOMBATWEAPON.OBJ
C:\GABEMODPLUS\SRC\GAME\CLIENT\RELEASE_HL2MP\C_ENV_HEADCRABCANISTER.OBJ
C:\GABEMODPLUS\SRC\GAME\CLIENT\RELEASE_HL2MP\C_PROP_COMBINE_BALL.OBJ
C:\GABEMODPLUS\SRC\GAME\CLIENT\RELEASE_HL2MP\C_VEHICLE_CANNON.OBJ
C:\GABEMODPLUS\SRC\GAME\CLIENT\RELEASE_HL2MP\FX_HL2_IMPACTS.OBJ
C:\GABEMODPLUS\SRC\GAME\CLIENT\RELEASE_HL2MP\HUD_AMMO.OBJ
C:\GABEMODPLUS\SRC\GAME\CLIENT\RELEASE_HL2MP\SCRIPT_INTRO_SHARED.OBJ
C:\GABEMODPLUS\SRC\GAME\CLIENT\RELEASE_HL2MP\MULTIPLAYER_ANIMSTATE.OBJ
C:\GABEMODPLUS\SRC\GAME\CLIENT\RELEASE_HL2MP\ANIMATION.OBJ
C:\GABEMODPLUS\SRC\GAME\CLIENT\RELEASE_HL2MP\BASEVIEWMODEL_SHARED.OBJ
C:\GABEMODPLUS\SRC\GAME\CLIENT\RELEASE_HL2MP\C_BASECOMBATWEAPON.OBJ
C:\GABEMODPLUS\SRC\GAME\CLIENT\RELEASE_HL2MP\C_FIRE_SMOKE.OBJ
C:\GABEMODPLUS\SRC\GAME\CLIENT\RELEASE_HL2MP\C_INFO_OVERLAY_ACCESSOR.OBJ
C:\GABEMODPLUS\SRC\GAME\CLIENT\RELEASE_HL2MP\C_PHYSICSPROP.OBJ
C:\GABEMODPLUS\SRC\GAME\CLIENT\RELEASE_HL2MP\C_SLIDESHOW_DISPLAY.OBJ
C:\GABEMODPLUS\SRC\GAME\CLIENT\RELEASE_HL2MP\CDLL_CLIENT_INT.OBJ
C:\GABEMODPLUS\SRC\GAME\CLIENT\RELEASE_HL2MP\INITIALIZER.OBJ
C:\GABEMODPLUS\SRC\GAME\CLIENT\RELEASE_HL2MP\LAMPHALOPROXY.OBJ
C:\GABEMODPLUS\SRC\GAME\CLIENT\RELEASE_HL2MP\MESSAGE.OBJ
C:\GABEMODPLUS\SRC\GAME\CLIENT\RELEASE_HL2MP\POINT_POSECONTROLLER.OBJ
C:\GABEMODPLUS\SRC\GAME\CLIENT\RELEASE_HL2MP\PROXYHEALTH.OBJ
C:\GABEMODPLUS\SRC\GAME\CLIENT\RELEASE_HL2MP\RAGDOLL_SHARED.OBJ
C:\GABEMODPLUS\SRC\GAME\CLIENT\RELEASE_HL2MP\TEXT_MESSAGE.OBJ
C:\GABEMODPLUS\SRC\GAME\CLIENT\RELEASE_HL2MP\VGUI_BASEPANEL.OBJ
C:\GABEMODPLUS\SRC\GAME\CLIENT\RELEASE_HL2MP\VGUI_LOADINGDISCPANEL.OBJ
C:\GABEMODPLUS\SRC\GAME\CLIENT\RELEASE_HL2MP\C_EFFECTS.OBJ
C:\GABEMODPLUS\SRC\GAME\CLIENT\RELEASE_HL2MP\C_TE_ENERGYSPLASH.OBJ
C:\GABEMODPLUS\SRC\GAME\CLIENT\RELEASE_HL2MP\C_TE_PARTICLESYSTEM.OBJ
C:\GABEMODPLUS\SRC\GAME\CLIENT\RELEASE_HL2MP\C_TE_SPRITE.OBJ
C:\GABEMODPLUS\SRC\GAME\CLIENT\RELEASE_HL2MP\SMOKE_FOG_OVERLAY.OBJ
C:\GABEMODPLUS\SRC\GAME\CLIENT\RELEASE_HL2MP\INTROMENU.OBJ
C:\GABEMODPLUS\SRC\GAME\CLIENT\RELEASE_HL2MP\WEAPON_AR2.OBJ
C:\GABEMODPLUS\SRC\GAME\CLIENT\RELEASE_HL2MP\WEAPON_SHOTGUN.OBJ
C:\GABEMODPLUS\SRC\GAME\CLIENT\RELEASE_HL2MP\HL2MPCLIENTSCOREBOARD.OBJ
C:\GABEMODPLUS\SRC\GAME\CLIENT\RELEASE_HL2MP\FX_HL2_TRACERS.OBJ
C:\GABEMODPLUS\SRC\GAME\CLIENT\RELEASE_HL2MP\HUD_BLOOD.OBJ
C:\GABEMODPLUS\SRC\GAME\CLIENT\RELEASE_HL2MP\HUD_POISONDAMAGEINDICATOR.OBJ
C:\GABEMODPLUS\SRC\GAME\CLIENT\RELEASE_HL2MP\BONELIST.OBJ
C:\GABEMODPLUS\SRC\GAME\CLIENT\RELEASE_HL2MP\TOOLFRAMEWORK_CLIENT.OBJ
C:\GABEMODPLUS\SRC\GAME\CLIENT\RELEASE_HL2MP\HUD_LCD.OBJ
C:\GABEMODPLUS\SRC\GAME\CLIENT\RELEASE_HL2MP\BONE_SETUP.OBJ
C:\GABEMODPLUS\SRC\GAME\CLIENT\RELEASE_HL2MP\INTERPOLATORTYPES.OBJ
C:\GABEMODPLUS\SRC\GAME\CLIENT\RELEASE_HL2MP\JIGGLEBONES.OBJ
C:\GABEMODPLUS\SRC\GAME\CLIENT\RELEASE_HL2MP\VGUI_CONTROLS.OBJ
C:\GABEMODPLUS\SRC\GAME\CLIENT\RELEASE_HL2MP\DT_RECV.OBJ
C:\GABEMODPLUS\SRC\GAME\CLIENT\RELEASE_HL2MP\NETWORKVAR.OBJ
C:\GABEMODPLUS\SRC\GAME\CLIENT\RELEASE_HL2MP\RENDERTEXTURE.OBJ
C:\GABEMODPLUS\SRC\GAME\CLIENT\RELEASE_HL2MP\STRINGREGISTRY.OBJ
C:\GABEMODPLUS\SRC\GAME\CLIENT\RELEASE_HL2MP\CRTMEMDEBUG.OBJ
C:\GABEMODPLUS\SRC\GAME\CLIENT\RELEASE_HL2MP\INTERVAL.OBJ
C:\GABEMODPLUS\SRC\GAME\CLIENT\RELEASE_HL2MP\POSEDEBUGGER.OBJ
C:\GABEMODPLUS\SRC\GAME\CLIENT\RELEASE_HL2MP\IN_MOUSE.OBJ
C:\GABEMODPLUS\SRC\GAME\CLIENT\RELEASE_HL2MP\COLLISIONUTILS.OBJ
C:\GABEMODPLUS\SRC\GAME\CLIENT\RELEASE_HL2MP\SCRATCHPAD3D.OBJ
C:\GABEMODPLUS\SRC\GAME\CLIENT\RELEASE_HL2MP\DT_UTLVECTOR_RECV.OBJ
C:\GABEMODPLUS\SRC\GAME\CLIENT\RELEASE_HL2MP\MEMOVERRIDE.OBJ
C:\GABEMODPLUS\SRC\GAME\CLIENT\RELEASE_HL2MP\STUDIO.OBJ
C:\GABEMODPLUS\SRC\GAME\CLIENT\RELEASE_HL2MP\COMPILEDCAPTIONSWAP.OBJ
C:\GABEMODPLUS\SRC\GAME\CLIENT\RELEASE_HL2MP\SCRATCHPADUTILS.OBJ
C:\GABEMODPLUS\SRC\GAME\CLIENT\RELEASE_HL2MP\VALLOCATOR.OBJ
C:\GABEMODPLUS\SRC\GAME\CLIENT\RELEASE_HL2MP\DT_UTLVECTOR_COMMON.OBJ
C:\GABEMODPLUS\SRC\GAME\CLIENT\RELEASE_HL2MP\RANDOVERRIDE.OBJ
C:\GABEMODPLUS\SRC\GAME\CLIENT\RELEASE_HL2MP\SENTENCE.OBJ
C:\GABEMODPLUS\SRC\GAME\CLIENT\RELEASE_HL2MP\CLIENT_CLASS.OBJ
C:\GABEMODPLUS\SRC\GAME\CLIENT\RELEASE_HL2MP\SHEETSIMULATOR.OBJ
C:\GABEMODPLUS\SRC\GAME\CLIENT\RELEASE_HL2MP\FILESYSTEM_HELPERS.OBJ
C:\GABEMODPLUS\SRC\GAME\CLIENT\RELEASE_HL2MP\ROPE_PHYSICS.OBJ
C:\GABEMODPLUS\SRC\GAME\CLIENT\RELEASE_HL2MP\SIMPLE_PHYSICS.OBJ
C:\GABEMODPLUS\SRC\GAME\CLIENT\RELEASE_HL2MP\GABE_NEWGAMEDIALOG.OBJ
䍞楬湥⁴䱈䴲൐䐊尺牐杯慲⁭楆敬⁳砨㘸尩瑓慥屭瑳慥慭灰屳潓牵散潍獤杜扡浥摯汰獵扜湩捜楬湥⹴汤൬䐊尺牐杯慲⁭楆敬⁳砨㘸尩瑓慥屭瑳慥慭灰屳潓牵散潍獤杜扡浥摯汰獵扜湩捜楬湥⹴摰ൢ帊汃敩瑮䠠㉌偍਍㩄停潲牧浡䘠汩獥⠠㡸⤶卜整浡獜整浡灡獰卜畯捲䵥摯屳慧敢潭灤畬屳楢屮汣敩瑮搮汬਍㩄停潲牧浡䘠汩獥⠠㡸⤶卜整浡獜整浡灡獰卜畯捲䵥摯屳慧敢潭灤畬屳楢屮汣敩瑮瀮扤਍䍞楬湥⁴䱈䴲൐䐊尺牐杯慲⁭楆敬⁳砨㘸尩瑓慥屭瑳慥慭灰屳潓牵散潍獤杜扡浥摯汰獵扜湩捜楬湥⹴汤൬䐊尺牐杯慲⁭楆敬⁳砨㘸尩瑓慥屭瑳慥慭灰屳潓牵散潍獤杜扡浥摯汰獵扜湩捜楬湥⹴摰ൢ帊汃敩瑮䠠㉌偍਍㩄停潲牧浡䘠汩獥⠠㡸⤶卜整浡獜整浡灡獰卜畯捲䵥摯屳慧敢潭灤畬屳楢屮汣敩瑮搮汬਍㩄停潲牧浡䘠汩獥⠠㡸⤶卜整浡獜整浡灡獰卜畯捲䵥摯屳慧敢潭灤畬屳楢屮汣敩瑮瀮扤਍䍞楬湥⁴䱈䴲൐䐊尺牐杯慲⁭楆敬⁳砨㘸尩瑓慥屭瑳慥慭灰屳潓牵散潍獤杜扡浥摯汰獵扜湩捜楬湥⹴汤൬䐊尺牐杯慲⁭楆敬⁳砨㘸尩瑓慥屭瑳慥慭灰屳潓牵散潍獤杜扡浥摯汰獵扜湩捜楬湥⹴摰ൢ帊汃敩瑮䠠㉌偍਍㩄停潲牧浡䘠汩獥⠠㡸⤶卜整浡獜整浡灡獰卜畯捲䵥摯屳慧敢潭灤畬屳楢屮汣敩瑮搮汬਍㩄停潲牧浡䘠汩獥⠠㡸⤶卜整浡獜整浡灡獰卜畯捲䵥摯屳慧敢潭灤畬屳楢屮汣敩瑮瀮扤਍䍞楬湥⁴䱈䴲൐䐊尺牐杯慲⁭楆敬⁳砨㘸尩瑓慥屭瑳慥慭灰屳潓牵散潍獤杜扡浥摯汰獵扜湩捜楬湥⹴汤൬䐊尺牐杯慲⁭楆敬⁳砨㘸尩瑓慥屭瑳慥慭灰屳潓牵散潍獤杜扡浥摯汰獵扜湩捜楬湥⹴摰ൢ帊汃敩瑮䠠㉌偍਍㩄停潲牧浡䘠汩獥⠠㡸⤶卜整浡獜整浡灡獰卜畯捲䵥摯屳慧敢潭灤畬屳楢屮汣敩瑮搮汬਍㩄停潲牧浡䘠汩獥⠠㡸⤶卜整浡獜整浡灡獰卜畯捲䵥摯屳慧敢潭灤畬屳楢屮汣敩瑮瀮扤਍䍞楬湥⁴䱈䴲൐䐊尺牐杯慲⁭楆敬⁳砨㘸尩瑓慥屭瑳慥慭灰屳潓牵散潍獤杜扡浥摯汰獵扜湩捜楬湥⹴汤൬䐊尺牐杯慲⁭楆敬⁳砨㘸尩瑓慥屭瑳慥慭灰屳潓牵散潍獤杜扡浥摯汰獵扜湩捜楬湥⹴摰ൢ帊汃敩瑮䠠㉌偍਍㩄停潲牧浡䘠汩獥⠠㡸⤶卜整浡獜整浡灡獰卜畯捲䵥摯屳慧敢潭灤畬屳楢屮汣敩瑮搮汬਍㩄停潲牧浡䘠汩獥⠠㡸⤶卜整浡獜整浡灡獰卜畯捲䵥摯屳慧敢潭灤畬屳楢屮汣敩瑮瀮扤਍䍞楬湥⁴䱈䴲൐䐊尺牐杯慲⁭楆敬⁳砨㘸尩瑓慥屭瑳慥慭灰屳潓牵散潍獤杜扡浥摯汰獵扜湩捜楬湥⹴汤൬䐊尺牐杯慲⁭楆敬⁳砨㘸尩瑓慥屭瑳慥慭灰屳潓牵散潍獤杜扡浥摯汰獵扜湩捜楬湥⹴摰ൢ帊汃敩瑮䠠㉌偍਍㩄停潲牧浡䘠汩獥⠠㡸⤶卜整浡獜整浡灡獰卜畯捲䵥摯屳慧敢潭灤畬屳楢屮汣敩瑮搮汬਍㩄停潲牧浡䘠汩獥⠠㡸⤶卜整浡獜整浡灡獰卜畯捲䵥摯屳慧敢潭灤畬屳楢屮汣敩瑮瀮扤਍䍞楬湥⁴䱈䴲൐䐊尺牐杯慲⁭楆敬⁳砨㘸尩瑓慥屭瑳慥慭灰屳潓牵散潍獤杜扡浥摯汰獵扜湩捜楬湥⹴汤൬䐊尺牐杯慲⁭楆敬⁳砨㘸尩瑓慥屭瑳慥慭灰屳潓牵散潍獤杜扡浥摯汰獵扜湩捜楬湥⹴摰ൢ帊汃敩瑮䠠㉌偍਍㩄停潲牧浡䘠汩獥⠠㡸⤶卜整浡獜整浡灡獰卜畯捲䵥摯屳慧敢潭灤畬屳楢屮汣敩瑮搮汬਍㩄停潲牧浡䘠汩獥⠠㡸⤶卜整浡獜整浡灡獰卜畯捲䵥摯屳慧敢潭灤畬屳楢屮汣敩瑮瀮扤਍䍞楬湥⁴䱈䴲൐䐊尺牐杯慲⁭楆敬⁳砨㘸尩瑓慥屭瑳慥慭灰屳潓牵散潍獤杜扡浥摯汰獵扜湩捜楬湥⹴汤൬䐊尺牐杯慲⁭楆敬⁳砨㘸尩瑓慥屭瑳慥慭灰屳潓牵散潍獤杜扡浥摯汰獵扜湩捜楬湥⹴摰ൢ帊汃敩瑮䠠㉌偍਍㩄停潲牧浡䘠汩獥⠠㡸⤶卜整浡獜整浡灡獰卜畯捲䵥摯屳慧敢潭灤畬屳楢屮汣敩瑮搮汬਍㩄停潲牧浡䘠汩獥⠠㡸⤶卜整浡獜整浡灡獰卜畯捲䵥摯屳慧敢潭灤畬屳楢屮汣敩瑮瀮扤਍䍞楬湥⁴䱈䴲൐䐊尺牐杯慲⁭楆敬⁳砨㘸尩瑓慥屭瑳慥慭灰屳潓牵散潍獤杜扡浥摯汰獵扜湩捜楬湥⹴汤൬䐊尺牐杯慲⁭楆敬⁳砨㘸尩瑓慥屭瑳慥慭灰屳潓牵散潍獤杜扡浥摯汰獵扜湩捜楬湥⹴摰ൢ帊汃敩瑮䠠㉌偍਍㩄停潲牧浡䘠汩獥⠠㡸⤶卜整浡獜整浡灡獰卜畯捲䵥摯屳慧敢潭灤畬屳楢屮汣敩瑮搮汬਍㩄停潲牧浡䘠汩獥⠠㡸⤶卜整浡獜整浡灡獰卜畯捲䵥摯屳慧敢潭灤畬屳楢屮汣敩瑮瀮扤਍䍞楬湥⁴䱈䴲൐䐊尺牐杯慲⁭楆敬⁳砨㘸尩瑓慥屭瑳慥慭灰屳潓牵散潍獤杜扡浥摯汰獵扜湩捜楬湥⹴汤൬䐊尺牐杯慲⁭楆敬⁳砨㘸尩瑓慥屭瑳慥慭灰屳潓牵散潍獤杜扡浥摯汰獵扜湩捜楬湥⹴摰ൢ帊汃敩瑮䠠㉌偍਍㩄停潲牧浡䘠汩獥⠠㡸⤶卜整浡獜整浡灡獰卜畯捲䵥摯屳慧敢潭灤畬屳楢屮汣敩瑮搮汬਍㩄停潲牧浡䘠汩獥⠠㡸⤶卜整浡獜整浡灡獰卜畯捲䵥摯屳慧敢潭灤畬屳楢屮汣敩瑮瀮扤਍䍞楬湥⁴䱈䴲൐䐊尺牐杯慲⁭楆敬⁳砨㘸尩瑓慥屭瑳慥慭灰屳潓牵散潍獤杜扡浥摯汰獵扜湩捜楬湥⹴汤൬䐊尺牐杯慲⁭楆敬⁳砨㘸尩瑓慥屭瑳慥慭灰屳潓牵散潍獤杜扡浥摯汰獵扜湩捜楬湥⹴摰ൢ帊汃敩瑮䠠㉌偍਍㩄停潲牧浡䘠汩獥⠠㡸⤶卜整浡獜整浡灡獰卜畯捲䵥摯屳慧敢潭灤畬屳楢屮汣敩瑮搮汬਍㩄停潲牧浡䘠汩獥⠠㡸⤶卜整浡獜整浡灡獰卜畯捲䵥摯屳慧敢潭灤畬屳楢屮汣敩瑮瀮扤਍䍞楬湥⁴䱈䴲൐䐊尺牐杯慲⁭楆敬⁳砨㘸尩瑓慥屭瑳慥慭灰屳潓牵散潍獤杜扡浥摯汰獵扜湩捜楬湥⹴汤൬䐊尺牐杯慲⁭楆敬⁳砨㘸尩瑓慥屭瑳慥慭灰屳潓牵散潍獤杜扡浥摯汰獵扜湩捜楬湥⹴摰ൢ帊汃敩瑮䠠㉌偍਍㩄停潲牧浡䘠汩獥⠠㡸⤶卜整浡獜整浡灡獰卜畯捲䵥摯屳慧敢潭灤畬屳楢屮汣敩瑮搮汬਍㩄停潲牧浡䘠汩獥⠠㡸⤶卜整浡獜整浡灡獰卜畯捲䵥摯屳慧敢潭灤畬屳楢屮汣敩瑮瀮扤਍䍞楬湥⁴䱈䴲൐䐊尺牐杯慲⁭楆敬⁳砨㘸尩瑓慥屭瑳慥慭灰屳潓牵散潍獤杜扡浥摯汰獵扜湩捜楬湥⹴汤൬䐊尺牐杯慲⁭楆敬⁳砨㘸尩瑓慥屭瑳慥慭灰屳潓牵散潍獤杜扡浥摯汰獵扜湩捜楬湥⹴摰ൢ帊汃敩瑮䠠㉌偍਍㩄停潲牧浡䘠汩獥⠠㡸⤶卜整浡獜整浡灡獰卜畯捲䵥摯屳慧敢潭灤畬屳楢屮汣敩瑮搮汬਍㩄停潲牧浡䘠汩獥⠠㡸⤶卜整浡獜整浡灡獰卜畯捲䵥摯屳慧敢潭灤畬屳楢屮汣敩瑮瀮扤਍䍞楬湥⁴䱈䴲൐䐊尺牐杯慲⁭楆敬⁳砨㘸尩瑓慥屭瑳慥慭灰屳潓牵散潍獤杜扡浥摯汰獵扜湩捜楬湥⹴汤൬䐊尺牐杯慲⁭楆敬⁳砨㘸尩瑓慥屭瑳慥慭灰屳潓牵散潍獤杜扡浥摯汰獵扜湩捜楬湥⹴摰ൢ帊汃敩瑮䠠㉌偍਍㩄停潲牧浡䘠汩獥⠠㡸⤶卜整浡獜整浡灡獰卜畯捲䵥摯屳慧敢潭灤畬屳楢屮汣敩瑮搮汬਍㩄停潲牧浡䘠汩獥⠠㡸⤶卜整浡獜整浡灡獰卜畯捲䵥摯屳慧敢潭灤畬屳楢屮汣敩瑮瀮扤਍䍞楬湥⁴䱈䴲൐䐊尺牐杯慲⁭楆敬⁳砨㘸尩瑓慥屭瑳慥慭灰屳潓牵散潍獤杜扡浥摯汰獵扜湩捜楬湥⹴汤൬䐊尺牐杯慲⁭楆敬⁳砨㘸尩瑓慥屭瑳慥慭灰屳潓牵散潍獤杜扡浥摯汰獵扜湩捜楬湥⹴摰ൢ帊汃敩瑮䠠㉌偍਍㩄停潲牧浡䘠汩獥⠠㡸⤶卜整浡獜整浡灡獰卜畯捲䵥摯屳慧敢潭灤畬屳楢屮汣敩瑮搮汬਍㩄停潲牧浡䘠汩獥⠠㡸⤶卜整浡獜整浡灡獰卜畯捲䵥摯屳慧敢潭灤畬屳楢屮汣敩瑮瀮扤਍䍞楬湥⁴䱈䴲൐䐊尺牐杯慲⁭楆敬⁳砨㘸尩瑓慥屭瑳慥慭灰屳潓牵散潍獤杜扡浥摯汰獵扜湩捜楬湥⹴汤൬䐊尺牐杯慲⁭楆敬⁳砨㘸尩瑓慥屭瑳慥慭灰屳潓牵散潍獤杜扡浥摯汰獵扜湩捜楬湥⹴摰ൢ帊汃敩瑮䠠㉌偍਍㩄停潲牧浡䘠汩獥⠠㡸⤶卜整浡獜整浡灡獰卜畯捲䵥摯屳慧敢潭灤畬屳楢屮汣敩瑮搮汬਍㩄停潲牧浡䘠汩獥⠠㡸⤶卜整浡獜整浡灡獰卜畯捲䵥摯屳慧敢潭灤畬屳楢屮汣敩瑮瀮扤਍䍞楬湥⁴䱈䴲൐䐊尺牐杯慲⁭楆敬⁳砨㘸尩瑓慥屭瑳慥慭灰屳潓牵散潍獤杜扡浥摯汰獵扜湩捜楬湥⹴汤൬䐊尺牐杯慲⁭楆敬⁳砨㘸尩瑓慥屭瑳慥慭灰屳潓牵散潍獤杜扡浥摯汰獵扜湩捜楬湥⹴摰ൢ帊汃敩瑮䠠㉌偍਍㩄停潲牧浡䘠汩獥⠠㡸⤶卜整浡獜整浡灡獰卜畯捲䵥摯屳慧敢潭灤畬屳楢屮汣敩瑮搮汬਍㩄停潲牧浡䘠汩獥⠠㡸⤶卜整浡獜整浡灡獰卜畯捲䵥摯屳慧敢潭灤畬屳楢屮汣敩瑮瀮扤਍䍞楬湥⁴䱈䴲൐䐊尺牐杯慲⁭楆敬⁳砨㘸尩瑓慥屭瑳慥慭灰屳潓牵散潍獤杜扡浥摯汰獵扜湩捜楬湥⹴汤൬䐊尺牐杯慲⁭楆敬⁳砨㘸尩瑓慥屭瑳慥慭灰屳潓牵散潍獤杜扡浥摯汰獵扜湩捜楬湥⹴摰ൢ帊汃敩瑮䠠㉌偍਍㩄停潲牧浡䘠汩獥⠠㡸⤶卜整浡獜整浡灡獰卜畯捲䵥摯屳慧敢潭灤畬屳楢屮汣敩瑮搮汬਍㩄停潲牧浡䘠汩獥⠠㡸⤶卜整浡獜整浡灡獰卜畯捲䵥摯屳慧敢潭灤畬屳楢屮汣敩瑮瀮扤਍䍞楬湥⁴䱈䴲൐䐊尺牐杯慲⁭楆敬⁳砨㘸尩瑓慥屭瑳慥慭灰屳潓牵散潍獤杜扡浥摯汰獵扜湩捜楬湥⹴汤൬䐊尺牐杯慲⁭楆敬⁳砨㘸尩瑓慥屭瑳慥慭灰屳潓牵散潍獤杜扡浥摯汰獵扜湩捜楬湥⹴摰ൢ帊汃敩瑮䠠㉌偍਍㩄停潲牧浡䘠汩獥⠠㡸⤶卜整浡獜整浡灡獰卜畯捲䵥摯屳慧敢潭灤畬屳楢屮汣敩瑮搮汬਍㩄停潲牧浡䘠汩獥⠠㡸⤶卜整浡獜整浡灡獰卜畯捲䵥摯屳慧敢潭灤畬屳楢屮汣敩瑮瀮扤਍䍞楬湥⁴䱈䴲൐䐊尺牐杯慲⁭楆敬⁳砨㘸尩瑓慥屭瑳慥慭灰屳潓牵散潍獤杜扡浥摯汰獵扜湩捜楬湥⹴汤൬䐊尺牐杯慲⁭楆敬⁳砨㘸尩瑓慥屭瑳慥慭灰屳潓牵散潍獤杜扡浥摯汰獵扜湩捜楬湥⹴摰ൢ帊汃敩瑮䠠㉌偍਍㩄停潲牧浡䘠汩獥⠠㡸⤶卜整浡獜整浡灡獰卜畯捲䵥摯屳慧敢潭灤畬屳楢屮汣敩瑮搮汬਍㩄停潲牧浡䘠汩獥⠠㡸⤶卜整浡獜整浡灡獰卜畯捲䵥摯屳慧敢潭灤畬屳楢屮汣敩瑮瀮扤਍䍞楬湥⁴䱈䴲൐䐊尺牐杯慲⁭楆敬⁳砨㘸尩瑓慥屭瑳慥慭灰屳潓牵散潍獤杜扡浥摯汰獵扜湩捜楬湥⹴汤൬䐊尺牐杯慲⁭楆敬⁳砨㘸尩瑓慥屭瑳慥慭灰屳潓牵散潍獤杜扡浥摯汰獵扜湩捜楬湥⹴摰ൢ帊汃敩瑮䠠㉌偍਍㩄停潲牧浡䘠汩獥⠠㡸⤶卜整浡獜整浡灡獰卜畯捲䵥摯屳慧敢潭灤畬屳楢屮汣敩瑮搮汬਍㩄停潲牧浡䘠汩獥⠠㡸⤶卜整浡獜整浡灡獰卜畯捲䵥摯屳慧敢潭灤畬屳楢屮汣敩瑮瀮扤਍䍞楬湥⁴䱈䴲൐䐊尺牐杯慲⁭楆敬⁳砨㘸尩瑓慥屭瑳慥慭灰屳潓牵散潍獤杜扡浥摯汰獵扜湩捜楬湥⹴汤൬䐊尺牐杯慲⁭楆敬⁳砨㘸尩瑓慥屭瑳慥慭灰屳潓牵散潍獤杜扡浥摯汰獵扜湩捜楬湥⹴摰ൢ帊汃敩瑮䠠㉌偍਍㩄停潲牧浡䘠汩獥⠠㡸⤶卜整浡獜整浡灡獰卜畯捲䵥摯屳慧敢潭灤畬屳楢屮汣敩瑮搮汬਍㩄停潲牧浡䘠汩獥⠠㡸⤶卜整浡獜整浡灡獰卜畯捲䵥摯屳慧敢潭灤畬屳楢屮汣敩瑮瀮扤਍䍞楬湥⁴䱈䴲൐䐊尺牐杯慲⁭楆敬⁳砨㘸尩瑓慥屭瑳慥慭灰屳潓牵散潍獤杜扡浥摯汰獵扜湩捜楬湥⹴汤൬䐊尺牐杯慲⁭楆敬⁳砨㘸尩瑓慥屭瑳慥慭灰屳潓牵散潍獤杜扡浥摯汰獵扜湩捜楬湥⹴摰ൢ帊汃敩瑮䠠㉌偍਍㩄停潲牧浡䘠汩獥⠠㡸⤶卜整浡獜整浡灡獰卜畯捲䵥摯屳慧敢潭灤畬屳楢屮汣敩瑮搮汬਍㩄停潲牧浡䘠汩獥⠠㡸⤶卜整浡獜整浡灡獰卜畯捲䵥摯屳慧敢潭灤畬屳楢屮汣敩瑮瀮扤਍䍞楬湥⁴䱈䴲൐䐊尺牐杯慲⁭楆敬⁳砨㘸尩瑓慥屭瑳慥慭灰屳潓牵散潍獤杜扡浥摯汰獵扜湩捜楬湥⹴汤൬䐊尺牐杯慲⁭楆敬⁳砨㘸尩瑓慥屭瑳慥慭灰屳潓牵散潍獤杜扡浥摯汰獵扜湩捜楬湥⹴摰ൢ帊汃敩瑮䠠㉌偍਍㩄停潲牧浡䘠汩獥⠠㡸⤶卜整浡獜整浡灡獰卜畯捲䵥摯屳慧敢潭灤畬屳楢屮汣敩瑮搮汬਍㩄停潲牧浡䘠汩獥⠠㡸⤶卜整浡獜整浡灡獰卜畯捲䵥摯屳慧敢潭灤畬屳楢屮汣敩瑮瀮扤਍䍞楬湥⁴䱈䴲൐䐊尺牐杯慲⁭楆敬⁳砨㘸尩瑓慥屭瑳慥慭灰屳潓牵散潍獤杜扡浥摯汰獵扜湩捜楬湥⹴汤൬䐊尺牐杯慲⁭楆敬⁳砨㘸尩瑓慥屭瑳慥慭灰屳潓牵散潍獤杜扡浥摯汰獵扜湩捜楬湥⹴摰ൢ帊汃敩瑮䠠㉌偍਍㩄停潲牧浡䘠汩獥⠠㡸⤶卜整浡獜整浡灡獰卜畯捲䵥摯屳慧敢潭灤畬屳楢屮汣敩瑮搮汬਍㩄停潲牧浡䘠汩獥⠠㡸⤶卜整浡獜整浡灡獰卜畯捲䵥摯屳慧敢潭灤畬屳楢屮汣敩瑮瀮扤਍䍞楬湥⁴䱈䴲൐䐊尺牐杯慲⁭楆敬⁳砨㘸尩瑓慥屭瑳慥慭灰屳潓牵散潍獤杜扡浥摯汰獵扜湩捜楬湥⹴汤൬䐊尺牐杯慲⁭楆敬⁳砨㘸尩瑓慥屭瑳慥慭灰屳潓牵散潍獤杜扡浥摯汰獵扜湩捜楬湥⹴摰ൢ帊汃敩瑮䠠㉌偍਍㩄停潲牧浡䘠汩獥⠠㡸⤶卜整浡獜整浡灡獰卜畯捲䵥摯屳慧敢潭灤畬屳楢屮汣敩瑮搮汬਍㩄停潲牧浡䘠汩獥⠠㡸⤶卜整浡獜整浡灡獰卜畯捲䵥摯屳慧敢潭灤畬屳楢屮汣敩瑮瀮扤਍䍞楬湥⁴䱈䴲൐䐊尺牐杯慲⁭楆敬⁳砨㘸尩瑓慥屭瑳慥慭灰屳潓牵散潍獤杜扡浥摯汰獵扜湩捜楬湥⹴汤൬䐊尺牐杯慲⁭楆敬⁳砨㘸尩瑓慥屭瑳慥慭灰屳潓牵散潍獤杜扡浥摯汰獵扜湩捜楬湥⹴摰ൢ帊汃敩瑮䠠㉌偍਍㩄停潲牧浡䘠汩獥⠠㡸⤶卜整浡獜整浡灡獰卜畯捲䵥摯屳慧敢潭灤畬屳楢屮汣敩瑮搮汬਍㩄停潲牧浡䘠汩獥⠠㡸⤶卜整浡獜整浡灡獰卜畯捲䵥摯屳慧敢潭灤畬屳楢屮汣敩瑮瀮扤਍䍞楬湥⁴䱈䴲൐䐊尺牐杯慲⁭楆敬⁳砨㘸尩瑓慥屭瑳慥慭灰屳潓牵散潍獤杜扡浥摯汰獵扜湩捜楬湥⹴汤൬䐊尺牐杯慲⁭楆敬⁳砨㘸尩瑓慥屭瑳慥慭灰屳潓牵散潍獤杜扡浥摯汰獵扜湩捜楬湥⹴摰ൢ帊汃敩瑮䠠㉌偍਍㩄停潲牧浡䘠汩獥⠠㡸⤶卜整浡獜整浡灡獰卜畯捲䵥摯屳慧敢潭灤畬屳楢屮汣敩瑮搮汬਍㩄停潲牧浡䘠汩獥⠠㡸⤶卜整浡獜整浡灡獰卜畯捲䵥摯屳慧敢潭灤畬屳楢屮汣敩瑮瀮扤਍
C:\GABEMODPLUS\SRC\GAME\CLIENT\RELEASE_HL2MP\CLIENT.DLL
C:\GABEMODPLUS\SRC\GAME\CLIENT\RELEASE_HL2MP\CLIENT HL2MP.MAP
C:\GABEMODPLUS\SRC\GAME\CLIENT\RELEASE_HL2MP\CLIENT HL2MP.PDB
C:\GabeModPlus\src\game\client\Release_hl2mp\achievementmgr.obj
C:\GabeModPlus\src\game\client\Release_hl2mp\achievements_hlx.obj
C:\GabeModPlus\src\game\client\Release_hl2mp\achievement_notification_panel.obj
C:\GabeModPlus\src\game\client\Release_hl2mp\achievement_saverestore.obj
C:\GabeModPlus\src\game\client\Release_hl2mp\activitylist.obj
C:\GabeModPlus\src\game\client\Release_hl2mp\alphamaterialproxy.obj
C:\GabeModPlus\src\game\client\Release_hl2mp\ammodef.obj
C:\GabeModPlus\src\game\client\Release_hl2mp\animatedentitytextureproxy.obj
C:\GabeModPlus\src\game\client\Release_hl2mp\animatedoffsettextureproxy.obj
C:\GabeModPlus\src\game\client\Release_hl2mp\animatedtextureproxy.obj
C:\GabeModPlus\src\game\client\Release_hl2mp\AnimateSpecificTextureProxy.obj
C:\GabeModPlus\src\game\client\Release_hl2mp\animation.obj
C:\GabeModPlus\src\game\client\Release_hl2mp\backgroundpanel.obj
C:\GabeModPlus\src\game\client\Release_hl2mp\baseachievement.obj
C:\GabeModPlus\src\game\client\Release_hl2mp\baseanimatedtextureproxy.obj
C:\GabeModPlus\src\game\client\Release_hl2mp\baseclientrendertargets.obj
C:\GabeModPlus\src\game\client\Release_hl2mp\basecombatcharacter_shared.obj
C:\GabeModPlus\src\game\client\Release_hl2mp\basecombatweapon_shared.obj
C:\GabeModPlus\src\game\client\Release_hl2mp\baseentity_shared.obj
C:\GabeModPlus\src\game\client\Release_hl2mp\basegrenade_shared.obj
C:\GabeModPlus\src\game\client\Release_hl2mp\basehlcombatweapon_shared.obj
C:\GabeModPlus\src\game\client\Release_hl2mp\basemodelpanel.obj
C:\GabeModPlus\src\game\client\Release_hl2mp\basemodel_panel.obj
C:\GabeModPlus\src\game\client\Release_hl2mp\baseparticleentity.obj
C:\GabeModPlus\src\game\client\Release_hl2mp\baseplayer_shared.obj
C:\GabeModPlus\src\game\client\Release_hl2mp\basepresence.obj
C:\GabeModPlus\src\game\client\Release_hl2mp\baseviewmodel_shared.obj
C:\GabeModPlus\src\game\client\Release_hl2mp\baseviewport.obj
C:\GabeModPlus\src\game\client\Release_hl2mp\base_playeranimstate.obj
C:\GabeModPlus\src\game\client\Release_hl2mp\beamdraw.obj
C:\GabeModPlus\src\game\client\Release_hl2mp\beam_shared.obj
C:\GabeModPlus\src\game\client\Release_hl2mp\bonelist.obj
C:\GabeModPlus\src\game\client\Release_hl2mp\bone_accessor.obj
C:\GabeModPlus\src\game\client\Release_hl2mp\bone_merge_cache.obj
C:\GabeModPlus\src\game\client\Release_hl2mp\bone_setup.obj
C:\GabeModPlus\src\game\client\Release_hl2mp\camomaterialproxy.obj
C:\GabeModPlus\src\game\client\Release_hl2mp\cdll_bounded_cvars.obj
C:\GabeModPlus\src\game\client\Release_hl2mp\cdll_client_int.obj
C:\GabeModPlus\src\game\client\Release_hl2mp\cdll_util.obj
C:\GabeModPlus\src\game\client\Release_hl2mp\classmap.obj
C:\GabeModPlus\src\game\client\Release_hl2mp\classmenu.obj
C:\GabeModPlus\src\game\client\Release_hl2mp\clienteffectprecachesystem.obj
C:\GabeModPlus\src\game\client\Release_hl2mp\cliententitylist.obj
C:\GabeModPlus\src\game\client\Release_hl2mp\clientleafsystem.obj
C:\GabeModPlus\src\game\client\Release_hl2mp\clientmode_hl2mpnormal.obj
C:\GabeModPlus\src\game\client\Release_hl2mp\clientmode_shared.obj
C:\GabeModPlus\src\game\client\Release_hl2mp\ClientScoreBoardDialog.obj
C:\GabeModPlus\src\game\client\Release_hl2mp\clientshadowmgr.obj
C:\GabeModPlus\src\game\client\Release_hl2mp\clientsideeffects.obj
C:\GabeModPlus\src\game\client\Release_hl2mp\clientsideeffects_test.obj
C:\GabeModPlus\src\game\client\Release_hl2mp\client_class.obj
C:\GabeModPlus\src\game\client\Release_hl2mp\client_factorylist.obj
C:\GabeModPlus\src\game\client\Release_hl2mp\client_thinklist.obj
C:\GabeModPlus\src\game\client\Release_hl2mp\cl_mat_stub.obj
C:\GabeModPlus\src\game\client\Release_hl2mp\collisionproperty.obj
C:\GabeModPlus\src\game\client\Release_hl2mp\collisionutils.obj
C:\GabeModPlus\src\game\client\Release_hl2mp\colorcorrectionmgr.obj
C:\GabeModPlus\src\game\client\Release_hl2mp\commandmenu.obj
C:\GabeModPlus\src\game\client\Release_hl2mp\commentary_modelviewer.obj
C:\GabeModPlus\src\game\client\Release_hl2mp\compiledcaptionswap.obj
C:\GabeModPlus\src\game\client\Release_hl2mp\crtmemdebug.obj
C:\GabeModPlus\src\game\client\Release_hl2mp\c_ai_basehumanoid.obj
C:\GabeModPlus\src\game\client\Release_hl2mp\c_ai_basenpc.obj
C:\GabeModPlus\src\game\client\Release_hl2mp\c_antlion_dust.obj
C:\GabeModPlus\src\game\client\Release_hl2mp\c_ar2_explosion.obj
C:\GabeModPlus\src\game\client\Release_hl2mp\c_barnacle.obj
C:\GabeModPlus\src\game\client\Release_hl2mp\c_barney.obj
C:\GabeModPlus\src\game\client\Release_hl2mp\c_baseanimating.obj
C:\GabeModPlus\src\game\client\Release_hl2mp\c_baseanimatingoverlay.obj
C:\GabeModPlus\src\game\client\Release_hl2mp\c_basecombatcharacter.obj
C:\GabeModPlus\src\game\client\Release_hl2mp\c_basecombatweapon.obj
C:\GabeModPlus\src\game\client\Release_hl2mp\c_basedoor.obj
C:\GabeModPlus\src\game\client\Release_hl2mp\c_baseentity.obj
C:\GabeModPlus\src\game\client\Release_hl2mp\c_baseflex.obj
C:\GabeModPlus\src\game\client\Release_hl2mp\c_basehelicopter.obj
C:\GabeModPlus\src\game\client\Release_hl2mp\c_basehlcombatweapon.obj
C:\GabeModPlus\src\game\client\Release_hl2mp\c_basehlplayer.obj
C:\GabeModPlus\src\game\client\Release_hl2mp\c_baseplayer.obj
C:\GabeModPlus\src\game\client\Release_hl2mp\c_basetempentity.obj
C:\GabeModPlus\src\game\client\Release_hl2mp\c_baseviewmodel.obj
C:\GabeModPlus\src\game\client\Release_hl2mp\c_breakableprop.obj
C:\GabeModPlus\src\game\client\Release_hl2mp\c_citadel_effects.obj
C:\GabeModPlus\src\game\client\Release_hl2mp\c_colorcorrection.obj
C:\GabeModPlus\src\game\client\Release_hl2mp\c_colorcorrectionvolume.obj
C:\GabeModPlus\src\game\client\Release_hl2mp\c_corpse.obj
C:\GabeModPlus\src\game\client\Release_hl2mp\c_dynamiclight.obj
C:\GabeModPlus\src\game\client\Release_hl2mp\c_effects.obj
C:\GabeModPlus\src\game\client\Release_hl2mp\c_entitydissolve.obj
C:\GabeModPlus\src\game\client\Release_hl2mp\c_entityparticletrail.obj
C:\GabeModPlus\src\game\client\Release_hl2mp\c_env_alyxtemp.obj
C:\GabeModPlus\src\game\client\Release_hl2mp\c_env_fog_controller.obj
C:\GabeModPlus\src\game\client\Release_hl2mp\c_env_headcrabcanister.obj
C:\GabeModPlus\src\game\client\Release_hl2mp\c_env_particlescript.obj
C:\GabeModPlus\src\game\client\Release_hl2mp\c_env_projectedtexture.obj
C:\GabeModPlus\src\game\client\Release_hl2mp\c_env_screenoverlay.obj
C:\GabeModPlus\src\game\client\Release_hl2mp\c_env_starfield.obj
C:\GabeModPlus\src\game\client\Release_hl2mp\c_env_tonemap_controller.obj
C:\GabeModPlus\src\game\client\Release_hl2mp\c_fire_smoke.obj
C:\GabeModPlus\src\game\client\Release_hl2mp\c_fish.obj
C:\GabeModPlus\src\game\client\Release_hl2mp\c_func_areaportalwindow.obj
C:\GabeModPlus\src\game\client\Release_hl2mp\c_func_breakablesurf.obj
C:\GabeModPlus\src\game\client\Release_hl2mp\c_func_conveyor.obj
C:\GabeModPlus\src\game\client\Release_hl2mp\c_func_dust.obj
C:\GabeModPlus\src\game\client\Release_hl2mp\c_func_lod.obj
C:\GabeModPlus\src\game\client\Release_hl2mp\C_Func_Monitor.obj
C:\GabeModPlus\src\game\client\Release_hl2mp\c_func_occluder.obj
C:\GabeModPlus\src\game\client\Release_hl2mp\c_func_reflective_glass.obj
C:\GabeModPlus\src\game\client\Release_hl2mp\c_func_rotating.obj
C:\GabeModPlus\src\game\client\Release_hl2mp\c_func_smokevolume.obj
C:\GabeModPlus\src\game\client\Release_hl2mp\c_func_tankmortar.obj
C:\GabeModPlus\src\game\client\Release_hl2mp\c_func_tracktrain.obj
C:\GabeModPlus\src\game\client\Release_hl2mp\c_gib.obj
C:\GabeModPlus\src\game\client\Release_hl2mp\c_hairball.obj
C:\GabeModPlus\src\game\client\Release_hl2mp\c_hl2mp_player.obj
C:\GabeModPlus\src\game\client\Release_hl2mp\c_hl2_playerlocaldata.obj
C:\GabeModPlus\src\game\client\Release_hl2mp\c_impact_effects.obj
C:\GabeModPlus\src\game\client\Release_hl2mp\c_info_overlay_accessor.obj
C:\GabeModPlus\src\game\client\Release_hl2mp\c_info_teleporter_countdown.obj
C:\GabeModPlus\src\game\client\Release_hl2mp\c_lightglow.obj
C:\GabeModPlus\src\game\client\Release_hl2mp\C_MaterialModifyControl.obj
C:\GabeModPlus\src\game\client\Release_hl2mp\c_movie_explosion.obj
C:\GabeModPlus\src\game\client\Release_hl2mp\c_npc_antlionguard.obj
C:\GabeModPlus\src\game\client\Release_hl2mp\c_npc_combinegunship.obj
C:\GabeModPlus\src\game\client\Release_hl2mp\c_npc_manhack.obj
C:\GabeModPlus\src\game\client\Release_hl2mp\c_npc_rollermine.obj
C:\GabeModPlus\src\game\client\Release_hl2mp\c_particle_fire.obj
C:\GabeModPlus\src\game\client\Release_hl2mp\c_particle_smokegrenade.obj
C:\GabeModPlus\src\game\client\Release_hl2mp\c_particle_system.obj
C:\GabeModPlus\src\game\client\Release_hl2mp\c_physbox.obj
C:\GabeModPlus\src\game\client\Release_hl2mp\c_physicsprop.obj
C:\GabeModPlus\src\game\client\Release_hl2mp\c_physmagnet.obj
C:\GabeModPlus\src\game\client\Release_hl2mp\c_pixel_visibility.obj
C:\GabeModPlus\src\game\client\Release_hl2mp\c_plasma.obj
C:\GabeModPlus\src\game\client\Release_hl2mp\c_plasma_beam_node.obj
C:\GabeModPlus\src\game\client\Release_hl2mp\c_playerresource.obj
C:\GabeModPlus\src\game\client\Release_hl2mp\c_point_camera.obj
C:\GabeModPlus\src\game\client\Release_hl2mp\c_point_commentary_node.obj
C:\GabeModPlus\src\game\client\Release_hl2mp\c_props.obj
C:\GabeModPlus\src\game\client\Release_hl2mp\c_prop_combine_ball.obj
C:\GabeModPlus\src\game\client\Release_hl2mp\c_prop_vehicle.obj
C:\GabeModPlus\src\game\client\Release_hl2mp\c_ragdoll_manager.obj
C:\GabeModPlus\src\game\client\Release_hl2mp\c_recipientfilter.obj
C:\GabeModPlus\src\game\client\Release_hl2mp\c_rope.obj
C:\GabeModPlus\src\game\client\Release_hl2mp\c_rotorwash.obj
C:\GabeModPlus\src\game\client\Release_hl2mp\c_rumble.obj
C:\GabeModPlus\src\game\client\Release_hl2mp\c_sceneentity.obj
C:\GabeModPlus\src\game\client\Release_hl2mp\c_script_intro.obj
C:\GabeModPlus\src\game\client\Release_hl2mp\c_shadowcontrol.obj
C:\GabeModPlus\src\game\client\Release_hl2mp\c_slideshow_display.obj
C:\GabeModPlus\src\game\client\Release_hl2mp\c_smokestack.obj
C:\GabeModPlus\src\game\client\Release_hl2mp\c_smoke_trail.obj
C:\GabeModPlus\src\game\client\Release_hl2mp\c_soundscape.obj
C:\GabeModPlus\src\game\client\Release_hl2mp\c_spotlight_end.obj
C:\GabeModPlus\src\game\client\Release_hl2mp\c_sprite.obj
C:\GabeModPlus\src\game\client\Release_hl2mp\c_sprite_perfmonitor.obj
C:\GabeModPlus\src\game\client\Release_hl2mp\c_steamjet.obj
C:\GabeModPlus\src\game\client\Release_hl2mp\c_stickybolt.obj
C:\GabeModPlus\src\game\client\Release_hl2mp\c_strider.obj
C:\GabeModPlus\src\game\client\Release_hl2mp\c_sun.obj
C:\GabeModPlus\src\game\client\Release_hl2mp\c_te.obj
C:\GabeModPlus\src\game\client\Release_hl2mp\c_team.obj
C:\GabeModPlus\src\game\client\Release_hl2mp\c_tesla.obj
C:\GabeModPlus\src\game\client\Release_hl2mp\c_testtraceline.obj
C:\GabeModPlus\src\game\client\Release_hl2mp\c_test_proxytoggle.obj
C:\GabeModPlus\src\game\client\Release_hl2mp\c_te_armorricochet.obj
C:\GabeModPlus\src\game\client\Release_hl2mp\c_te_basebeam.obj
C:\GabeModPlus\src\game\client\Release_hl2mp\c_te_beamentpoint.obj
C:\GabeModPlus\src\game\client\Release_hl2mp\c_te_beaments.obj
C:\GabeModPlus\src\game\client\Release_hl2mp\c_te_beamfollow.obj
C:\GabeModPlus\src\game\client\Release_hl2mp\c_te_beamlaser.obj
C:\GabeModPlus\src\game\client\Release_hl2mp\c_te_beampoints.obj
C:\GabeModPlus\src\game\client\Release_hl2mp\c_te_beamring.obj
C:\GabeModPlus\src\game\client\Release_hl2mp\c_te_beamringpoint.obj
C:\GabeModPlus\src\game\client\Release_hl2mp\c_te_beamspline.obj
C:\GabeModPlus\src\game\client\Release_hl2mp\c_te_bloodsprite.obj
C:\GabeModPlus\src\game\client\Release_hl2mp\c_te_bloodstream.obj
C:\GabeModPlus\src\game\client\Release_hl2mp\c_te_breakmodel.obj
C:\GabeModPlus\src\game\client\Release_hl2mp\c_te_bspdecal.obj
C:\GabeModPlus\src\game\client\Release_hl2mp\c_te_bubbles.obj
C:\GabeModPlus\src\game\client\Release_hl2mp\c_te_bubbletrail.obj
C:\GabeModPlus\src\game\client\Release_hl2mp\c_te_clientprojectile.obj
C:\GabeModPlus\src\game\client\Release_hl2mp\c_te_concussiveexplosion.obj
C:\GabeModPlus\src\game\client\Release_hl2mp\c_te_decal.obj
C:\GabeModPlus\src\game\client\Release_hl2mp\c_te_dynamiclight.obj
C:\GabeModPlus\src\game\client\Release_hl2mp\c_te_effect_dispatch.obj
C:\GabeModPlus\src\game\client\Release_hl2mp\c_te_energysplash.obj
C:\GabeModPlus\src\game\client\Release_hl2mp\c_te_explosion.obj
C:\GabeModPlus\src\game\client\Release_hl2mp\c_te_fizz.obj
C:\GabeModPlus\src\game\client\Release_hl2mp\c_te_flare.obj
C:\GabeModPlus\src\game\client\Release_hl2mp\c_te_footprint.obj
C:\GabeModPlus\src\game\client\Release_hl2mp\c_te_glassshatter.obj
C:\GabeModPlus\src\game\client\Release_hl2mp\c_te_glowsprite.obj
C:\GabeModPlus\src\game\client\Release_hl2mp\c_te_hl2mp_shotgun_shot.obj
C:\GabeModPlus\src\game\client\Release_hl2mp\c_te_impact.obj
C:\GabeModPlus\src\game\client\Release_hl2mp\c_te_killplayerattachments.obj
C:\GabeModPlus\src\game\client\Release_hl2mp\c_te_largefunnel.obj
C:\GabeModPlus\src\game\client\Release_hl2mp\c_te_legacytempents.obj
C:\GabeModPlus\src\game\client\Release_hl2mp\c_te_muzzleflash.obj
C:\GabeModPlus\src\game\client\Release_hl2mp\c_te_particlesystem.obj
C:\GabeModPlus\src\game\client\Release_hl2mp\c_te_physicsprop.obj
C:\GabeModPlus\src\game\client\Release_hl2mp\c_te_playerdecal.obj
C:\GabeModPlus\src\game\client\Release_hl2mp\c_te_projecteddecal.obj
C:\GabeModPlus\src\game\client\Release_hl2mp\c_te_showline.obj
C:\GabeModPlus\src\game\client\Release_hl2mp\c_te_smoke.obj
C:\GabeModPlus\src\game\client\Release_hl2mp\c_te_sparks.obj
C:\GabeModPlus\src\game\client\Release_hl2mp\c_te_sprite.obj
C:\GabeModPlus\src\game\client\Release_hl2mp\c_te_spritespray.obj
C:\GabeModPlus\src\game\client\Release_hl2mp\c_te_worlddecal.obj
C:\GabeModPlus\src\game\client\Release_hl2mp\c_thumper_dust.obj
C:\GabeModPlus\src\game\client\Release_hl2mp\c_tracer.obj
C:\GabeModPlus\src\game\client\Release_hl2mp\c_user_message_register.obj
C:\GabeModPlus\src\game\client\Release_hl2mp\c_vehicle_airboat.obj
C:\GabeModPlus\src\game\client\Release_hl2mp\c_vehicle_cannon.obj
C:\GabeModPlus\src\game\client\Release_hl2mp\c_vehicle_choreo_generic.obj
C:\GabeModPlus\src\game\client\Release_hl2mp\c_vehicle_crane.obj
C:\GabeModPlus\src\game\client\Release_hl2mp\c_vehicle_jeep.obj
C:\GabeModPlus\src\game\client\Release_hl2mp\c_vehicle_prisoner_pod.obj
C:\GabeModPlus\src\game\client\Release_hl2mp\c_vguiscreen.obj
C:\GabeModPlus\src\game\client\Release_hl2mp\c_vort_charge_token.obj
C:\GabeModPlus\src\game\client\Release_hl2mp\c_waterbullet.obj
C:\GabeModPlus\src\game\client\Release_hl2mp\C_WaterLODControl.obj
C:\GabeModPlus\src\game\client\Release_hl2mp\c_weapon_crossbow.obj
C:\GabeModPlus\src\game\client\Release_hl2mp\c_weapon_gravitygun.obj
C:\GabeModPlus\src\game\client\Release_hl2mp\c_weapon__stubs_hl2.obj
C:\GabeModPlus\src\game\client\Release_hl2mp\c_world.obj
C:\GabeModPlus\src\game\client\Release_hl2mp\death_pose.obj
C:\GabeModPlus\src\game\client\Release_hl2mp\debugoverlay_shared.obj
C:\GabeModPlus\src\game\client\Release_hl2mp\decals.obj
C:\GabeModPlus\src\game\client\Release_hl2mp\detailobjectsystem.obj
C:\GabeModPlus\src\game\client\Release_hl2mp\dt_recv.obj
C:\GabeModPlus\src\game\client\Release_hl2mp\dt_utlvector_common.obj
C:\GabeModPlus\src\game\client\Release_hl2mp\dt_utlvector_recv.obj
C:\GabeModPlus\src\game\client\Release_hl2mp\dummyproxy.obj
C:\GabeModPlus\src\game\client\Release_hl2mp\EffectsClient.obj
C:\GabeModPlus\src\game\client\Release_hl2mp\effect_dispatch_data.obj
C:\GabeModPlus\src\game\client\Release_hl2mp\ehandle.obj
C:\GabeModPlus\src\game\client\Release_hl2mp\entitylist_base.obj
C:\GabeModPlus\src\game\client\Release_hl2mp\entityoriginmaterialproxy.obj
C:\GabeModPlus\src\game\client\Release_hl2mp\EntityParticleTrail_Shared.obj
C:\GabeModPlus\src\game\client\Release_hl2mp\entity_client_tools.obj
C:\GabeModPlus\src\game\client\Release_hl2mp\env_detail_controller.obj
C:\GabeModPlus\src\game\client\Release_hl2mp\env_headcrabcanister_shared.obj
C:\GabeModPlus\src\game\client\Release_hl2mp\env_wind_shared.obj
C:\GabeModPlus\src\game\client\Release_hl2mp\eventlist.obj
C:\GabeModPlus\src\game\client\Release_hl2mp\filesystem_helpers.obj
C:\GabeModPlus\src\game\client\Release_hl2mp\flashlighteffect.obj
C:\GabeModPlus\src\game\client\Release_hl2mp\functionproxy.obj
C:\GabeModPlus\src\game\client\Release_hl2mp\func_ladder.obj
C:\GabeModPlus\src\game\client\Release_hl2mp\fx.obj
C:\GabeModPlus\src\game\client\Release_hl2mp\fx_antlion.obj
C:\GabeModPlus\src\game\client\Release_hl2mp\fx_blood.obj
C:\GabeModPlus\src\game\client\Release_hl2mp\fx_bugbait.obj
C:\GabeModPlus\src\game\client\Release_hl2mp\fx_cube.obj
C:\GabeModPlus\src\game\client\Release_hl2mp\fx_discreetline.obj
C:\GabeModPlus\src\game\client\Release_hl2mp\fx_envelope.obj
C:\GabeModPlus\src\game\client\Release_hl2mp\fx_explosion.obj
C:\GabeModPlus\src\game\client\Release_hl2mp\fx_fleck.obj
C:\GabeModPlus\src\game\client\Release_hl2mp\fx_hl2_impacts.obj
C:\GabeModPlus\src\game\client\Release_hl2mp\fx_hl2_tracers.obj
C:\GabeModPlus\src\game\client\Release_hl2mp\fx_impact.obj
C:\GabeModPlus\src\game\client\Release_hl2mp\fx_interpvalue.obj
C:\GabeModPlus\src\game\client\Release_hl2mp\fx_line.obj
C:\GabeModPlus\src\game\client\Release_hl2mp\fx_quad.obj
C:\GabeModPlus\src\game\client\Release_hl2mp\fx_shelleject.obj
C:\GabeModPlus\src\game\client\Release_hl2mp\fx_sparks.obj
C:\GabeModPlus\src\game\client\Release_hl2mp\fx_staticline.obj
C:\GabeModPlus\src\game\client\Release_hl2mp\fx_tracer.obj
C:\GabeModPlus\src\game\client\Release_hl2mp\fx_trail.obj
C:\GabeModPlus\src\game\client\Release_hl2mp\fx_water.obj
C:\GabeModPlus\src\game\client\Release_hl2mp\gabeplus_motd.obj
C:\GabeModPlus\src\game\client\Release_hl2mp\gabe_newgamedialog.obj
C:\GabeModPlus\src\game\client\Release_hl2mp\gabe_watermark.obj
C:\GabeModPlus\src\game\client\Release_hl2mp\gamemovement.obj
C:\GabeModPlus\src\game\client\Release_hl2mp\gamerules.obj
C:\GabeModPlus\src\game\client\Release_hl2mp\gamerules_register.obj
C:\GabeModPlus\src\game\client\Release_hl2mp\GameStats.obj
C:\GabeModPlus\src\game\client\Release_hl2mp\gamestringpool.obj
C:\GabeModPlus\src\game\client\Release_hl2mp\gametrace_client.obj
C:\GabeModPlus\src\game\client\Release_hl2mp\gamevars_shared.obj
C:\GabeModPlus\src\game\client\Release_hl2mp\geiger.obj
C:\GabeModPlus\src\game\client\Release_hl2mp\glow_overlay.obj
C:\GabeModPlus\src\game\client\Release_hl2mp\hintmessage.obj
C:\GabeModPlus\src\game\client\Release_hl2mp\hintsystem.obj
C:\GabeModPlus\src\game\client\Release_hl2mp\history_resource.obj
C:\GabeModPlus\src\game\client\Release_hl2mp\hl2mpclientscoreboard.obj
C:\GabeModPlus\src\game\client\Release_hl2mp\hl2mptextwindow.obj
C:\GabeModPlus\src\game\client\Release_hl2mp\hl2mp_gamerules.obj
C:\GabeModPlus\src\game\client\Release_hl2mp\hl2mp_hud_chat.obj
C:\GabeModPlus\src\game\client\Release_hl2mp\hl2mp_hud_target_id.obj
C:\GabeModPlus\src\game\client\Release_hl2mp\hl2mp_hud_team.obj
C:\GabeModPlus\src\game\client\Release_hl2mp\hl2mp_playeranimstate.obj
C:\GabeModPlus\src\game\client\Release_hl2mp\hl2mp_player_shared.obj
C:\GabeModPlus\src\game\client\Release_hl2mp\hl2mp_weapon_parse.obj
C:\GabeModPlus\src\game\client\Release_hl2mp\hl2_clientmode.obj
C:\GabeModPlus\src\game\client\Release_hl2mp\hl2_gamerules.obj
C:\GabeModPlus\src\game\client\Release_hl2mp\hl2_usermessages.obj
C:\GabeModPlus\src\game\client\Release_hl2mp\hltvcamera.obj
C:\GabeModPlus\src\game\client\Release_hl2mp\hl_gamemovement.obj
C:\GabeModPlus\src\game\client\Release_hl2mp\hl_in_main.obj
C:\GabeModPlus\src\game\client\Release_hl2mp\hl_prediction.obj
C:\GabeModPlus\src\game\client\Release_hl2mp\hud.obj
C:\GabeModPlus\src\game\client\Release_hl2mp\hud_ammo.obj
C:\GabeModPlus\src\game\client\Release_hl2mp\hud_animationinfo.obj
C:\GabeModPlus\src\game\client\Release_hl2mp\hud_autoaim.obj
C:\GabeModPlus\src\game\client\Release_hl2mp\hud_basechat.obj
C:\GabeModPlus\src\game\client\Release_hl2mp\hud_basetimer.obj
C:\GabeModPlus\src\game\client\Release_hl2mp\hud_battery.obj
C:\GabeModPlus\src\game\client\Release_hl2mp\hud_bitmapnumericdisplay.obj
C:\GabeModPlus\src\game\client\Release_hl2mp\hud_blood.obj
C:\GabeModPlus\src\game\client\Release_hl2mp\hud_closecaption.obj
C:\GabeModPlus\src\game\client\Release_hl2mp\hud_credits.obj
C:\GabeModPlus\src\game\client\Release_hl2mp\hud_crosshair.obj
C:\GabeModPlus\src\game\client\Release_hl2mp\hud_damageindicator.obj
C:\GabeModPlus\src\game\client\Release_hl2mp\hud_deathnotice.obj
C:\GabeModPlus\src\game\client\Release_hl2mp\hud_element_helper.obj
C:\GabeModPlus\src\game\client\Release_hl2mp\hud_filmdemo.obj
C:\GabeModPlus\src\game\client\Release_hl2mp\hud_flashlight.obj
C:\GabeModPlus\src\game\client\Release_hl2mp\hud_hdrdemo.obj
C:\GabeModPlus\src\game\client\Release_hl2mp\hud_health.obj
C:\GabeModPlus\src\game\client\Release_hl2mp\hud_hintdisplay.obj
C:\GabeModPlus\src\game\client\Release_hl2mp\hud_lcd.obj
C:\GabeModPlus\src\game\client\Release_hl2mp\hud_msg.obj
C:\GabeModPlus\src\game\client\Release_hl2mp\hud_numericdisplay.obj
C:\GabeModPlus\src\game\client\Release_hl2mp\hud_pdump.obj
C:\GabeModPlus\src\game\client\Release_hl2mp\hud_poisondamageindicator.obj
C:\GabeModPlus\src\game\client\Release_hl2mp\hud_quickinfo.obj
C:\GabeModPlus\src\game\client\Release_hl2mp\hud_redraw.obj
C:\GabeModPlus\src\game\client\Release_hl2mp\hud_squadstatus.obj
C:\GabeModPlus\src\game\client\Release_hl2mp\hud_suitpower.obj
C:\GabeModPlus\src\game\client\Release_hl2mp\hud_vehicle.obj
C:\GabeModPlus\src\game\client\Release_hl2mp\hud_voicestatus.obj
C:\GabeModPlus\src\game\client\Release_hl2mp\hud_weapon.obj
C:\GabeModPlus\src\game\client\Release_hl2mp\hud_weaponselection.obj
C:\GabeModPlus\src\game\client\Release_hl2mp\hud_zoom.obj
C:\GabeModPlus\src\game\client\Release_hl2mp\IconPanel.obj
C:\GabeModPlus\src\game\client\Release_hl2mp\igamesystem.obj
C:\GabeModPlus\src\game\client\Release_hl2mp\initializer.obj
C:\GabeModPlus\src\game\client\Release_hl2mp\interpolatedvar.obj
C:\GabeModPlus\src\game\client\Release_hl2mp\interpolatortypes.obj
C:\GabeModPlus\src\game\client\Release_hl2mp\interval.obj
C:\GabeModPlus\src\game\client\Release_hl2mp\intromenu.obj
C:\GabeModPlus\src\game\client\Release_hl2mp\in_camera.obj
C:\GabeModPlus\src\game\client\Release_hl2mp\in_joystick.obj
C:\GabeModPlus\src\game\client\Release_hl2mp\in_main.obj
C:\GabeModPlus\src\game\client\Release_hl2mp\in_mouse.obj
C:\GabeModPlus\src\game\client\Release_hl2mp\IsNPCProxy.obj
C:\GabeModPlus\src\game\client\Release_hl2mp\jigglebones.obj
C:\GabeModPlus\src\game\client\Release_hl2mp\lampbeamproxy.obj
C:\GabeModPlus\src\game\client\Release_hl2mp\lamphaloproxy.obj
C:\GabeModPlus\src\game\client\Release_hl2mp\mapentities_shared.obj
C:\GabeModPlus\src\game\client\Release_hl2mp\MapOverview.obj
C:\GabeModPlus\src\game\client\Release_hl2mp\mathproxy.obj
C:\GabeModPlus\src\game\client\Release_hl2mp\matrixproxy.obj
C:\GabeModPlus\src\game\client\Release_hl2mp\memoverride.obj
C:\GabeModPlus\src\game\client\Release_hl2mp\menu.obj
C:\GabeModPlus\src\game\client\Release_hl2mp\message.obj
C:\GabeModPlus\src\game\client\Release_hl2mp\movehelper_client.obj
C:\GabeModPlus\src\game\client\Release_hl2mp\movevars_shared.obj
C:\GabeModPlus\src\game\client\Release_hl2mp\mp3player.obj
C:\GabeModPlus\src\game\client\Release_hl2mp\mp_shareddefs.obj
C:\GabeModPlus\src\game\client\Release_hl2mp\multiplayer_animstate.obj
C:\GabeModPlus\src\game\client\Release_hl2mp\multiplay_gamerules.obj
C:\GabeModPlus\src\game\client\Release_hl2mp\NavProgress.obj
C:\GabeModPlus\src\game\client\Release_hl2mp\networkvar.obj
C:\GabeModPlus\src\game\client\Release_hl2mp\obstacle_pushaway.obj
C:\GabeModPlus\src\game\client\Release_hl2mp\panelmetaclassmgr.obj
C:\GabeModPlus\src\game\client\Release_hl2mp\particlemgr.obj
C:\GabeModPlus\src\game\client\Release_hl2mp\particlesphererenderer.obj
C:\GabeModPlus\src\game\client\Release_hl2mp\particlesystemquery.obj
C:\GabeModPlus\src\game\client\Release_hl2mp\particles_attractor.obj
C:\GabeModPlus\src\game\client\Release_hl2mp\particles_ez.obj
C:\GabeModPlus\src\game\client\Release_hl2mp\particles_localspace.obj
C:\GabeModPlus\src\game\client\Release_hl2mp\particles_new.obj
C:\GabeModPlus\src\game\client\Release_hl2mp\particles_simple.obj
C:\GabeModPlus\src\game\client\Release_hl2mp\particle_collision.obj
C:\GabeModPlus\src\game\client\Release_hl2mp\particle_litsmokeemitter.obj
C:\GabeModPlus\src\game\client\Release_hl2mp\particle_parse.obj
C:\GabeModPlus\src\game\client\Release_hl2mp\particle_property.obj
C:\GabeModPlus\src\game\client\Release_hl2mp\particle_proxies.obj
C:\GabeModPlus\src\game\client\Release_hl2mp\particle_simple3d.obj
C:\GabeModPlus\src\game\client\Release_hl2mp\perfvisualbenchmark.obj
C:\GabeModPlus\src\game\client\Release_hl2mp\physics.obj
C:\GabeModPlus\src\game\client\Release_hl2mp\physics_main_client.obj
C:\GabeModPlus\src\game\client\Release_hl2mp\physics_main_shared.obj
C:\GabeModPlus\src\game\client\Release_hl2mp\physics_saverestore.obj
C:\GabeModPlus\src\game\client\Release_hl2mp\physics_shared.obj
C:\GabeModPlus\src\game\client\Release_hl2mp\physpropclientside.obj
C:\GabeModPlus\src\game\client\Release_hl2mp\playerandobjectenumerator.obj
C:\GabeModPlus\src\game\client\Release_hl2mp\point_bonusmaps_accessor.obj
C:\GabeModPlus\src\game\client\Release_hl2mp\point_posecontroller.obj
C:\GabeModPlus\src\game\client\Release_hl2mp\posedebugger.obj
C:\GabeModPlus\src\game\client\Release_hl2mp\precache_register.obj
C:\GabeModPlus\src\game\client\Release_hl2mp\predictableid.obj
C:\GabeModPlus\src\game\client\Release_hl2mp\predicted_viewmodel.obj
C:\GabeModPlus\src\game\client\Release_hl2mp\prediction.obj
C:\GabeModPlus\src\game\client\Release_hl2mp\predictioncopy.obj
C:\GabeModPlus\src\game\client\Release_hl2mp\props_shared.obj
C:\GabeModPlus\src\game\client\Release_hl2mp\proxyentity.obj
C:\GabeModPlus\src\game\client\Release_hl2mp\ProxyHealth.obj
C:\GabeModPlus\src\game\client\Release_hl2mp\proxyplayer.obj
C:\GabeModPlus\src\game\client\Release_hl2mp\proxypupil.obj
C:\GabeModPlus\src\game\client\Release_hl2mp\ragdoll.obj
C:\GabeModPlus\src\game\client\Release_hl2mp\ragdoll_shared.obj
C:\GabeModPlus\src\game\client\Release_hl2mp\randoverride.obj
C:\GabeModPlus\src\game\client\Release_hl2mp\recvproxy.obj
C:\GabeModPlus\src\game\client\Release_hl2mp\rendertexture.obj
C:\GabeModPlus\src\game\client\Release_hl2mp\rope_helpers.obj
C:\GabeModPlus\src\game\client\Release_hl2mp\rope_physics.obj
C:\GabeModPlus\src\game\client\Release_hl2mp\saverestore.obj
C:\GabeModPlus\src\game\client\Release_hl2mp\sceneentity_shared.obj
C:\GabeModPlus\src\game\client\Release_hl2mp\scratchpad3d.obj
C:\GabeModPlus\src\game\client\Release_hl2mp\ScratchPadUtils.obj
C:\GabeModPlus\src\game\client\Release_hl2mp\ScreenSpaceEffects.obj
C:\GabeModPlus\src\game\client\Release_hl2mp\script_intro_shared.obj
C:\GabeModPlus\src\game\client\Release_hl2mp\sentence.obj
C:\GabeModPlus\src\game\client\Release_hl2mp\sequence_Transitioner.obj
C:\GabeModPlus\src\game\client\Release_hl2mp\sheetsimulator.obj
C:\GabeModPlus\src\game\client\Release_hl2mp\shieldproxy.obj
C:\GabeModPlus\src\game\client\Release_hl2mp\simple_keys.obj
C:\GabeModPlus\src\game\client\Release_hl2mp\simple_physics.obj
C:\GabeModPlus\src\game\client\Release_hl2mp\simtimer.obj
C:\GabeModPlus\src\game\client\Release_hl2mp\singleplay_gamerules.obj
C:\GabeModPlus\src\game\client\Release_hl2mp\smoke_fog_overlay.obj
C:\GabeModPlus\src\game\client\Release_hl2mp\SoundEmitterSystem.obj
C:\GabeModPlus\src\game\client\Release_hl2mp\soundenvelope.obj
C:\GabeModPlus\src\game\client\Release_hl2mp\SoundParametersInternal.obj
C:\GabeModPlus\src\game\client\Release_hl2mp\SpectatorGUI.obj
C:\GabeModPlus\src\game\client\Release_hl2mp\splinepatch.obj
C:\GabeModPlus\src\game\client\Release_hl2mp\Sprite.obj
C:\GabeModPlus\src\game\client\Release_hl2mp\spritemodel.obj
C:\GabeModPlus\src\game\client\Release_hl2mp\SpriteTrail.obj
C:\GabeModPlus\src\game\client\Release_hl2mp\stdafx.obj
C:\GabeModPlus\src\game\client\Release_hl2mp\stringregistry.obj
C:\GabeModPlus\src\game\client\Release_hl2mp\studio.obj
C:\GabeModPlus\src\game\client\Release_hl2mp\studio_shared.obj
C:\GabeModPlus\src\game\client\Release_hl2mp\takedamageinfo.obj
C:\GabeModPlus\src\game\client\Release_hl2mp\teammenu.obj
C:\GabeModPlus\src\game\client\Release_hl2mp\teamplay_gamerules.obj
C:\GabeModPlus\src\game\client\Release_hl2mp\test_ehandle.obj
C:\GabeModPlus\src\game\client\Release_hl2mp\texturescrollmaterialproxy.obj
C:\GabeModPlus\src\game\client\Release_hl2mp\text_message.obj
C:\GabeModPlus\src\game\client\Release_hl2mp\timematerialproxy.obj
C:\GabeModPlus\src\game\client\Release_hl2mp\toggletextureproxy.obj
C:\GabeModPlus\src\game\client\Release_hl2mp\toolframework_client.obj
C:\GabeModPlus\src\game\client\Release_hl2mp\train.obj
C:\GabeModPlus\src\game\client\Release_hl2mp\usercmd.obj
C:\GabeModPlus\src\game\client\Release_hl2mp\usermessages.obj
C:\GabeModPlus\src\game\client\Release_hl2mp\util_shared.obj
C:\GabeModPlus\src\game\client\Release_hl2mp\vallocator.obj
C:\GabeModPlus\src\game\client\Release_hl2mp\vehicle_viewblend_shared.obj
C:\GabeModPlus\src\game\client\Release_hl2mp\vguitextwindow.obj
C:\GabeModPlus\src\game\client\Release_hl2mp\vgui_avatarimage.obj
C:\GabeModPlus\src\game\client\Release_hl2mp\vgui_basepanel.obj
C:\GabeModPlus\src\game\client\Release_hl2mp\vgui_bitmapbutton.obj
C:\GabeModPlus\src\game\client\Release_hl2mp\vgui_bitmapimage.obj
C:\GabeModPlus\src\game\client\Release_hl2mp\vgui_bitmappanel.obj
C:\GabeModPlus\src\game\client\Release_hl2mp\vgui_centerstringpanel.obj
C:\GabeModPlus\src\game\client\Release_hl2mp\vgui_consolepanel.obj
C:\GabeModPlus\src\game\client\Release_hl2mp\vgui_controls.obj
C:\GabeModPlus\src\game\client\Release_hl2mp\vgui_debugoverlaypanel.obj
C:\GabeModPlus\src\game\client\Release_hl2mp\vgui_fpspanel.obj
C:\GabeModPlus\src\game\client\Release_hl2mp\vgui_game_viewport.obj
C:\GabeModPlus\src\game\client\Release_hl2mp\vgui_grid.obj
C:\GabeModPlus\src\game\client\Release_hl2mp\vgui_int.obj
C:\GabeModPlus\src\game\client\Release_hl2mp\vgui_loadingdiscpanel.obj
C:\GabeModPlus\src\game\client\Release_hl2mp\vgui_messagechars.obj
C:\GabeModPlus\src\game\client\Release_hl2mp\vgui_netgraphpanel.obj
C:\GabeModPlus\src\game\client\Release_hl2mp\vgui_rootpanel_hl2.obj
C:\GabeModPlus\src\game\client\Release_hl2mp\vgui_slideshow_display_screen.obj
C:\GabeModPlus\src\game\client\Release_hl2mp\view.obj
C:\GabeModPlus\src\game\client\Release_hl2mp\viewangleanim.obj
C:\GabeModPlus\src\game\client\Release_hl2mp\ViewConeImage.obj
C:\GabeModPlus\src\game\client\Release_hl2mp\viewdebug.obj
C:\GabeModPlus\src\game\client\Release_hl2mp\viewpostprocess.obj
C:\GabeModPlus\src\game\client\Release_hl2mp\viewrender.obj
C:\GabeModPlus\src\game\client\Release_hl2mp\view_beams.obj
C:\GabeModPlus\src\game\client\Release_hl2mp\view_effects.obj
C:\GabeModPlus\src\game\client\Release_hl2mp\view_scene.obj
C:\GabeModPlus\src\game\client\Release_hl2mp\voice_banmgr.obj
C:\GabeModPlus\src\game\client\Release_hl2mp\voice_status.obj
C:\GabeModPlus\src\game\client\Release_hl2mp\warp_overlay.obj
C:\GabeModPlus\src\game\client\Release_hl2mp\WaterLODMaterialProxy.obj
C:\GabeModPlus\src\game\client\Release_hl2mp\weapons_resource.obj
C:\GabeModPlus\src\game\client\Release_hl2mp\weapon_357.obj
C:\GabeModPlus\src\game\client\Release_hl2mp\weapon_ar2.obj
C:\GabeModPlus\src\game\client\Release_hl2mp\weapon_crossbow.obj
C:\GabeModPlus\src\game\client\Release_hl2mp\weapon_crowbar.obj
C:\GabeModPlus\src\game\client\Release_hl2mp\weapon_frag.obj
C:\GabeModPlus\src\game\client\Release_hl2mp\weapon_hl2mpbase.obj
C:\GabeModPlus\src\game\client\Release_hl2mp\weapon_hl2mpbasebasebludgeon.obj
C:\GabeModPlus\src\game\client\Release_hl2mp\weapon_hl2mpbasehlmpcombatweapon.obj
C:\GabeModPlus\src\game\client\Release_hl2mp\weapon_hl2mpbase_machinegun.obj
C:\GabeModPlus\src\game\client\Release_hl2mp\weapon_parse.obj
C:\GabeModPlus\src\game\client\Release_hl2mp\weapon_physcannon.obj
C:\GabeModPlus\src\game\client\Release_hl2mp\weapon_pistol.obj
C:\GabeModPlus\src\game\client\Release_hl2mp\weapon_rpg.obj
C:\GabeModPlus\src\game\client\Release_hl2mp\weapon_selection.obj
C:\GabeModPlus\src\game\client\Release_hl2mp\weapon_shotgun.obj
C:\GabeModPlus\src\game\client\Release_hl2mp\weapon_slam.obj
C:\GabeModPlus\src\game\client\Release_hl2mp\weapon_smg1.obj
C:\GabeModPlus\src\game\client\Release_hl2mp\weapon_stunstick.obj
C:\GabeModPlus\src\game\client\Release_hl2mp\WorldDimsProxy.obj
C:\GabeModPlus\src\game\client\Release_hl2mp\CL.10100.read.1.tlog
C:\GabeModPlus\src\game\client\Release_hl2mp\CL.10100.write.1.tlog
C:\GabeModPlus\src\game\client\Release_hl2mp\CL.11592.read.1.tlog
C:\GabeModPlus\src\game\client\Release_hl2mp\CL.11592.write.1.tlog
C:\GabeModPlus\src\game\client\Release_hl2mp\CL.11632.read.1.tlog
C:\GabeModPlus\src\game\client\Release_hl2mp\CL.11632.write.1.tlog
C:\GabeModPlus\src\game\client\Release_hl2mp\CL.13264.read.1.tlog
C:\GabeModPlus\src\game\client\Release_hl2mp\CL.13264.write.1.tlog
C:\GabeModPlus\src\game\client\Release_hl2mp\CL.14016.read.1.tlog
C:\GabeModPlus\src\game\client\Release_hl2mp\CL.14016.write.1.tlog
C:\GabeModPlus\src\game\client\Release_hl2mp\CL.14356.read.1.tlog
C:\GabeModPlus\src\game\client\Release_hl2mp\CL.14356.write.1.tlog
C:\GabeModPlus\src\game\client\Release_hl2mp\CL.16408.read.1.tlog
C:\GabeModPlus\src\game\client\Release_hl2mp\CL.16408.write.1.tlog
C:\GabeModPlus\src\game\client\Release_hl2mp\CL.16580.read.1.tlog
C:\GabeModPlus\src\game\client\Release_hl2mp\CL.16580.write.1.tlog
C:\GabeModPlus\src\game\client\Release_hl2mp\CL.16824.read.1.tlog
C:\GabeModPlus\src\game\client\Release_hl2mp\CL.16824.write.1.tlog
C:\GabeModPlus\src\game\client\Release_hl2mp\CL.17064.read.1.tlog
C:\GabeModPlus\src\game\client\Release_hl2mp\CL.17064.write.1.tlog
C:\GabeModPlus\src\game\client\Release_hl2mp\CL.17700.read.1.tlog
C:\GabeModPlus\src\game\client\Release_hl2mp\CL.17700.write.1.tlog
C:\GabeModPlus\src\game\client\Release_hl2mp\CL.17740.read.1.tlog
C:\GabeModPlus\src\game\client\Release_hl2mp\CL.17740.write.1.tlog
C:\GabeModPlus\src\game\client\Release_hl2mp\CL.18072.read.1.tlog
C:\GabeModPlus\src\game\client\Release_hl2mp\CL.18072.write.1.tlog
C:\GabeModPlus\src\game\client\Release_hl2mp\CL.18208.read.1.tlog
C:\GabeModPlus\src\game\client\Release_hl2mp\CL.18208.write.1.tlog
C:\GabeModPlus\src\game\client\Release_hl2mp\CL.20616.read.1.tlog
C:\GabeModPlus\src\game\client\Release_hl2mp\CL.20616.write.1.tlog
C:\GabeModPlus\src\game\client\Release_hl2mp\CL.20812.read.1.tlog
C:\GabeModPlus\src\game\client\Release_hl2mp\CL.20812.write.1.tlog
C:\GabeModPlus\src\game\client\Release_hl2mp\CL.21416.read.1.tlog
C:\GabeModPlus\src\game\client\Release_hl2mp\CL.21416.write.1.tlog
C:\GabeModPlus\src\game\client\Release_hl2mp\CL.21880.read.1.tlog
C:\GabeModPlus\src\game\client\Release_hl2mp\CL.21880.write.1.tlog
C:\GabeModPlus\src\game\client\Release_hl2mp\CL.22004.read.1.tlog
C:\GabeModPlus\src\game\client\Release_hl2mp\CL.22004.write.1.tlog
C:\GabeModPlus\src\game\client\Release_hl2mp\CL.22992.read.1.tlog
C:\GabeModPlus\src\game\client\Release_hl2mp\CL.22992.write.1.tlog
C:\GabeModPlus\src\game\client\Release_hl2mp\CL.22996.read.1.tlog
C:\GabeModPlus\src\game\client\Release_hl2mp\CL.22996.write.1.tlog
C:\GabeModPlus\src\game\client\Release_hl2mp\CL.23004.read.1.tlog
C:\GabeModPlus\src\game\client\Release_hl2mp\CL.23004.write.1.tlog
C:\GabeModPlus\src\game\client\Release_hl2mp\CL.2500.read.1.tlog
C:\GabeModPlus\src\game\client\Release_hl2mp\CL.2500.write.1.tlog
C:\GabeModPlus\src\game\client\Release_hl2mp\CL.3040.read.1.tlog
C:\GabeModPlus\src\game\client\Release_hl2mp\CL.3040.write.1.tlog
C:\GabeModPlus\src\game\client\Release_hl2mp\CL.3944.read.1.tlog
C:\GabeModPlus\src\game\client\Release_hl2mp\CL.3944.write.1.tlog
C:\GabeModPlus\src\game\client\Release_hl2mp\CL.416.read.1.tlog
C:\GabeModPlus\src\game\client\Release_hl2mp\CL.416.write.1.tlog
C:\GabeModPlus\src\game\client\Release_hl2mp\CL.6312.read.1.tlog
C:\GabeModPlus\src\game\client\Release_hl2mp\CL.6312.write.1.tlog
C:\GabeModPlus\src\game\client\Release_hl2mp\CL.6876.read.1.tlog
C:\GabeModPlus\src\game\client\Release_hl2mp\CL.6876.write.1.tlog
C:\GabeModPlus\src\game\client\Release_hl2mp\CL.7320.read.1.tlog
C:\GabeModPlus\src\game\client\Release_hl2mp\CL.7320.write.1.tlog
C:\GabeModPlus\src\game\client\Release_hl2mp\CL.7612.read.1.tlog
C:\GabeModPlus\src\game\client\Release_hl2mp\CL.7612.write.1.tlog
C:\GabeModPlus\src\game\client\Release_hl2mp\CL.8468.read.1.tlog
C:\GabeModPlus\src\game\client\Release_hl2mp\CL.8468.write.1.tlog
C:\GabeModPlus\src\game\client\Release_hl2mp\CL.9700.read.1.tlog
C:\GabeModPlus\src\game\client\Release_hl2mp\CL.9700.write.1.tlog
C:\GabeModPlus\src\game\client\Release_hl2mp\CL.9912.read.1.tlog
C:\GabeModPlus\src\game\client\Release_hl2mp\CL.9912.write.1.tlog
C:\GabeModPlus\src\game\client\Release_hl2mp\cl.command.1.tlog
C:\GabeModPlus\src\game\client\Release_hl2mp\CL.read.1.tlog
C:\GabeModPlus\src\game\client\Release_hl2mp\CL.read.10.tlog
C:\GabeModPlus\src\game\client\Release_hl2mp\CL.read.11.tlog
C:\GabeModPlus\src\game\client\Release_hl2mp\CL.read.12.tlog
C:\GabeModPlus\src\game\client\Release_hl2mp\CL.read.2.tlog
C:\GabeModPlus\src\game\client\Release_hl2mp\CL.read.3.tlog
C:\GabeModPlus\src\game\client\Release_hl2mp\CL.read.4.tlog
C:\GabeModPlus\src\game\client\Release_hl2mp\CL.read.5.tlog
C:\GabeModPlus\src\game\client\Release_hl2mp\CL.read.6.tlog
C:\GabeModPlus\src\game\client\Release_hl2mp\CL.read.7.tlog
C:\GabeModPlus\src\game\client\Release_hl2mp\CL.read.8.tlog
C:\GabeModPlus\src\game\client\Release_hl2mp\CL.read.9.tlog
C:\GabeModPlus\src\game\client\Release_hl2mp\CL.write.1.tlog
C:\GabeModPlus\src\game\client\Release_hl2mp\Client HL2MP.write.1.tlog
C:\GabeModPlus\src\game\client\Release_hl2mp\link.command.1.tlog
C:\GabeModPlus\src\game\client\Release_hl2mp\link.read.1.tlog
C:\GabeModPlus\src\game\client\Release_hl2mp\link.write.1.tlog
C:\GabeModPlus\src\game\client\Release_hl2mp\client.pch
C:\GabeModPlus\src\game\client\Release_hl2mp\Client.exp
C:\GabeModPlus\src\game\client\Release_hl2mp\Client HL2MP.pdb
C:\GabeModPlus\src\game\client\Release_hl2mp\vc110.pdb
