C:\GABEMODPLUS\SRC\GABE_LUA515\RELEASE\LPARSER.OBJ
C:\GABEMODPLUS\SRC\GABE_LUA515\RELEASE\LOSLIB.OBJ
C:\GABEMODPLUS\SRC\GABE_LUA515\RELEASE\LOPCODES.OBJ
C:\GABEMODPLUS\SRC\GABE_LUA515\RELEASE\LOBJECT.OBJ
C:\GABEMODPLUS\SRC\GABE_LUA515\RELEASE\LOADLIB.OBJ
C:\GABEMODPLUS\SRC\GABE_LUA515\RELEASE\LMEM.OBJ
C:\GABEMODPLUS\SRC\GABE_LUA515\RELEASE\LMATHLIB.OBJ
C:\GABEMODPLUS\SRC\GABE_LUA515\RELEASE\LLEX.OBJ
C:\GABEMODPLUS\SRC\GABE_LUA515\RELEASE\LIOLIB.OBJ
C:\GABEMODPLUS\SRC\GABE_LUA515\RELEASE\LINIT.OBJ
C:\GABEMODPLUS\SRC\GABE_LUA515\RELEASE\LGC.OBJ
C:\GABEMODPLUS\SRC\GABE_LUA515\RELEASE\LFUNC.OBJ
C:\GABEMODPLUS\SRC\GABE_LUA515\RELEASE\LDUMP.OBJ
C:\GABEMODPLUS\SRC\GABE_LUA515\RELEASE\LDO.OBJ
C:\GABEMODPLUS\SRC\GABE_LUA515\RELEASE\LDEBUG.OBJ
C:\GABEMODPLUS\SRC\GABE_LUA515\RELEASE\LDBLIB.OBJ
C:\GABEMODPLUS\SRC\GABE_LUA515\RELEASE\LCODE.OBJ
C:\GABEMODPLUS\SRC\GABE_LUA515\RELEASE\LBASELIB.OBJ
C:\GABEMODPLUS\SRC\GABE_LUA515\RELEASE\LAUXLIB.OBJ
C:\GABEMODPLUS\SRC\GABE_LUA515\RELEASE\LAPI.OBJ
C:\GABEMODPLUS\SRC\GABE_LUA515\RELEASE\WMAIN.OBJ
C:\GABEMODPLUS\SRC\GABE_LUA515\RELEASE\PRINT.OBJ
C:\GABEMODPLUS\SRC\GABE_LUA515\RELEASE\LZIO.OBJ
C:\GABEMODPLUS\SRC\GABE_LUA515\RELEASE\LVM.OBJ
C:\GABEMODPLUS\SRC\GABE_LUA515\RELEASE\LUNDUMP.OBJ
C:\GABEMODPLUS\SRC\GABE_LUA515\RELEASE\LUAC.OBJ
C:\GABEMODPLUS\SRC\GABE_LUA515\RELEASE\LUA.OBJ
C:\GABEMODPLUS\SRC\GABE_LUA515\RELEASE\LTM.OBJ
C:\GABEMODPLUS\SRC\GABE_LUA515\RELEASE\LTABLIB.OBJ
C:\GABEMODPLUS\SRC\GABE_LUA515\RELEASE\LTABLE.OBJ
C:\GABEMODPLUS\SRC\GABE_LUA515\RELEASE\LSTRLIB.OBJ
C:\GABEMODPLUS\SRC\GABE_LUA515\RELEASE\LSTRING.OBJ
C:\GABEMODPLUS\SRC\GABE_LUA515\RELEASE\LSTATE.OBJ
C:\GABEMODPLUS\SRC\GABE_LUA515\RELEASE\VC110.PDB
C:\GABEMODPLUS\SRC\RELEASE\GABE_LUA515.LIB
C:\GabeModPlus\src\gabe_lua515\Release\lapi.obj
C:\GabeModPlus\src\gabe_lua515\Release\lauxlib.obj
C:\GabeModPlus\src\gabe_lua515\Release\lbaselib.obj
C:\GabeModPlus\src\gabe_lua515\Release\lcode.obj
C:\GabeModPlus\src\gabe_lua515\Release\ldblib.obj
C:\GabeModPlus\src\gabe_lua515\Release\ldebug.obj
C:\GabeModPlus\src\gabe_lua515\Release\ldo.obj
C:\GabeModPlus\src\gabe_lua515\Release\ldump.obj
C:\GabeModPlus\src\gabe_lua515\Release\lfunc.obj
C:\GabeModPlus\src\gabe_lua515\Release\lgc.obj
C:\GabeModPlus\src\gabe_lua515\Release\linit.obj
C:\GabeModPlus\src\gabe_lua515\Release\liolib.obj
C:\GabeModPlus\src\gabe_lua515\Release\llex.obj
C:\GabeModPlus\src\gabe_lua515\Release\lmathlib.obj
C:\GabeModPlus\src\gabe_lua515\Release\lmem.obj
C:\GabeModPlus\src\gabe_lua515\Release\loadlib.obj
C:\GabeModPlus\src\gabe_lua515\Release\lobject.obj
C:\GabeModPlus\src\gabe_lua515\Release\lopcodes.obj
C:\GabeModPlus\src\gabe_lua515\Release\loslib.obj
C:\GabeModPlus\src\gabe_lua515\Release\lparser.obj
C:\GabeModPlus\src\gabe_lua515\Release\lstate.obj
C:\GabeModPlus\src\gabe_lua515\Release\lstring.obj
C:\GabeModPlus\src\gabe_lua515\Release\lstrlib.obj
C:\GabeModPlus\src\gabe_lua515\Release\ltable.obj
C:\GabeModPlus\src\gabe_lua515\Release\ltablib.obj
C:\GabeModPlus\src\gabe_lua515\Release\ltm.obj
C:\GabeModPlus\src\gabe_lua515\Release\lua.obj
C:\GabeModPlus\src\gabe_lua515\Release\luac.obj
C:\GabeModPlus\src\gabe_lua515\Release\lundump.obj
C:\GabeModPlus\src\gabe_lua515\Release\lvm.obj
C:\GabeModPlus\src\gabe_lua515\Release\lzio.obj
C:\GabeModPlus\src\gabe_lua515\Release\print.obj
C:\GabeModPlus\src\gabe_lua515\Release\wmain.obj
C:\GabeModPlus\src\gabe_lua515\Release\cl.command.1.tlog
C:\GabeModPlus\src\gabe_lua515\Release\CL.read.1.tlog
C:\GabeModPlus\src\gabe_lua515\Release\CL.write.1.tlog
C:\GabeModPlus\src\gabe_lua515\Release\Lib-link.read.1.tlog
C:\GabeModPlus\src\gabe_lua515\Release\Lib-link.write.1.tlog
C:\GabeModPlus\src\gabe_lua515\Release\lib.command.1.tlog
C:\GabeModPlus\src\gabe_lua515\Release\Lib.read.1.tlog
C:\GabeModPlus\src\gabe_lua515\Release\vc110.pdb
C:\GabeModPlus\src\Release\gabe_lua515.lib
