Build started 1/10/2026 10:50:19 PM.
     1>Project "C:\GabeModPlus\src\gabe_lua515\gabe_lua515.vcxproj" on node 4 (Rebuild target(s)).
     1>ClCompile:
         D:\Program Files (x86)\Microsoft Visual Studio 11.0\VC\bin\CL.exe /c /Zi /nologo /W3 /WX- /sdl /O2 /Oi /Oy- /GL /D WIN32 /D NDEBUG /D _LIB /D _CRT_SECURE_NO_WARNINGS /D _UNICODE /D UNICODE /Gm- /EHsc /MT /GS /Gy /fp:precise /Zc:wchar_t /Zc:forScope /Fo"Release\\" /Fd"Release\vc110.pdb" /Gd /TC /analyze- /errorReport:prompt lapi.c lauxlib.c lbaselib.c lcode.c ldblib.c ldebug.c ldo.c ldump.c lfunc.c lgc.c linit.c liolib.c llex.c lmathlib.c lmem.c loadlib.c lobject.c lopcodes.c loslib.c lparser.c lstate.c lstring.c lstrlib.c ltable.c ltablib.c ltm.c lua.c luac.c lundump.c lvm.c lzio.c print.c wmain.c
         lapi.c
         lauxlib.c
         lbaselib.c
         lcode.c
         ldblib.c
         ldebug.c
         ldo.c
         ldump.c
         lfunc.c
         lgc.c
         linit.c
         liolib.c
         llex.c
         lmathlib.c
         lmem.c
         loadlib.c
         lobject.c
         lopcodes.c
         loslib.c
         lparser.c
         Compiling...
         lstate.c
         lstring.c
         lstrlib.c
         ltable.c
         ltablib.c
         ltm.c
         lua.c
         luac.c
         lundump.c
         lvm.c
         lzio.c
         print.c
         wmain.c
       Lib:
         D:\Program Files (x86)\Microsoft Visual Studio 11.0\VC\bin\Lib.exe /OUT:"C:\GabeModPlus\src\Release\gabe_lua515.lib" /NOLOGO /LTCG Release\lapi.obj
         Release\lauxlib.obj
         Release\lbaselib.obj
         Release\lcode.obj
         Release\ldblib.obj
         Release\ldebug.obj
         Release\ldo.obj
         Release\ldump.obj
         Release\lfunc.obj
         Release\lgc.obj
         Release\linit.obj
         Release\liolib.obj
         Release\llex.obj
         Release\lmathlib.obj
         Release\lmem.obj
         Release\loadlib.obj
         Release\lobject.obj
         Release\lopcodes.obj
         Release\loslib.obj
         Release\lparser.obj
         Release\lstate.obj
         Release\lstring.obj
         Release\lstrlib.obj
         Release\ltable.obj
         Release\ltablib.obj
         Release\ltm.obj
         Release\lua.obj
         Release\luac.obj
         Release\lundump.obj
         Release\lvm.obj
         Release\lzio.obj
         Release\print.obj
         Release\wmain.obj
     1>lua.obj : warning LNK4006: _main already defined in luac.obj; second definition ignored
         gabe_lua515.vcxproj -> C:\GabeModPlus\src\Release\gabe_lua515.lib
     1>Done Building Project "C:\GabeModPlus\src\gabe_lua515\gabe_lua515.vcxproj" (Rebuild target(s)).

Build succeeded.

Time Elapsed 00:00:04.84
